Log file open, 12/21/21 02:44:20
LogWindows: Failed to load 'aqProf.dll' (GetLastError=126)
LogWindows: File 'aqProf.dll' does not exist
LogWindows: Failed to load 'VtuneApi.dll' (GetLastError=126)
LogWindows: File 'VtuneApi.dll' does not exist
LogWindows: Failed to load 'VtuneApi32e.dll' (GetLastError=126)
LogWindows: File 'VtuneApi32e.dll' does not exist
LogConsoleResponse: Display: Failed to find resolution value strings in scalability ini. Falling back to default.
LogConsoleResponse: Display: Failed to find resolution value strings in scalability ini. Falling back to default.
LogInit: Display: Running engine for game: TimeLoopers
LogPlatformFile: Not using cached read wrapper
LogTaskGraph: Started task graph with 5 named threads and 35 total threads with 3 sets of task threads.
LogStats: Stats thread started at 0.204641
LogICUInternationalization: ICU TimeZone Detection - Raw Offset: +0:00, Platform Override: ''
LogInit: Display: Loading text-based GConfig....
LogPluginManager: Mounting plugin MeshPainting
LogPluginManager: Mounting plugin XGEController
LogPluginManager: Mounting plugin Paper2D
LogPluginManager: Mounting plugin EnvironmentQueryEditor
LogPluginManager: Mounting plugin AISupport
LogPluginManager: Mounting plugin LiveLink
LogPluginManager: Mounting plugin LightPropagationVolume
LogPluginManager: Mounting plugin CameraShakePreviewer
LogPluginManager: Mounting plugin GameplayCameras
LogPluginManager: Mounting plugin OodleNetwork
LogPluginManager: Mounting plugin OodleData
LogPluginManager: Mounting plugin GitSourceControl
LogPluginManager: Mounting plugin KDevelopSourceCodeAccess
LogPluginManager: Mounting plugin AnimationSharing
LogPluginManager: Mounting plugin CodeLiteSourceCodeAccess
LogPluginManager: Mounting plugin CLionSourceCodeAccess
LogPluginManager: Mounting plugin NullSourceCodeAccess
LogPluginManager: Mounting plugin PerforceSourceControl
LogPluginManager: Mounting plugin PlasticSourceControl
LogPluginManager: Mounting plugin PixWinPlugin
LogPluginManager: Mounting plugin PluginUtils
LogPluginManager: Mounting plugin PropertyAccessNode
LogPluginManager: Mounting plugin SubversionSourceControl
LogPluginManager: Mounting plugin TextureFormatOodle
LogPluginManager: Mounting plugin UObjectPlugin
LogPluginManager: Mounting plugin DatasmithContent
LogPluginManager: Mounting plugin VisualStudioCodeSourceCodeAccess
LogPluginManager: Mounting plugin VisualStudioSourceCodeAccess
LogPluginManager: Mounting plugin XCodeSourceCodeAccess
LogPluginManager: Mounting plugin VariantManagerContent
LogPluginManager: Mounting plugin Niagara
LogPluginManager: Mounting plugin AlembicImporter
LogPluginManager: Mounting plugin BackChannel
LogPluginManager: Mounting plugin AutomationUtils
LogPluginManager: Mounting plugin ChaosCloth
LogPluginManager: Mounting plugin ChaosClothEditor
LogPluginManager: Mounting plugin ChaosEditor
LogPluginManager: Mounting plugin ChaosNiagara
LogPluginManager: Mounting plugin ChaosSolverPlugin
LogPluginManager: Mounting plugin CharacterAI
LogPluginManager: Mounting plugin RiderSourceCodeAccess
LogPluginManager: Mounting plugin LuminPlatformFeatures
LogPluginManager: Mounting plugin MagicLeap
LogPluginManager: Mounting plugin MagicLeapMedia
LogPluginManager: Mounting plugin MagicLeapLightEstimation
LogPluginManager: Mounting plugin MagicLeapPassableWorld
LogPluginManager: Mounting plugin ActorSequence
LogPluginManager: Mounting plugin MLSDK
LogPluginManager: Mounting plugin LevelSequenceEditor
LogPluginManager: Mounting plugin MatineeToLevelSequence
LogPluginManager: Mounting plugin TemplateSequence
LogPluginManager: Mounting plugin GeometryCache
LogPluginManager: Mounting plugin GeometryProcessing
LogPluginManager: Mounting plugin GeometryCollectionPlugin
LogPluginManager: Mounting plugin MotoSynth
LogPluginManager: Mounting plugin OpenImageDenoise
LogPluginManager: Mounting plugin PlanarCut
LogPluginManager: Mounting plugin PlatformCrypto
LogPluginManager: Mounting plugin ProxyLODPlugin
LogPluginManager: Mounting plugin PythonScriptPlugin
LogPluginManager: Mounting plugin LowPolyCore
LogPluginManager: Mounting plugin LPSPSample
LogPluginManager: Mounting plugin TcpMessaging
LogPluginManager: Mounting plugin SkeletalReduction
LogPluginManager: Mounting plugin UdpMessaging
LogPluginManager: Mounting plugin AndroidMedia
LogPluginManager: Mounting plugin AvfMedia
LogPluginManager: Mounting plugin ImgMedia
LogPluginManager: Mounting plugin MediaCompositing
LogPluginManager: Mounting plugin MediaPlayerEditor
LogPluginManager: Mounting plugin WebMMedia
LogPluginManager: Mounting plugin WmfMedia
LogPluginManager: Mounting plugin LauncherChunkInstaller
LogPluginManager: Mounting plugin OnlineSubsystem
LogPluginManager: Mounting plugin OnlineSubsystemNull
LogPluginManager: Mounting plugin OnlineSubsystemUtils
LogPluginManager: Mounting plugin ActorLayerUtilities
LogPluginManager: Mounting plugin AndroidDeviceProfileSelector
LogPluginManager: Mounting plugin AndroidMoviePlayer
LogPluginManager: Mounting plugin AndroidPermission
LogPluginManager: Mounting plugin AppleImageUtils
LogPluginManager: Mounting plugin AppleMoviePlayer
LogPluginManager: Mounting plugin ArchVisCharacter
LogPluginManager: Mounting plugin AudioCapture
LogPluginManager: Mounting plugin AssetTags
LogPluginManager: Mounting plugin AudioSynesthesia
LogPluginManager: Mounting plugin CableComponent
LogPluginManager: Mounting plugin ChunkDownloader
LogPluginManager: Mounting plugin CustomMeshComponent
LogPluginManager: Mounting plugin EditableMesh
LogPluginManager: Mounting plugin ExampleDeviceProfileSelector
LogPluginManager: Mounting plugin ScreenshotTools
LogPluginManager: Mounting plugin GoogleCloudMessaging
LogPluginManager: Mounting plugin GooglePAD
LogPluginManager: Mounting plugin IOSDeviceProfileSelector
LogPluginManager: Mounting plugin LinuxDeviceProfileSelector
LogPluginManager: Mounting plugin LocationServicesBPLibrary
LogPluginManager: Mounting plugin MobilePatchingUtils
LogPluginManager: Mounting plugin OpenXR
LogPluginManager: Mounting plugin OpenXREyeTracker
LogPluginManager: Mounting plugin OpenXRHandTracking
LogPluginManager: Mounting plugin PhysXVehicles
LogPluginManager: Mounting plugin PostSplashScreen
LogPluginManager: Mounting plugin ProceduralMeshComponent
LogPluginManager: Mounting plugin Takes
LogPluginManager: Mounting plugin PropertyAccessEditor
LogPluginManager: Mounting plugin RuntimePhysXCooking
LogPluginManager: Mounting plugin SignificanceManager
LogPluginManager: Mounting plugin SoundFields
LogPluginManager: Mounting plugin Synthesis
LogPluginManager: Mounting plugin WebMMoviePlayer
LogPluginManager: Mounting plugin WindowsMoviePlayer
LogPluginManager: Mounting plugin AssetManagerEditor
LogPluginManager: Mounting plugin CryptoKeys
LogPluginManager: Mounting plugin DataValidation
LogPluginManager: Mounting plugin CurveEditorTools
LogPluginManager: Mounting plugin FacialAnimation
LogPluginManager: Mounting plugin GameplayTagsEditor
LogPluginManager: Mounting plugin GeometryMode
LogPluginManager: Mounting plugin MaterialAnalyzer
LogPluginManager: Mounting plugin MacGraphicsSwitching
LogPluginManager: Mounting plugin MobileLauncherProfileWizard
LogPluginManager: Mounting plugin PluginBrowser
LogPluginManager: Mounting plugin SpeedTreeImporter
LogPluginManager: Mounting plugin OnlineSubsystemGooglePlay
LogPluginManager: Mounting plugin OnlineSubsystemIOS
LogPluginManager: Mounting plugin OculusVR
LogPluginManager: Mounting plugin SteamVR
LogPluginManager: Mounting plugin ContentBrowserAssetDataSource
LogPluginManager: Mounting plugin ContentBrowserClassDataSource
LogPluginManager: Mounting plugin ContentBrowserFileDataSource
PixWinPlugin: PIX capture plugin failed to initialize! Check that the process is launched from PIX.
LogInit: Using libcurl 7.55.1-DEV
LogInit:  - built for x86_64-pc-win32
LogInit:  - supports SSL with OpenSSL/1.1.1
LogInit:  - supports HTTP deflate (compression) using libz 1.2.8
LogInit:  - other features:
LogInit:      CURL_VERSION_SSL
LogInit:      CURL_VERSION_LIBZ
LogInit:      CURL_VERSION_IPV6
LogInit:      CURL_VERSION_ASYNCHDNS
LogInit:      CURL_VERSION_LARGEFILE
LogInit:      CURL_VERSION_IDN
LogInit:  CurlRequestOptions (configurable via config and command line):
LogInit:  - bVerifyPeer = true  - Libcurl will verify peer certificate
LogInit:  - bUseHttpProxy = false  - Libcurl will NOT use HTTP proxy
LogInit:  - bDontReuseConnections = false  - Libcurl will reuse connections
LogInit:  - MaxHostConnections = 16  - Libcurl will limit the number of connections to a host
LogInit:  - LocalHostAddr = Default
LogInit:  - BufferSize = 65536
LogOnline: OSS: Creating online subsystem instance for: NULL
LogInit: WinSock: version 1.1 (2.2), MaxSocks=32767, MaxUdp=65467
LogOnline: OSS: TryLoadSubsystemAndSetDefault: Loaded subsystem for module [NULL]
LogOculusPluginWrapper: OculusPlugin initialized successfully
LogHMD: Failed initializing OVRPlugin 1.59.0
LogInit: Build: ++UE4+Release-4.27-CL-18319896
LogInit: Engine Version: 4.27.2-18319896+++UE4+Release-4.27
LogInit: Compatible Engine Version: 4.27.0-17155196+++UE4+Release-4.27
LogInit: Net CL: 17155196
LogInit: OS: Windows 10 (Release 2009) (), CPU: Intel(R) Core(TM) i7-10750H CPU @ 2.60GHz, GPU: NVIDIA GeForce RTX 2070 with Max-Q Design
LogInit: Compiled (64-bit): Nov 30 2021 07:12:08
LogInit: Compiled with Visual C++: 19.24.28315.00
LogInit: Build Configuration: Development
LogInit: Branch Name: ++UE4+Release-4.27
LogInit: Command Line:  -EpicPortal -epicusername=LustDrivenChaos -epicuserid=f49f2a2e7934460bb3760bd5f7045269 -epiclocale=en -epicsandboxid=ue
LogInit: Base Directory: C:/Program Files/Epic Games/UE_4.27/Engine/Binaries/Win64/
LogInit: Allocator: TBB
LogInit: Installed Engine Build: 1
LogDevObjectVersion: Number of dev versions registered: 29
LogDevObjectVersion:   Dev-Blueprints (B0D832E4-1F89-4F0D-ACCF-7EB736FD4AA2): 10
LogDevObjectVersion:   Dev-Build (E1C64328-A22C-4D53-A36C-8E866417BD8C): 0
LogDevObjectVersion:   Dev-Core (375EC13C-06E4-48FB-B500-84F0262A717E): 4
LogDevObjectVersion:   Dev-Editor (E4B068ED-F494-42E9-A231-DA0B2E46BB41): 40
LogDevObjectVersion:   Dev-Framework (CFFC743F-43B0-4480-9391-14DF171D2073): 37
LogDevObjectVersion:   Dev-Mobile (B02B49B5-BB20-44E9-A304-32B752E40360): 3
LogDevObjectVersion:   Dev-Networking (A4E4105C-59A1-49B5-A7C5-40C4547EDFEE): 0
LogDevObjectVersion:   Dev-Online (39C831C9-5AE6-47DC-9A44-9C173E1C8E7C): 0
LogDevObjectVersion:   Dev-Physics (78F01B33-EBEA-4F98-B9B4-84EACCB95AA2): 14
LogDevObjectVersion:   Dev-Platform (6631380F-2D4D-43E0-8009-CF276956A95A): 0
LogDevObjectVersion:   Dev-Rendering (12F88B9F-8875-4AFC-A67C-D90C383ABD29): 45
LogDevObjectVersion:   Dev-Sequencer (7B5AE74C-D270-4C10-A958-57980B212A5A): 13
LogDevObjectVersion:   Dev-VR (D7296918-1DD6-4BDD-9DE2-64A83CC13884): 3
LogDevObjectVersion:   Dev-LoadTimes (C2A15278-BFE7-4AFE-6C17-90FF531DF755): 1
LogDevObjectVersion:   Private-Geometry (6EACA3D4-40EC-4CC1-B786-8BED09428FC5): 3
LogDevObjectVersion:   Dev-AnimPhys (29E575DD-E0A3-4627-9D10-D276232CDCEA): 17
LogDevObjectVersion:   Dev-Anim (AF43A65D-7FD3-4947-9873-3E8ED9C1BB05): 15
LogDevObjectVersion:   Dev-ReflectionCapture (6B266CEC-1EC7-4B8F-A30B-E4D90942FC07): 1
LogDevObjectVersion:   Dev-Automation (0DF73D61-A23F-47EA-B727-89E90C41499A): 1
LogDevObjectVersion:   FortniteMain (601D1886-AC64-4F84-AA16-D3DE0DEAC7D6): 47
LogDevObjectVersion:   FortniteRelease (E7086368-6B23-4C58-8439-1B7016265E91): 1
LogDevObjectVersion:   Dev-Enterprise (9DFFBCD6-494F-0158-E221-12823C92A888): 10
LogDevObjectVersion:   Dev-Niagara (F2AED0AC-9AFE-416F-8664-AA7FFA26D6FC): 1
LogDevObjectVersion:   Dev-Destruction (174F1F0B-B4C6-45A5-B13F-2EE8D0FB917D): 10
LogDevObjectVersion:   Dev-Physics-Ext (35F94A83-E258-406C-A318-09F59610247C): 41
LogDevObjectVersion:   Dev-PhysicsMaterial-Chaos (B68FC16E-8B1B-42E2-B453-215C058844FE): 1
LogDevObjectVersion:   Dev-CineCamera (B2E18506-4273-CFC2-A54E-F4BB758BBA07): 1
LogDevObjectVersion:   Dev-VirtualProduction (64F58936-FD1B-42BA-BA96-7289D5D0FA4E): 1
LogDevObjectVersion:   Dev-MediaFramework (6F0ED827-A609-4895-9C91-998D90180EA4): 2
LogInit: Presizing for max 25165824 objects, including 0 objects not considered by GC, pre-allocating 0 bytes for permanent pool.
LogConfig: Applying CVar settings from Section [/Script/Engine.StreamingSettings] File [C:/Users/Blizz/Documents/Unreal Projects/TimeLoopers/Saved/Config/Windows/Engine.ini]
LogConfig: Setting CVar [[s.MinBulkDataSizeForAsyncLoading:131072]]
LogConfig: Setting CVar [[s.AsyncLoadingThreadEnabled:0]]
LogConfig: Setting CVar [[s.EventDrivenLoaderEnabled:1]]
LogConfig: Setting CVar [[s.WarnIfTimeLimitExceeded:0]]
LogConfig: Setting CVar [[s.TimeLimitExceededMultiplier:1.5]]
LogConfig: Setting CVar [[s.TimeLimitExceededMinTime:0.005]]
LogConfig: Setting CVar [[s.UseBackgroundLevelStreaming:1]]
LogConfig: Setting CVar [[s.PriorityAsyncLoadingExtraTime:15.0]]
LogConfig: Setting CVar [[s.LevelStreamingActorsUpdateTimeLimit:5.0]]
LogConfig: Setting CVar [[s.PriorityLevelStreamingActorsUpdateExtraTime:5.0]]
LogConfig: Setting CVar [[s.LevelStreamingComponentsRegistrationGranularity:10]]
LogConfig: Setting CVar [[s.UnregisterComponentsTimeLimit:1.0]]
LogConfig: Setting CVar [[s.LevelStreamingComponentsUnregistrationGranularity:5]]
LogConfig: Setting CVar [[s.FlushStreamingOnExit:1]]
LogInit: Object subsystem initialized
LogConfig: Setting CVar [[con.DebugEarlyDefault:1]]
LogConfig: Setting CVar [[r.setres:1280x720]]
[2021.12.21-02.44.21:249][  0]LogConfig: Setting CVar [[r.VSync:0]]
[2021.12.21-02.44.21:249][  0]LogConfig: Setting CVar [[r.RHICmdBypass:0]]
[2021.12.21-02.44.21:249][  0]LogConfig: Applying CVar settings from Section [/Script/Engine.RendererSettings] File [C:/Users/Blizz/Documents/Unreal Projects/TimeLoopers/Saved/Config/Windows/Engine.ini]
[2021.12.21-02.44.21:249][  0]LogConfig: Setting CVar [[r.GPUCrashDebugging:0]]
[2021.12.21-02.44.21:249][  0]LogConfig: Applying CVar settings from Section [/Script/Engine.RendererOverrideSettings] File [C:/Users/Blizz/Documents/Unreal Projects/TimeLoopers/Saved/Config/Windows/Engine.ini]
[2021.12.21-02.44.21:249][  0]LogConfig: Applying CVar settings from Section [/Script/Engine.StreamingSettings] File [C:/Users/Blizz/Documents/Unreal Projects/TimeLoopers/Saved/Config/Windows/Engine.ini]
[2021.12.21-02.44.21:249][  0]LogConfig: Setting CVar [[s.MinBulkDataSizeForAsyncLoading:131072]]
[2021.12.21-02.44.21:249][  0]LogConfig: Setting CVar [[s.AsyncLoadingThreadEnabled:0]]
[2021.12.21-02.44.21:249][  0]LogConfig: Setting CVar [[s.EventDrivenLoaderEnabled:1]]
[2021.12.21-02.44.21:249][  0]LogConfig: Setting CVar [[s.WarnIfTimeLimitExceeded:0]]
[2021.12.21-02.44.21:249][  0]LogConfig: Setting CVar [[s.TimeLimitExceededMultiplier:1.5]]
[2021.12.21-02.44.21:249][  0]LogConfig: Setting CVar [[s.TimeLimitExceededMinTime:0.005]]
[2021.12.21-02.44.21:249][  0]LogConfig: Setting CVar [[s.UseBackgroundLevelStreaming:1]]
[2021.12.21-02.44.21:249][  0]LogConfig: Setting CVar [[s.PriorityAsyncLoadingExtraTime:15.0]]
[2021.12.21-02.44.21:249][  0]LogConfig: Setting CVar [[s.LevelStreamingActorsUpdateTimeLimit:5.0]]
[2021.12.21-02.44.21:249][  0]LogConfig: Setting CVar [[s.PriorityLevelStreamingActorsUpdateExtraTime:5.0]]
[2021.12.21-02.44.21:249][  0]LogConfig: Setting CVar [[s.LevelStreamingComponentsRegistrationGranularity:10]]
[2021.12.21-02.44.21:249][  0]LogConfig: Setting CVar [[s.UnregisterComponentsTimeLimit:1.0]]
[2021.12.21-02.44.21:249][  0]LogConfig: Setting CVar [[s.LevelStreamingComponentsUnregistrationGranularity:5]]
[2021.12.21-02.44.21:249][  0]LogConfig: Setting CVar [[s.FlushStreamingOnExit:1]]
[2021.12.21-02.44.21:249][  0]LogConfig: Applying CVar settings from Section [/Script/Engine.GarbageCollectionSettings] File [C:/Users/Blizz/Documents/Unreal Projects/TimeLoopers/Saved/Config/Windows/Engine.ini]
[2021.12.21-02.44.21:249][  0]LogConfig: Setting CVar [[gc.MaxObjectsNotConsideredByGC:1]]
[2021.12.21-02.44.21:249][  0]LogConfig: Setting CVar [[gc.SizeOfPermanentObjectPool:0]]
[2021.12.21-02.44.21:249][  0]LogConfig: Setting CVar [[gc.FlushStreamingOnGC:0]]
[2021.12.21-02.44.21:249][  0]LogConfig: Setting CVar [[gc.NumRetriesBeforeForcingGC:10]]
[2021.12.21-02.44.21:249][  0]LogConfig: Setting CVar [[gc.AllowParallelGC:1]]
[2021.12.21-02.44.21:249][  0]LogConfig: Setting CVar [[gc.TimeBetweenPurgingPendingKillObjects:61.1]]
[2021.12.21-02.44.21:249][  0]LogConfig: Setting CVar [[gc.MaxObjectsInEditor:25165824]]
[2021.12.21-02.44.21:249][  0]LogConfig: Setting CVar [[gc.IncrementalBeginDestroyEnabled:1]]
[2021.12.21-02.44.21:249][  0]LogConfig: Setting CVar [[gc.CreateGCClusters:1]]
[2021.12.21-02.44.21:249][  0]LogConfig: Setting CVar [[gc.MinGCClusterSize:5]]
[2021.12.21-02.44.21:249][  0]LogConfig: Setting CVar [[gc.ActorClusteringEnabled:0]]
[2021.12.21-02.44.21:249][  0]LogConfig: Setting CVar [[gc.BlueprintClusteringEnabled:0]]
[2021.12.21-02.44.21:249][  0]LogConfig: Setting CVar [[gc.UseDisregardForGCOnDedicatedServers:0]]
[2021.12.21-02.44.21:249][  0]LogConfig: Setting CVar [[gc.MultithreadedDestructionEnabled:1]]
[2021.12.21-02.44.21:249][  0]LogConfig: Applying CVar settings from Section [/Script/Engine.NetworkSettings] File [C:/Users/Blizz/Documents/Unreal Projects/TimeLoopers/Saved/Config/Windows/Engine.ini]
[2021.12.21-02.44.21:249][  0]LogConfig: Applying CVar settings from Section [/Script/UnrealEd.CookerSettings] File [C:/Users/Blizz/Documents/Unreal Projects/TimeLoopers/Saved/Config/Windows/Engine.ini]
[2021.12.21-02.44.21:254][  0]LogConfig: Applying CVar settings from Section [ViewDistanceQuality@3] File [C:/Users/Blizz/Documents/Unreal Projects/TimeLoopers/Saved/Config/Windows/Scalability.ini]
[2021.12.21-02.44.21:254][  0]LogConfig: Setting CVar [[r.SkeletalMeshLODBias:0]]
[2021.12.21-02.44.21:254][  0]LogConfig: Setting CVar [[r.ViewDistanceScale:1.0]]
[2021.12.21-02.44.21:255][  0]LogConfig: Applying CVar settings from Section [AntiAliasingQuality@3] File [C:/Users/Blizz/Documents/Unreal Projects/TimeLoopers/Saved/Config/Windows/Scalability.ini]
[2021.12.21-02.44.21:255][  0]LogConfig: Setting CVar [[r.PostProcessAAQuality:4]]
[2021.12.21-02.44.21:255][  0]LogConfig: Applying CVar settings from Section [ShadowQuality@3] File [C:/Users/Blizz/Documents/Unreal Projects/TimeLoopers/Saved/Config/Windows/Scalability.ini]
[2021.12.21-02.44.21:255][  0]LogConfig: Setting CVar [[r.LightFunctionQuality:1]]
[2021.12.21-02.44.21:255][  0]LogConfig: Setting CVar [[r.ShadowQuality:5]]
[2021.12.21-02.44.21:255][  0]LogConfig: Setting CVar [[r.Shadow.CSM.MaxCascades:10]]
[2021.12.21-02.44.21:255][  0]LogConfig: Setting CVar [[r.Shadow.MaxResolution:2048]]
[2021.12.21-02.44.21:255][  0]LogConfig: Setting CVar [[r.Shadow.MaxCSMResolution:2048]]
[2021.12.21-02.44.21:255][  0]LogConfig: Setting CVar [[r.Shadow.RadiusThreshold:0.01]]
[2021.12.21-02.44.21:255][  0]LogConfig: Setting CVar [[r.Shadow.DistanceScale:1.0]]
[2021.12.21-02.44.21:255][  0]LogConfig: Setting CVar [[r.Shadow.CSM.TransitionScale:1.0]]
[2021.12.21-02.44.21:255][  0]LogConfig: Setting CVar [[r.Shadow.PreShadowResolutionFactor:1.0]]
[2021.12.21-02.44.21:255][  0]LogConfig: Setting CVar [[r.DistanceFieldShadowing:1]]
[2021.12.21-02.44.21:255][  0]LogConfig: Setting CVar [[r.DistanceFieldAO:1]]
[2021.12.21-02.44.21:255][  0]LogConfig: Setting CVar [[r.AOQuality:2]]
[2021.12.21-02.44.21:255][  0]LogConfig: Setting CVar [[r.VolumetricFog:1]]
[2021.12.21-02.44.21:255][  0]LogConfig: Setting CVar [[r.VolumetricFog.GridPixelSize:8]]
[2021.12.21-02.44.21:255][  0]LogConfig: Setting CVar [[r.VolumetricFog.GridSizeZ:128]]
[2021.12.21-02.44.21:255][  0]LogConfig: Setting CVar [[r.VolumetricFog.HistoryMissSupersampleCount:4]]
[2021.12.21-02.44.21:255][  0]LogConfig: Setting CVar [[r.LightMaxDrawDistanceScale:1]]
[2021.12.21-02.44.21:255][  0]LogConfig: Setting CVar [[r.CapsuleShadows:1]]
[2021.12.21-02.44.21:255][  0]LogConfig: Applying CVar settings from Section [PostProcessQuality@3] File [C:/Users/Blizz/Documents/Unreal Projects/TimeLoopers/Saved/Config/Windows/Scalability.ini]
[2021.12.21-02.44.21:255][  0]LogConfig: Setting CVar [[r.MotionBlurQuality:4]]
[2021.12.21-02.44.21:255][  0]LogConfig: Setting CVar [[r.AmbientOcclusionMipLevelFactor:0.4]]
[2021.12.21-02.44.21:255][  0]LogConfig: Setting CVar [[r.AmbientOcclusionMaxQuality:100]]
[2021.12.21-02.44.21:255][  0]LogConfig: Setting CVar [[r.AmbientOcclusionLevels:-1]]
[2021.12.21-02.44.21:255][  0]LogConfig: Setting CVar [[r.AmbientOcclusionRadiusScale:1.0]]
[2021.12.21-02.44.21:255][  0]LogConfig: Setting CVar [[r.DepthOfFieldQuality:2]]
[2021.12.21-02.44.21:255][  0]LogConfig: Setting CVar [[r.RenderTargetPoolMin:400]]
[2021.12.21-02.44.21:255][  0]LogConfig: Setting CVar [[r.LensFlareQuality:2]]
[2021.12.21-02.44.21:255][  0]LogConfig: Setting CVar [[r.SceneColorFringeQuality:1]]
[2021.12.21-02.44.21:255][  0]LogConfig: Setting CVar [[r.EyeAdaptationQuality:2]]
[2021.12.21-02.44.21:255][  0]LogConfig: Setting CVar [[r.BloomQuality:5]]
[2021.12.21-02.44.21:255][  0]LogConfig: Setting CVar [[r.FastBlurThreshold:100]]
[2021.12.21-02.44.21:255][  0]LogConfig: Setting CVar [[r.Upscale.Quality:3]]
[2021.12.21-02.44.21:255][  0]LogConfig: Setting CVar [[r.Tonemapper.GrainQuantization:1]]
[2021.12.21-02.44.21:255][  0]LogConfig: Setting CVar [[r.LightShaftQuality:1]]
[2021.12.21-02.44.21:255][  0]LogConfig: Setting CVar [[r.Filter.SizeScale:1]]
[2021.12.21-02.44.21:255][  0]LogConfig: Setting CVar [[r.Tonemapper.Quality:5]]
[2021.12.21-02.44.21:255][  0]LogConfig: Setting CVar [[r.DOF.Gather.AccumulatorQuality:1        ; higher gathering accumulator quality]]
[2021.12.21-02.44.21:255][  0]LogConfig: Setting CVar [[r.DOF.Gather.PostfilterMethod:1          ; Median3x3 postfilering method]]
[2021.12.21-02.44.21:255][  0]LogConfig: Setting CVar [[r.DOF.Gather.EnableBokehSettings:0       ; no bokeh simulation when gathering]]
[2021.12.21-02.44.21:255][  0]LogConfig: Setting CVar [[r.DOF.Gather.RingCount:4                 ; medium number of samples when gathering]]
[2021.12.21-02.44.21:255][  0]LogConfig: Setting CVar [[r.DOF.Scatter.ForegroundCompositing:1    ; additive foreground scattering]]
[2021.12.21-02.44.21:255][  0]LogConfig: Setting CVar [[r.DOF.Scatter.BackgroundCompositing:2    ; additive background scattering]]
[2021.12.21-02.44.21:255][  0]LogConfig: Setting CVar [[r.DOF.Scatter.EnableBokehSettings:1      ; bokeh simulation when scattering]]
[2021.12.21-02.44.21:255][  0]LogConfig: Setting CVar [[r.DOF.Scatter.MaxSpriteRatio:0.1         ; only a maximum of 10% of scattered bokeh]]
[2021.12.21-02.44.21:255][  0]LogConfig: Setting CVar [[r.DOF.Recombine.Quality:1                ; cheap slight out of focus]]
[2021.12.21-02.44.21:255][  0]LogConfig: Setting CVar [[r.DOF.Recombine.EnableBokehSettings:0    ; no bokeh simulation on slight out of focus]]
[2021.12.21-02.44.21:255][  0]LogConfig: Setting CVar [[r.DOF.TemporalAAQuality:1                ; more stable temporal accumulation]]
[2021.12.21-02.44.21:255][  0]LogConfig: Setting CVar [[r.DOF.Kernel.MaxForegroundRadius:0.025]]
[2021.12.21-02.44.21:255][  0]LogConfig: Setting CVar [[r.DOF.Kernel.MaxBackgroundRadius:0.025]]
[2021.12.21-02.44.21:255][  0]LogConfig: Applying CVar settings from Section [TextureQuality@3] File [C:/Users/Blizz/Documents/Unreal Projects/TimeLoopers/Saved/Config/Windows/Scalability.ini]
[2021.12.21-02.44.21:255][  0]LogConfig: Setting CVar [[r.Streaming.MipBias:0]]
[2021.12.21-02.44.21:255][  0]LogConfig: Setting CVar [[r.Streaming.AmortizeCPUToGPUCopy:0]]
[2021.12.21-02.44.21:255][  0]LogConfig: Setting CVar [[r.Streaming.MaxNumTexturesToStreamPerFrame:0]]
[2021.12.21-02.44.21:255][  0]LogConfig: Setting CVar [[r.Streaming.Boost:1]]
[2021.12.21-02.44.21:255][  0]LogConfig: Setting CVar [[r.MaxAnisotropy:8]]
[2021.12.21-02.44.21:255][  0]LogConfig: Setting CVar [[r.VT.MaxAnisotropy:8]]
[2021.12.21-02.44.21:255][  0]LogConfig: Setting CVar [[r.Streaming.LimitPoolSizeToVRAM:0]]
[2021.12.21-02.44.21:255][  0]LogConfig: Setting CVar [[r.Streaming.PoolSize:1000]]
[2021.12.21-02.44.21:255][  0]LogConfig: Setting CVar [[r.Streaming.MaxEffectiveScreenSize:0]]
[2021.12.21-02.44.21:255][  0]LogConfig: Applying CVar settings from Section [EffectsQuality@3] File [C:/Users/Blizz/Documents/Unreal Projects/TimeLoopers/Saved/Config/Windows/Scalability.ini]
[2021.12.21-02.44.21:255][  0]LogConfig: Setting CVar [[r.TranslucencyLightingVolumeDim:64]]
[2021.12.21-02.44.21:255][  0]LogConfig: Setting CVar [[r.RefractionQuality:2]]
[2021.12.21-02.44.21:255][  0]LogConfig: Setting CVar [[r.SSR.Quality:3]]
[2021.12.21-02.44.21:255][  0]LogConfig: Setting CVar [[r.SSR.HalfResSceneColor:0]]
[2021.12.21-02.44.21:255][  0]LogConfig: Setting CVar [[r.SceneColorFormat:4]]
[2021.12.21-02.44.21:255][  0]LogConfig: Setting CVar [[r.DetailMode:2]]
[2021.12.21-02.44.21:255][  0]LogConfig: Setting CVar [[r.TranslucencyVolumeBlur:1]]
[2021.12.21-02.44.21:255][  0]LogConfig: Setting CVar [[r.MaterialQualityLevel:1 ; High quality]]
[2021.12.21-02.44.21:255][  0]LogConfig: Setting CVar [[r.AnisotropicMaterials:1]]
[2021.12.21-02.44.21:255][  0]LogConfig: Setting CVar [[r.SSS.Scale:1]]
[2021.12.21-02.44.21:255][  0]LogConfig: Setting CVar [[r.SSS.SampleSet:2]]
[2021.12.21-02.44.21:255][  0]LogConfig: Setting CVar [[r.SSS.Quality:1]]
[2021.12.21-02.44.21:255][  0]LogConfig: Setting CVar [[r.SSS.HalfRes:0]]
[2021.12.21-02.44.21:255][  0]LogConfig: Setting CVar [[r.SSGI.Quality:3]]
[2021.12.21-02.44.21:255][  0]LogConfig: Setting CVar [[r.EmitterSpawnRateScale:1.0]]
[2021.12.21-02.44.21:255][  0]LogConfig: Setting CVar [[r.ParticleLightQuality:2]]
[2021.12.21-02.44.21:255][  0]LogConfig: Setting CVar [[r.SkyAtmosphere.AerialPerspectiveLUT.FastApplyOnOpaque:1 ; Always have FastSkyLUT 1 in this case to avoid wrong sky]]
[2021.12.21-02.44.21:255][  0]LogConfig: Setting CVar [[r.SkyAtmosphere.AerialPerspectiveLUT.SampleCountMaxPerSlice:4]]
[2021.12.21-02.44.21:255][  0]LogConfig: Setting CVar [[r.SkyAtmosphere.AerialPerspectiveLUT.DepthResolution:16.0]]
[2021.12.21-02.44.21:255][  0]LogConfig: Setting CVar [[r.SkyAtmosphere.FastSkyLUT:1]]
[2021.12.21-02.44.21:255][  0]LogConfig: Setting CVar [[r.SkyAtmosphere.FastSkyLUT.SampleCountMin:4.0]]
[2021.12.21-02.44.21:255][  0]LogConfig: Setting CVar [[r.SkyAtmosphere.FastSkyLUT.SampleCountMax:128.0]]
[2021.12.21-02.44.21:255][  0]LogConfig: Setting CVar [[r.SkyAtmosphere.SampleCountMin:4.0]]
[2021.12.21-02.44.21:255][  0]LogConfig: Setting CVar [[r.SkyAtmosphere.SampleCountMax:128.0]]
[2021.12.21-02.44.21:255][  0]LogConfig: Setting CVar [[r.SkyAtmosphere.TransmittanceLUT.UseSmallFormat:0]]
[2021.12.21-02.44.21:255][  0]LogConfig: Setting CVar [[r.SkyAtmosphere.TransmittanceLUT.SampleCount:10.0]]
[2021.12.21-02.44.21:255][  0]LogConfig: Setting CVar [[r.SkyAtmosphere.MultiScatteringLUT.SampleCount:15.0]]
[2021.12.21-02.44.21:255][  0]LogConfig: Setting CVar [[r.SkyLight.RealTimeReflectionCapture:1]]
[2021.12.21-02.44.21:256][  0]LogConfig: Applying CVar settings from Section [FoliageQuality@3] File [C:/Users/Blizz/Documents/Unreal Projects/TimeLoopers/Saved/Config/Windows/Scalability.ini]
[2021.12.21-02.44.21:256][  0]LogConfig: Setting CVar [[foliage.DensityScale:1.0]]
[2021.12.21-02.44.21:256][  0]LogConfig: Setting CVar [[grass.DensityScale:1.0]]
[2021.12.21-02.44.21:256][  0]LogConfig: Applying CVar settings from Section [ShadingQuality@3] File [C:/Users/Blizz/Documents/Unreal Projects/TimeLoopers/Saved/Config/Windows/Scalability.ini]
[2021.12.21-02.44.21:256][  0]LogConfig: Setting CVar [[r.HairStrands.SkyLighting.IntegrationType:2]]
[2021.12.21-02.44.21:256][  0]LogConfig: Setting CVar [[r.HairStrands.SkyAO.SampleCount:4]]
[2021.12.21-02.44.21:256][  0]LogConfig: Setting CVar [[r.HairStrands.Visibility.MSAA.SamplePerPixel:4]]
[2021.12.21-02.44.21:256][  0]LogInit: Selected Device Profile: [Windows]
[2021.12.21-02.44.21:256][  0]LogInit: Applying CVar settings loaded from the selected device profile: [Windows]
[2021.12.21-02.44.21:256][  0]LogHAL: Display: Platform has ~ 16 GB [17010958336 / 17179869184 / 16], which maps to Larger [LargestMinGB=32, LargerMinGB=12, DefaultMinGB=8, SmallerMinGB=6, SmallestMinGB=0)
[2021.12.21-02.44.21:256][  0]LogInit: Going up to parent DeviceProfile []
[2021.12.21-02.44.21:256][  0]LogConfig: Applying CVar settings from Section [ViewDistanceQuality@3] File [C:/Users/Blizz/Documents/Unreal Projects/TimeLoopers/Saved/Config/Windows/Scalability.ini]
[2021.12.21-02.44.21:256][  0]LogConfig: Setting CVar [[r.SkeletalMeshLODBias:0]]
[2021.12.21-02.44.21:256][  0]LogConfig: Setting CVar [[r.ViewDistanceScale:1.0]]
[2021.12.21-02.44.21:256][  0]LogConfig: Applying CVar settings from Section [AntiAliasingQuality@3] File [C:/Users/Blizz/Documents/Unreal Projects/TimeLoopers/Saved/Config/Windows/Scalability.ini]
[2021.12.21-02.44.21:256][  0]LogConfig: Setting CVar [[r.PostProcessAAQuality:4]]
[2021.12.21-02.44.21:256][  0]LogConfig: Applying CVar settings from Section [ShadowQuality@3] File [C:/Users/Blizz/Documents/Unreal Projects/TimeLoopers/Saved/Config/Windows/Scalability.ini]
[2021.12.21-02.44.21:256][  0]LogConfig: Setting CVar [[r.LightFunctionQuality:1]]
[2021.12.21-02.44.21:256][  0]LogConfig: Setting CVar [[r.ShadowQuality:5]]
[2021.12.21-02.44.21:256][  0]LogConfig: Setting CVar [[r.Shadow.CSM.MaxCascades:10]]
[2021.12.21-02.44.21:256][  0]LogConfig: Setting CVar [[r.Shadow.MaxResolution:2048]]
[2021.12.21-02.44.21:256][  0]LogConfig: Setting CVar [[r.Shadow.MaxCSMResolution:2048]]
[2021.12.21-02.44.21:256][  0]LogConfig: Setting CVar [[r.Shadow.RadiusThreshold:0.01]]
[2021.12.21-02.44.21:256][  0]LogConfig: Setting CVar [[r.Shadow.DistanceScale:1.0]]
[2021.12.21-02.44.21:256][  0]LogConfig: Setting CVar [[r.Shadow.CSM.TransitionScale:1.0]]
[2021.12.21-02.44.21:256][  0]LogConfig: Setting CVar [[r.Shadow.PreShadowResolutionFactor:1.0]]
[2021.12.21-02.44.21:256][  0]LogConfig: Setting CVar [[r.DistanceFieldShadowing:1]]
[2021.12.21-02.44.21:256][  0]LogConfig: Setting CVar [[r.DistanceFieldAO:1]]
[2021.12.21-02.44.21:256][  0]LogConfig: Setting CVar [[r.AOQuality:2]]
[2021.12.21-02.44.21:256][  0]LogConfig: Setting CVar [[r.VolumetricFog:1]]
[2021.12.21-02.44.21:256][  0]LogConfig: Setting CVar [[r.VolumetricFog.GridPixelSize:8]]
[2021.12.21-02.44.21:256][  0]LogConfig: Setting CVar [[r.VolumetricFog.GridSizeZ:128]]
[2021.12.21-02.44.21:256][  0]LogConfig: Setting CVar [[r.VolumetricFog.HistoryMissSupersampleCount:4]]
[2021.12.21-02.44.21:256][  0]LogConfig: Setting CVar [[r.LightMaxDrawDistanceScale:1]]
[2021.12.21-02.44.21:256][  0]LogConfig: Setting CVar [[r.CapsuleShadows:1]]
[2021.12.21-02.44.21:256][  0]LogConfig: Applying CVar settings from Section [PostProcessQuality@3] File [C:/Users/Blizz/Documents/Unreal Projects/TimeLoopers/Saved/Config/Windows/Scalability.ini]
[2021.12.21-02.44.21:256][  0]LogConfig: Setting CVar [[r.MotionBlurQuality:4]]
[2021.12.21-02.44.21:256][  0]LogConfig: Setting CVar [[r.AmbientOcclusionMipLevelFactor:0.4]]
[2021.12.21-02.44.21:256][  0]LogConfig: Setting CVar [[r.AmbientOcclusionMaxQuality:100]]
[2021.12.21-02.44.21:256][  0]LogConfig: Setting CVar [[r.AmbientOcclusionLevels:-1]]
[2021.12.21-02.44.21:256][  0]LogConfig: Setting CVar [[r.AmbientOcclusionRadiusScale:1.0]]
[2021.12.21-02.44.21:256][  0]LogConfig: Setting CVar [[r.DepthOfFieldQuality:2]]
[2021.12.21-02.44.21:256][  0]LogConfig: Setting CVar [[r.RenderTargetPoolMin:400]]
[2021.12.21-02.44.21:256][  0]LogConfig: Setting CVar [[r.LensFlareQuality:2]]
[2021.12.21-02.44.21:256][  0]LogConfig: Setting CVar [[r.SceneColorFringeQuality:1]]
[2021.12.21-02.44.21:256][  0]LogConfig: Setting CVar [[r.EyeAdaptationQuality:2]]
[2021.12.21-02.44.21:256][  0]LogConfig: Setting CVar [[r.BloomQuality:5]]
[2021.12.21-02.44.21:256][  0]LogConfig: Setting CVar [[r.FastBlurThreshold:100]]
[2021.12.21-02.44.21:256][  0]LogConfig: Setting CVar [[r.Upscale.Quality:3]]
[2021.12.21-02.44.21:256][  0]LogConfig: Setting CVar [[r.Tonemapper.GrainQuantization:1]]
[2021.12.21-02.44.21:256][  0]LogConfig: Setting CVar [[r.LightShaftQuality:1]]
[2021.12.21-02.44.21:256][  0]LogConfig: Setting CVar [[r.Filter.SizeScale:1]]
[2021.12.21-02.44.21:256][  0]LogConfig: Setting CVar [[r.Tonemapper.Quality:5]]
[2021.12.21-02.44.21:256][  0]LogConfig: Setting CVar [[r.DOF.Gather.AccumulatorQuality:1        ; higher gathering accumulator quality]]
[2021.12.21-02.44.21:256][  0]LogConfig: Setting CVar [[r.DOF.Gather.PostfilterMethod:1          ; Median3x3 postfilering method]]
[2021.12.21-02.44.21:256][  0]LogConfig: Setting CVar [[r.DOF.Gather.EnableBokehSettings:0       ; no bokeh simulation when gathering]]
[2021.12.21-02.44.21:256][  0]LogConfig: Setting CVar [[r.DOF.Gather.RingCount:4                 ; medium number of samples when gathering]]
[2021.12.21-02.44.21:256][  0]LogConfig: Setting CVar [[r.DOF.Scatter.ForegroundCompositing:1    ; additive foreground scattering]]
[2021.12.21-02.44.21:256][  0]LogConfig: Setting CVar [[r.DOF.Scatter.BackgroundCompositing:2    ; additive background scattering]]
[2021.12.21-02.44.21:256][  0]LogConfig: Setting CVar [[r.DOF.Scatter.EnableBokehSettings:1      ; bokeh simulation when scattering]]
[2021.12.21-02.44.21:256][  0]LogConfig: Setting CVar [[r.DOF.Scatter.MaxSpriteRatio:0.1         ; only a maximum of 10% of scattered bokeh]]
[2021.12.21-02.44.21:256][  0]LogConfig: Setting CVar [[r.DOF.Recombine.Quality:1                ; cheap slight out of focus]]
[2021.12.21-02.44.21:256][  0]LogConfig: Setting CVar [[r.DOF.Recombine.EnableBokehSettings:0    ; no bokeh simulation on slight out of focus]]
[2021.12.21-02.44.21:256][  0]LogConfig: Setting CVar [[r.DOF.TemporalAAQuality:1                ; more stable temporal accumulation]]
[2021.12.21-02.44.21:256][  0]LogConfig: Setting CVar [[r.DOF.Kernel.MaxForegroundRadius:0.025]]
[2021.12.21-02.44.21:256][  0]LogConfig: Setting CVar [[r.DOF.Kernel.MaxBackgroundRadius:0.025]]
[2021.12.21-02.44.21:256][  0]LogConfig: Applying CVar settings from Section [TextureQuality@3] File [C:/Users/Blizz/Documents/Unreal Projects/TimeLoopers/Saved/Config/Windows/Scalability.ini]
[2021.12.21-02.44.21:256][  0]LogConfig: Setting CVar [[r.Streaming.MipBias:0]]
[2021.12.21-02.44.21:256][  0]LogConfig: Setting CVar [[r.Streaming.AmortizeCPUToGPUCopy:0]]
[2021.12.21-02.44.21:256][  0]LogConfig: Setting CVar [[r.Streaming.MaxNumTexturesToStreamPerFrame:0]]
[2021.12.21-02.44.21:256][  0]LogConfig: Setting CVar [[r.Streaming.Boost:1]]
[2021.12.21-02.44.21:256][  0]LogConfig: Setting CVar [[r.MaxAnisotropy:8]]
[2021.12.21-02.44.21:256][  0]LogConfig: Setting CVar [[r.VT.MaxAnisotropy:8]]
[2021.12.21-02.44.21:256][  0]LogConfig: Setting CVar [[r.Streaming.LimitPoolSizeToVRAM:0]]
[2021.12.21-02.44.21:256][  0]LogConfig: Setting CVar [[r.Streaming.PoolSize:1000]]
[2021.12.21-02.44.21:256][  0]LogConfig: Setting CVar [[r.Streaming.MaxEffectiveScreenSize:0]]
[2021.12.21-02.44.21:256][  0]LogConfig: Applying CVar settings from Section [EffectsQuality@3] File [C:/Users/Blizz/Documents/Unreal Projects/TimeLoopers/Saved/Config/Windows/Scalability.ini]
[2021.12.21-02.44.21:256][  0]LogConfig: Setting CVar [[r.TranslucencyLightingVolumeDim:64]]
[2021.12.21-02.44.21:256][  0]LogConfig: Setting CVar [[r.RefractionQuality:2]]
[2021.12.21-02.44.21:256][  0]LogConfig: Setting CVar [[r.SSR.Quality:3]]
[2021.12.21-02.44.21:256][  0]LogConfig: Setting CVar [[r.SSR.HalfResSceneColor:0]]
[2021.12.21-02.44.21:256][  0]LogConfig: Setting CVar [[r.SceneColorFormat:4]]
[2021.12.21-02.44.21:256][  0]LogConfig: Setting CVar [[r.DetailMode:2]]
[2021.12.21-02.44.21:256][  0]LogConfig: Setting CVar [[r.TranslucencyVolumeBlur:1]]
[2021.12.21-02.44.21:256][  0]LogConfig: Setting CVar [[r.MaterialQualityLevel:1 ; High quality]]
[2021.12.21-02.44.21:256][  0]LogConfig: Setting CVar [[r.AnisotropicMaterials:1]]
[2021.12.21-02.44.21:257][  0]LogConfig: Setting CVar [[r.SSS.Scale:1]]
[2021.12.21-02.44.21:257][  0]LogConfig: Setting CVar [[r.SSS.SampleSet:2]]
[2021.12.21-02.44.21:257][  0]LogConfig: Setting CVar [[r.SSS.Quality:1]]
[2021.12.21-02.44.21:257][  0]LogConfig: Setting CVar [[r.SSS.HalfRes:0]]
[2021.12.21-02.44.21:257][  0]LogConfig: Setting CVar [[r.SSGI.Quality:3]]
[2021.12.21-02.44.21:257][  0]LogConfig: Setting CVar [[r.EmitterSpawnRateScale:1.0]]
[2021.12.21-02.44.21:257][  0]LogConfig: Setting CVar [[r.ParticleLightQuality:2]]
[2021.12.21-02.44.21:257][  0]LogConfig: Setting CVar [[r.SkyAtmosphere.AerialPerspectiveLUT.FastApplyOnOpaque:1 ; Always have FastSkyLUT 1 in this case to avoid wrong sky]]
[2021.12.21-02.44.21:257][  0]LogConfig: Setting CVar [[r.SkyAtmosphere.AerialPerspectiveLUT.SampleCountMaxPerSlice:4]]
[2021.12.21-02.44.21:257][  0]LogConfig: Setting CVar [[r.SkyAtmosphere.AerialPerspectiveLUT.DepthResolution:16.0]]
[2021.12.21-02.44.21:257][  0]LogConfig: Setting CVar [[r.SkyAtmosphere.FastSkyLUT:1]]
[2021.12.21-02.44.21:257][  0]LogConfig: Setting CVar [[r.SkyAtmosphere.FastSkyLUT.SampleCountMin:4.0]]
[2021.12.21-02.44.21:257][  0]LogConfig: Setting CVar [[r.SkyAtmosphere.FastSkyLUT.SampleCountMax:128.0]]
[2021.12.21-02.44.21:257][  0]LogConfig: Setting CVar [[r.SkyAtmosphere.SampleCountMin:4.0]]
[2021.12.21-02.44.21:257][  0]LogConfig: Setting CVar [[r.SkyAtmosphere.SampleCountMax:128.0]]
[2021.12.21-02.44.21:257][  0]LogConfig: Setting CVar [[r.SkyAtmosphere.TransmittanceLUT.UseSmallFormat:0]]
[2021.12.21-02.44.21:257][  0]LogConfig: Setting CVar [[r.SkyAtmosphere.TransmittanceLUT.SampleCount:10.0]]
[2021.12.21-02.44.21:257][  0]LogConfig: Setting CVar [[r.SkyAtmosphere.MultiScatteringLUT.SampleCount:15.0]]
[2021.12.21-02.44.21:257][  0]LogConfig: Setting CVar [[r.SkyLight.RealTimeReflectionCapture:1]]
[2021.12.21-02.44.21:257][  0]LogConfig: Applying CVar settings from Section [FoliageQuality@3] File [C:/Users/Blizz/Documents/Unreal Projects/TimeLoopers/Saved/Config/Windows/Scalability.ini]
[2021.12.21-02.44.21:257][  0]LogConfig: Setting CVar [[foliage.DensityScale:1.0]]
[2021.12.21-02.44.21:257][  0]LogConfig: Setting CVar [[grass.DensityScale:1.0]]
[2021.12.21-02.44.21:257][  0]LogConfig: Applying CVar settings from Section [ShadingQuality@3] File [C:/Users/Blizz/Documents/Unreal Projects/TimeLoopers/Saved/Config/Windows/Scalability.ini]
[2021.12.21-02.44.21:257][  0]LogConfig: Setting CVar [[r.HairStrands.SkyLighting.IntegrationType:2]]
[2021.12.21-02.44.21:257][  0]LogConfig: Setting CVar [[r.HairStrands.SkyAO.SampleCount:4]]
[2021.12.21-02.44.21:257][  0]LogConfig: Setting CVar [[r.HairStrands.Visibility.MSAA.SamplePerPixel:4]]
[2021.12.21-02.44.21:257][  0]LogConfig: Applying CVar settings from Section [Startup] File [../../../Engine/Config/ConsoleVariables.ini]
[2021.12.21-02.44.21:257][  0]LogConfig: Setting CVar [[net.UseAdaptiveNetUpdateFrequency:0]]
[2021.12.21-02.44.21:257][  0]LogConfig: Setting CVar [[p.chaos.AllowCreatePhysxBodies:1]]
[2021.12.21-02.44.21:257][  0]LogConfig: Setting CVar [[fx.SkipVectorVMBackendOptimizations:1]]
[2021.12.21-02.44.21:257][  0]LogConfig: Applying CVar settings from Section [ConsoleVariables] File [C:/Users/Blizz/Documents/Unreal Projects/TimeLoopers/Saved/Config/Windows/Engine.ini]
[2021.12.21-02.44.21:257][  0]LogConfig: Applying CVar settings from Section [ConsoleVariables] File [C:/Users/Blizz/Documents/Unreal Projects/TimeLoopers/Saved/Config/Windows/Editor.ini]
[2021.12.21-02.44.21:257][  0]LogInit: Computer: AURORA-LAPTOP
[2021.12.21-02.44.21:257][  0]LogInit: User: Blizz
[2021.12.21-02.44.21:257][  0]LogInit: CPU Page size=4096, Cores=6
[2021.12.21-02.44.21:257][  0]LogInit: High frequency timer resolution =10.000000 MHz
[2021.12.21-02.44.21:257][  0]LogMemory: Memory total: Physical=15.8GB (16GB approx)
[2021.12.21-02.44.21:257][  0]LogMemory: Platform Memory Stats for Windows
[2021.12.21-02.44.21:257][  0]LogMemory: Process Physical Memory: 148.02 MB used, 148.02 MB peak
[2021.12.21-02.44.21:257][  0]LogMemory: Process Virtual Memory: 133.64 MB used, 133.64 MB peak
[2021.12.21-02.44.21:257][  0]LogMemory: Physical Memory: 10002.68 MB used,  6220.24 MB free, 16222.91 MB total
[2021.12.21-02.44.21:257][  0]LogMemory: Virtual Memory: 134212512.00 MB used,  5214.94 MB free, 134217728.00 MB total
[2021.12.21-02.44.21:262][  0]LogWindows: WindowsPlatformFeatures enabled
[2021.12.21-02.44.21:297][  0]LogInit: Physics initialised using underlying interface: PhysX
[2021.12.21-02.44.21:297][  0]LogInit: Using OS detected language (en-GB).
[2021.12.21-02.44.21:297][  0]LogInit: Using OS detected locale (en-GB).
[2021.12.21-02.44.21:301][  0]LogTextLocalizationManager: No specific localization for 'en-GB' exists, so the 'en' localization will be used.
[2021.12.21-02.44.21:458][  0]LogInit: Setting process to per monitor DPI aware
[2021.12.21-02.44.21:468][  0]LogWindowsTextInputMethodSystem: Display: IME system deactivated.
[2021.12.21-02.44.21:478][  0]LogSlate: New Slate User Created.  User Index 0, Is Virtual User: 0
[2021.12.21-02.44.21:478][  0]LogSlate: Slate User Registered.  User Index 0, Is Virtual User: 0
[2021.12.21-02.44.21:612][  0]LogD3D11RHI: Loaded GFSDK_Aftermath_Lib.x64.dll
[2021.12.21-02.44.21:678][  0]LogHMD: Failed to initialize OpenVR with code 108
[2021.12.21-02.44.21:678][  0]LogD3D11RHI: D3D11 min allowed feature level: 11_0
[2021.12.21-02.44.21:678][  0]LogD3D11RHI: D3D11 max allowed feature level: 11_0
[2021.12.21-02.44.21:678][  0]LogD3D11RHI: D3D11 adapters:
[2021.12.21-02.44.21:773][  0]LogD3D11RHI:    0. 'NVIDIA GeForce RTX 2070 with Max-Q Design' (Feature Level 11_0)
[2021.12.21-02.44.21:773][  0]LogD3D11RHI:       8031/0/8111 MB DedicatedVideo/DedicatedSystem/SharedSystem, Outputs:1, VendorId:0x10de
[2021.12.21-02.44.21:775][  0]LogD3D11RHI:    1. 'Microsoft Basic Render Driver' (Feature Level 11_0)
[2021.12.21-02.44.21:775][  0]LogD3D11RHI:       0/0/8111 MB DedicatedVideo/DedicatedSystem/SharedSystem, Outputs:0, VendorId:0x1414
[2021.12.21-02.44.21:775][  0]LogD3D11RHI: Chosen D3D11 Adapter:
[2021.12.21-02.44.21:775][  0]LogD3D11RHI:     Description : NVIDIA GeForce RTX 2070 with Max-Q Design
[2021.12.21-02.44.21:775][  0]LogD3D11RHI:     VendorId    : 10de
[2021.12.21-02.44.21:775][  0]LogD3D11RHI:     DeviceId    : 1f14
[2021.12.21-02.44.21:775][  0]LogD3D11RHI:     SubSysId    : 878a103c
[2021.12.21-02.44.21:775][  0]LogD3D11RHI:     Revision    : 00a1
[2021.12.21-02.44.21:775][  0]LogD3D11RHI:     DedicatedVideoMemory : 8421113856 bytes
[2021.12.21-02.44.21:775][  0]LogD3D11RHI:     DedicatedSystemMemory : 0 bytes
[2021.12.21-02.44.21:775][  0]LogD3D11RHI:     SharedSystemMemory : 8505479168 bytes
[2021.12.21-02.44.21:775][  0]LogD3D11RHI:     AdapterLuid : 0 84543
[2021.12.21-02.44.21:780][  0]LogD3D11RHI: Creating new Direct3DDevice
[2021.12.21-02.44.21:781][  0]LogD3D11RHI:     GPU DeviceId: 0x1f14 (for the marketing name, search the web for "GPU Device Id")
[2021.12.21-02.44.21:781][  0]LogWindows: EnumDisplayDevices:
[2021.12.21-02.44.21:781][  0]LogWindows:    0. 'NVIDIA GeForce RTX 2070 with Max-Q Design' (P:1 D:1)
[2021.12.21-02.44.21:781][  0]LogWindows:    1. 'NVIDIA GeForce RTX 2070 with Max-Q Design' (P:0 D:0)
[2021.12.21-02.44.21:781][  0]LogWindows:    2. 'NVIDIA GeForce RTX 2070 with Max-Q Design' (P:0 D:0)
[2021.12.21-02.44.21:781][  0]LogWindows:    3. 'NVIDIA GeForce RTX 2070 with Max-Q Design' (P:0 D:0)
[2021.12.21-02.44.21:781][  0]LogWindows: DebugString: FoundDriverCount:4 
[2021.12.21-02.44.21:781][  0]LogD3D11RHI:     Adapter Name: NVIDIA GeForce RTX 2070 with Max-Q Design
[2021.12.21-02.44.21:781][  0]LogD3D11RHI:   Driver Version: 497.09 (internal:30.0.14.9709, unified:497.09)
[2021.12.21-02.44.21:781][  0]LogD3D11RHI:      Driver Date: 11-26-2021
[2021.12.21-02.44.21:781][  0]LogRHI: Texture pool is 5621 MB (70% of 8031 MB)
[2021.12.21-02.44.21:781][  0]LogD3D11RHI: Creating D3DDevice using adapter:
[2021.12.21-02.44.21:781][  0]LogD3D11RHI:     Description : NVIDIA GeForce RTX 2070 with Max-Q Design
[2021.12.21-02.44.21:781][  0]LogD3D11RHI:     VendorId    : 10de
[2021.12.21-02.44.21:781][  0]LogD3D11RHI:     DeviceId    : 1f14
[2021.12.21-02.44.21:781][  0]LogD3D11RHI:     SubSysId    : 878a103c
[2021.12.21-02.44.21:781][  0]LogD3D11RHI:     Revision    : 00a1
[2021.12.21-02.44.21:781][  0]LogD3D11RHI:     DedicatedVideoMemory : 8421113856 bytes
[2021.12.21-02.44.21:781][  0]LogD3D11RHI:     DedicatedSystemMemory : 0 bytes
[2021.12.21-02.44.21:781][  0]LogD3D11RHI:     SharedSystemMemory : 8505479168 bytes
[2021.12.21-02.44.21:781][  0]LogD3D11RHI:     AdapterLuid : 0 84543
[2021.12.21-02.44.21:835][  0]LogD3D11RHI: RHI has support for 64 bit atomics
[2021.12.21-02.44.21:835][  0]LogD3D11RHI: Async texture creation enabled
[2021.12.21-02.44.21:835][  0]LogD3D11RHI: Array index from any shader is supported
[2021.12.21-02.44.21:856][  0]LogD3D11RHI: GPU Timing Frequency: 1000.000000 (Debug: 2 2)
[2021.12.21-02.44.21:879][  0]LogRHI: GeForceNow SDK initialized: 1
[2021.12.21-02.44.22:137][  0]LogTargetPlatformManager: Display: Loaded TargetPlatform 'AllDesktop'
[2021.12.21-02.44.22:157][  0]LogTargetPlatformManager: Display: Loaded TargetPlatform 'Android'
[2021.12.21-02.44.22:157][  0]LogTargetPlatformManager: Display: Loaded TargetPlatform 'Android_ASTC'
[2021.12.21-02.44.22:157][  0]LogTargetPlatformManager: Display: Loaded TargetPlatform 'Android_DXT'
[2021.12.21-02.44.22:157][  0]LogTargetPlatformManager: Display: Loaded TargetPlatform 'Android_ETC2'
[2021.12.21-02.44.22:157][  0]LogTargetPlatformManager: Display: Loaded TargetPlatform 'AndroidClient'
[2021.12.21-02.44.22:157][  0]LogTargetPlatformManager: Display: Loaded TargetPlatform 'Android_ASTCClient'
[2021.12.21-02.44.22:157][  0]LogTargetPlatformManager: Display: Loaded TargetPlatform 'Android_DXTClient'
[2021.12.21-02.44.22:157][  0]LogTargetPlatformManager: Display: Loaded TargetPlatform 'Android_ETC2Client'
[2021.12.21-02.44.22:157][  0]LogTargetPlatformManager: Display: Loaded TargetPlatform 'Android_Multi'
[2021.12.21-02.44.22:157][  0]LogTargetPlatformManager: Display: Loaded TargetPlatform 'Android_MultiClient'
[2021.12.21-02.44.22:174][  0]LogTargetPlatformManager: Display: Loaded TargetPlatform 'IOSClient'
[2021.12.21-02.44.22:174][  0]LogTargetPlatformManager: Display: Loaded TargetPlatform 'IOS'
[2021.12.21-02.44.22:183][  0]LogTargetPlatformManager: Display: Loaded TargetPlatform 'Linux'
[2021.12.21-02.44.22:187][  0]LogTargetPlatformManager: Display: Loaded TargetPlatform 'LinuxNoEditor'
[2021.12.21-02.44.22:191][  0]LogTargetPlatformManager: Display: Loaded TargetPlatform 'LinuxClient'
[2021.12.21-02.44.22:196][  0]LogTargetPlatformManager: Display: Loaded TargetPlatform 'LinuxServer'
[2021.12.21-02.44.22:204][  0]LogTargetPlatformManager: Display: Loaded TargetPlatform 'LinuxAArch64NoEditor'
[2021.12.21-02.44.22:208][  0]LogTargetPlatformManager: Display: Loaded TargetPlatform 'LinuxAArch64Client'
[2021.12.21-02.44.22:212][  0]LogTargetPlatformManager: Display: Loaded TargetPlatform 'LinuxAArch64Server'
[2021.12.21-02.44.22:234][  0]LogTargetPlatformManager: Display: Loaded TargetPlatform 'Lumin'
[2021.12.21-02.44.22:234][  0]LogTargetPlatformManager: Display: Loaded TargetPlatform 'LuminClient'
[2021.12.21-02.44.22:243][  0]LogTargetPlatformManager: Display: Loaded TargetPlatform 'MacNoEditor'
[2021.12.21-02.44.22:247][  0]LogTargetPlatformManager: Display: Loaded TargetPlatform 'Mac'
[2021.12.21-02.44.22:251][  0]LogTargetPlatformManager: Display: Loaded TargetPlatform 'MacClient'
[2021.12.21-02.44.22:256][  0]LogTargetPlatformManager: Display: Loaded TargetPlatform 'MacServer'
[2021.12.21-02.44.22:265][  0]LogTargetPlatformManager: Display: Loaded TargetPlatform 'TVOSClient'
[2021.12.21-02.44.22:265][  0]LogTargetPlatformManager: Display: Loaded TargetPlatform 'TVOS'
[2021.12.21-02.44.22:274][  0]LogTargetPlatformManager: Display: Loaded TargetPlatform 'WindowsNoEditor'
[2021.12.21-02.44.22:279][  0]LogTargetPlatformManager: Display: Loaded TargetPlatform 'Windows'
[2021.12.21-02.44.22:283][  0]LogTargetPlatformManager: Display: Loaded TargetPlatform 'WindowsClient'
[2021.12.21-02.44.22:288][  0]LogTargetPlatformManager: Display: Loaded TargetPlatform 'WindowsServer'
[2021.12.21-02.44.22:288][  0]LogTargetPlatformManager: Display: Building Assets For Windows
[2021.12.21-02.44.22:295][  0]LogAudioDebug: Display: Lib vorbis DLL was dynamically loaded.
[2021.12.21-02.44.22:331][  0]LogTextureFormatOodle: Display: Oodle Texture 2.9.0 init RDO Off
[2021.12.21-02.44.22:368][  0]LogRendererCore: Ray tracing is disabled. Reason: r.RayTracing=0.
[2021.12.21-02.44.22:368][  0]LogShaderCompilers: Guid format shader working directory is -22 characters bigger than the processId version (../../../../../../Users/Blizz/Documents/Unreal Projects/TimeLoopers/Intermediate/Shaders/WorkingDirectory/29332/).
[2021.12.21-02.44.22:368][  0]LogShaderCompilers: Cleaned the shader compiler working directory 'C:/Users/Blizz/AppData/Local/Temp/UnrealShaderWorkingDir/44E5BB9B4DD8DCFF54763790F882C017/'.
[2021.12.21-02.44.22:368][  0]LogXGEController: Cannot use XGE Controller as Incredibuild is not installed on this machine.
[2021.12.21-02.44.22:368][  0]LogShaderCompilers: Cannot use XGE Shader Compiler as Incredibuild is not installed on this machine.
[2021.12.21-02.44.22:368][  0]LogShaderCompilers: Display: Using Local Shader Compiler.
[2021.12.21-02.44.23:021][  0]LogDerivedDataCache: Display: Max Cache Size: 512 MB
[2021.12.21-02.44.23:070][  0]LogDerivedDataCache: Loaded boot cache 0.05s 99MB C:/Users/Blizz/AppData/Local/UnrealEngine/4.27/DerivedDataCache/Boot.ddc.
[2021.12.21-02.44.23:070][  0]LogDerivedDataCache: Display: Loaded Boot cache: C:/Users/Blizz/AppData/Local/UnrealEngine/4.27/DerivedDataCache/Boot.ddc
[2021.12.21-02.44.23:070][  0]LogDerivedDataCache: FDerivedDataBackendGraph:  Pak pak cache file ../../../../../../Users/Blizz/Documents/Unreal Projects/TimeLoopers/DerivedDataCache/DDC.ddp not found, will not use a pak cache.
[2021.12.21-02.44.23:070][  0]LogDerivedDataCache: Unable to find inner node Pak for hierarchical cache Hierarchy.
[2021.12.21-02.44.23:070][  0]LogDerivedDataCache: FDerivedDataBackendGraph:  CompressedPak pak cache file ../../../../../../Users/Blizz/Documents/Unreal Projects/TimeLoopers/DerivedDataCache/Compressed.ddp not found, will not use a pak cache.
[2021.12.21-02.44.23:070][  0]LogDerivedDataCache: Unable to find inner node CompressedPak for hierarchical cache Hierarchy.
[2021.12.21-02.44.23:084][  0]LogDerivedDataCache: Display: Pak cache opened for reading ../../../Engine/DerivedDataCache/Compressed.ddp.
[2021.12.21-02.44.23:084][  0]LogDerivedDataCache: FDerivedDataBackendGraph:  EnterprisePak pak cache file ../../../Enterprise/DerivedDataCache/Compressed.ddp not found, will not use a pak cache.
[2021.12.21-02.44.23:084][  0]LogDerivedDataCache: Unable to find inner node EnterprisePak for hierarchical cache Hierarchy.
[2021.12.21-02.44.23:092][  0]LogDerivedDataCache: Speed tests for C:/Users/Blizz/AppData/Local/UnrealEngine/Common/DerivedDataCache took 0.01 seconds
[2021.12.21-02.44.23:092][  0]LogDerivedDataCache: Display: Performance to C:/Users/Blizz/AppData/Local/UnrealEngine/Common/DerivedDataCache: Latency=0.02ms. RandomReadSpeed=1198.98MBs, RandomWriteSpeed=131.72MBs. Assigned SpeedClass 'Local'
[2021.12.21-02.44.23:093][  0]LogDerivedDataCache: Using Local data cache path C:/Users/Blizz/AppData/Local/UnrealEngine/Common/DerivedDataCache: Writable
[2021.12.21-02.44.23:093][  0]LogDerivedDataCache: Shared data cache path not found in *engine.ini, will not use an Shared cache.
[2021.12.21-02.44.23:093][  0]LogDerivedDataCache: Unable to find inner node Shared for hierarchical cache Hierarchy.
[2021.12.21-02.44.23:134][  0]LogSlate: Using FreeType 2.10.0
[2021.12.21-02.44.23:134][  0]LogSlate: SlateFontServices - WITH_FREETYPE: 1, WITH_HARFBUZZ: 1
[2021.12.21-02.44.23:165][  0]LogAssetRegistry: FAssetRegistry took 0.0025 seconds to start up
[2021.12.21-02.44.23:364][  0]LogInit: Selected Device Profile: [Windows]
[2021.12.21-02.44.23:364][  0]LogInit: Active device profile: [0000026200F10B00][0000026274C1C840 49] Windows
[2021.12.21-02.44.23:364][  0]LogInit: Profiles: [0000026200F10B00][0000026274C1C840 49] Windows, [0000026200E36100][00000262751DE980 49] WindowsNoEditor, [0000026200F11900][00000262751E2AC0 49] WindowsServer, [0000026200E36E00][00000262751EAC40 49] WindowsClient, [0000026200F13C00][00000262751EEDC0 49] IOS, [0000026200E34F00][00000262751F2F40 49] iPadAir, [0000026200F13E00][0000026201C0B0C0 49] iPadAir2, [0000026201E20E00][00000262007B5380 49] IPadPro, [0000026201E20F00][00000262007B13C0 49] iPadAir3, [0000026200E37B00][00000262007B9540 49] iPadAir4, [0000026201E23800][00000262007BD6C0 49] iPadMini2, [0000026200E36F00][00000262007C1840 49] iPadMini3, [0000026201E23A00][00000262007C59C0 49] iPadMini4, [0000026200E37800][00000262007E7B40 49] iPadMini5, [0000026201E8C600][0000026202D36280 49] iPhone6, [0000026201E8C700][000002627E0CC2C0 49] iPodTouch6, [0000026200F12800][000002620187C580 49] iPhone7, [0000026200F12600][0000026202E205C0 49] iPodTouch7, [0000026201E8C100][0000026202FA8740 49] iPhone5S, [0000026201E20700][00000262019788C0 49] iPhone6Plus, [0000026201E8E500][00000262751E6A00 49] iPhone6S, [0000026201E21300][0000026201994B40 49] iPhone6SPlus, [0000026201E8FB00][0000026203016C80 49] iPhone7Plus, [0000026201E23700][000002620301ADC0 49] iPhoneSE, [0000026200F12B00][000002627538AF40 49] iPhone8, [0000026201E20600][00000262753AF0C0 49] iPhone8Plus, [0000026200F12100][00000262753B3240 49] iPhoneX, [0000026201E22900][00000262753B73C0 49] iPhoneXS, [0000026200F13700][00000262030EF540 49] iPhoneXSMax, [0000026201E22F00][00000262031C36C0 49] iPhoneXR, [0000026200F13B00][00000262031C7840 49] iPhone11, [0000026201E21E00][000002620320B9C0 49] iPhone11Pro, [0000026200F10700][000002620320FB40 49] iPhone11ProMax, [0000026201E22000][0000026203212140 49] iPhoneSE2, [0000026200F13A00][00000262019982C0 49] iPhone12Mini, [0000026201E22100][00000262019D8440 49] iPhone12, [0000026200F10600][00000262019E85C0 49] iPhone12Pro, [0000026201E23400][00000262019EC740 49] iPhone12ProMax, [0000026200F10800][00000262019F08C0 49] iPadPro105, [0000026201E21900][00000262019F4A40 49] iPadPro129, [0000026200F13F00][0000026275386B80 49] iPadPro97, [0000026201E23C00][0000026201A06CC0 49] iPadPro2_129, [0000026200F13900][0000026201A22E00 49] iPad5, [0000026201E20300][0000026201A26F40 49] iPad6, [0000026200F11B00][0000026201A2F0C0 49] iPad7, [0000026201E23600][0000026201A33240 49] iPad8, [0000026200F11600][0000026201A373C0 49] iPadPro11, [0000026201E22D00][0000026201A3B540 49] iPadPro2_11, [0000026200F11A00][0000026201A3F6C0 49] iPadPro3_129, [0000026201E22E00][0000026201A43840 49] iPadPro4_129, [0000026200F10500][0000026201BC39C0 49] AppleTV, [0000026201E23000][0000026201C03B40 49] AppleTV4K, [0000026200F11C00][0000026201C06140 49] TVOS, [0000026201E20800][0000026202D102C0 49] Mac, [0000026200F12500][0000026202D18440 49] MacClient, [0000026201E22C00][0000026202D1C5C0 49] MacNoEditor, [0000026200F13500][0000026202D20740 49] MacServer, [0000026201E20A00][0000026202D288C0 49] Linux, [0000026200F10400][0000026202D2CA40 49] LinuxAArch64, [0000026201E21A00][00000262033ACBC0 49] LinuxNoEditor, [0000026200F11D00][00000262033E8D40 49] LinuxAArch64NoEditor, [0000026201E22700][0000026201A2AE80 49] LinuxClient, [0000026200F11400][00000262033ECFC0 49] LinuxAArch64Client, [0000026201E22800][00000262033F1100 49] LinuxServer, [0000026200F12F00][00000262033DF280 49] LinuxAArch64Server, [0000026201E21700][000002627538F400 49] Android, [0000026200F13D00][000002627539F580 49] Android_Low, [0000026201E20B00][00000262753A3700 49] Android_Mid, [0000026200F12200][00000262753A7880 49] Android_High, [0000026201E20C00][00000262753ABA00 49] Android_Default, [0000026200F11300][000002620319FB80 49] Android_Adreno4xx, [0000026200E36300][00000262031A2180 49] Android_Adreno5xx_Low, [0000026201E8DC00][00000262031A6300 49] Android_Adreno5xx, [0000026200E36600][000002620197C480 49] Android_Adreno6xx, [0000026201E8E000][0000026202D14600 49] Android_Adreno6xx_Vulkan, [0000026200E34400][00000262031AA780 49] Android_Mali_T6xx, [0000026201E8CF00][00000262031AE900 49] Android_Mali_T7xx, [0000026200E35C00][00000262031B2A80 49] Android_Mali_T8xx, [0000026201E8DF00][00000262031B6C00 49] Android_Mali_G71, [0000026200E36800][00000262031BAD80 49] Android_Mali_G72, [0000026201E8F300][00000262031BEF00 49] Android_Mali_G72_Vulkan, [0000026200E37E00][0000026202D25040 49] Android_Mali_G76, [0000026201E8E200][000002620340D180 49] Android_Mali_G76_Vulkan, [0000026200E35E00][00000262034112C0 49] Android_Mali_G77, [0000026201E8C900][0000026203419440 49] Android_Mali_G77_Vulkan, [0000026200E37F00][000002620341D5C0 49] Android_Mali_G78, [0000026201E8D300][0000026203421740 49] Android_Mali_G78_Vulkan, [0000026200E37400][00000262034258C0 49] Android_Mali_G710, [0000026201E8FE00][0000026203429A40 49] Android_Mali_G710_Vulkan, [0000026200E34700][000002620342DBC0 49] Android_Vulkan_SM5, [0000026201E8FF00][0000026202FD21C0 49] Android_PowerVR_G6xxx, [0000026200E35F00][0000026202FD6340 49] Android_PowerVR_GT7xxx, [0000026201E8EB00][0000026202FDA4C0 49] Android_PowerVR_GE8xxx, [0000026200E37700][0000026202FDE640 49] Android_PowerVR_GM9xxx, [0000026201E8E800][0000026202FE27C0 49] Android_PowerVR_GM9xxx_Vulkan, [0000026200E35500][0000026202FE6940 49] Android_TegraK1, [0000026201E8D700][0000026202FEAAC0 49] Android_Unknown_Vulkan, [0000026200E36C00][0000026202FEEC40 49] Lumin, [0000026201E8FD00][0000026202FF2DC0 49] Lumin_Desktop, [0000026200E34E00][0000026202FF6F40 49] HoloLens, 
[2021.12.21-02.44.23:478][  0]LogMeshReduction: Using QuadricMeshReduction for automatic static mesh reduction
[2021.12.21-02.44.23:478][  0]LogMeshReduction: Using SimplygonMeshReduction for automatic skeletal mesh reduction
[2021.12.21-02.44.23:478][  0]LogMeshReduction: Using ProxyLODMeshReduction for automatic mesh merging
[2021.12.21-02.44.23:478][  0]LogMeshReduction: No distributed automatic mesh merging module available
[2021.12.21-02.44.23:478][  0]LogMeshMerging: No distributed automatic mesh merging module available
[2021.12.21-02.44.23:493][  0]LogNetVersion: TimeLoopers 1.0.0, NetCL: 17155196, EngineNetVer: 17, GameNetVer: 0 (Checksum: 2267556253)
[2021.12.21-02.44.23:816][  0]LogTexture: Default maximum texture size for cubemaps generated from long-lat sources has been changed from 512 to unlimited. In order to preserve old behaiour for '/Engine/MapTemplates/Sky/DaylightAmbientCubemap.DaylightAmbientCubemap', its maximum texture size has been explicitly set to 512.
[2021.12.21-02.44.23:860][  0]LogHMD: PokeAHoleMaterial loaded successfully
[2021.12.21-02.44.23:865][  0]LogUObjectArray: 17178 objects as part of root set at end of initial load.
[2021.12.21-02.44.23:865][  0]LogUObjectAllocator: 4302048 out of 0 bytes used by permanent object pool.
[2021.12.21-02.44.23:865][  0]LogUObjectArray: CloseDisregardForGC: 0/0 objects in disregard for GC pool
[2021.12.21-02.44.24:021][  0]LogNiagaraDebuggerClient: Niagara Debugger Client Initialized | Session: D6A5E11D494C2A69FA35FE9718FE7C75 | Instance: F9D7231D453E853FCA96DEA0197DD981 (AURORA-LAPTOP-29332).
[2021.12.21-02.44.24:130][  0]LogPython: Using Python 3.7.7
[2021.12.21-02.44.24:579][  0]LogTcpMessaging: Initializing TcpMessaging bridge
[2021.12.21-02.44.24:583][  0]LogUdpMessaging: Initializing bridge on interface 0.0.0.0:0 to multicast group 230.0.0.1:6666.
[2021.12.21-02.44.24:817][  0]SourceControl: Source control is disabled
[2021.12.21-02.44.24:817][  0]SourceControl: Source control is disabled
[2021.12.21-02.44.24:827][  0]SourceControl: Source control is disabled
[2021.12.21-02.44.24:830][  0]SourceControl: Source control is disabled
[2021.12.21-02.44.24:836][  0]SourceControl: Source control is disabled
[2021.12.21-02.44.24:850][  0]LogUProjectInfo: Found projects:
[2021.12.21-02.44.25:007][  0]LogOpenImageDenoise: OIDN starting up
[2021.12.21-02.44.25:024][  0]Surfaces: Warning: Surfaces module has been loaded
[2021.12.21-02.44.25:059][  0]LogAndroidPermission: UAndroidPermissionCallbackProxy::GetInstance
[2021.12.21-02.44.25:076][  0]LogAudioCaptureCore: Display: No Audio Capture implementations found. Audio input will be silent.
[2021.12.21-02.44.25:076][  0]LogAudioCaptureCore: Display: No Audio Capture implementations found. Audio input will be silent.
[2021.12.21-02.44.25:260][  0]LogOcInput: OculusInput pre-init called
[2021.12.21-02.44.25:407][  0]LogCollectionManager: Loaded 0 collections in 0.001469 seconds
[2021.12.21-02.44.25:460][  0]LogFileCache: Scanning file cache for directory 'C:/Users/Blizz/Documents/Unreal Projects/TimeLoopers/Saved/Collections/' took 0.00s
[2021.12.21-02.44.25:460][  0]LogFileCache: Scanning file cache for directory 'C:/Users/Blizz/Documents/Unreal Projects/TimeLoopers/Content/Developers/Blizz/Collections/' took 0.00s
[2021.12.21-02.44.25:460][  0]LogFileCache: Scanning file cache for directory 'C:/Users/Blizz/Documents/Unreal Projects/TimeLoopers/Content/Collections/' took 0.00s
[2021.12.21-02.44.25:460][  0]LogClass: Display: StructProperty FLPSPDirectionVectors::Horizontal is not initialized properly. Module:LowPolyShooterPack File:Public/LPSPDirectionVectors.h
[2021.12.21-02.44.25:461][  0]LogClass: Display: StructProperty FLPSPDirectionVectors::Vertical is not initialized properly. Module:LowPolyShooterPack File:Public/LPSPDirectionVectors.h
[2021.12.21-02.44.25:461][  0]LogClass: Warning: ObjectProperty FSUDecal::Material is not initialized properly. Module:Surfaces File:Public/SUDecal.h
[2021.12.21-02.44.25:461][  0]LogClass: Display: FloatProperty FSUDecal::FadeScreenSize is not initialized properly. Module:Surfaces File:Public/SUDecal.h
[2021.12.21-02.44.25:461][  0]LogClass: Display: FloatProperty FSUFade::MinDelay is not initialized properly. Module:Surfaces File:Public/SUFade.h
[2021.12.21-02.44.25:461][  0]LogClass: Display: FloatProperty FSUFade::MaxDelay is not initialized properly. Module:Surfaces File:Public/SUFade.h
[2021.12.21-02.44.25:461][  0]LogClass: Display: FloatProperty FSUFade::MinDuration is not initialized properly. Module:Surfaces File:Public/SUFade.h
[2021.12.21-02.44.25:461][  0]LogClass: Display: FloatProperty FSUFade::MaxDuration is not initialized properly. Module:Surfaces File:Public/SUFade.h
[2021.12.21-02.44.25:461][  0]LogClass: Display: StructProperty FSUSettings::Offset is not initialized properly. Module:Surfaces File:Public/SUSettings.h
[2021.12.21-02.44.25:461][  0]LogClass: Display: FloatProperty FSUSettings::MinScale is not initialized properly. Module:Surfaces File:Public/SUSettings.h
[2021.12.21-02.44.25:461][  0]LogClass: Display: FloatProperty FSUSettings::MaxScale is not initialized properly. Module:Surfaces File:Public/SUSettings.h
[2021.12.21-02.44.25:461][  0]LogClass: Warning: ObjectProperty FSUDetails::Sound is not initialized properly. Module:Surfaces File:Public/SUDetails.h
[2021.12.21-02.44.25:461][  0]LogClass: Warning: ObjectProperty FSUParticle::Template is not initialized properly. Module:Surfaces File:Public/SUParticle.h
[2021.12.21-02.44.25:461][  0]LogClass: Display: 13 Uninitialized script struct members found including 3 object properties
[2021.12.21-02.44.25:461][  0]LogAutomationTest: Warning: ObjectProperty FSUDecal::Material is not initialized properly. Module:Surfaces File:Public/SUDecal.h
[2021.12.21-02.44.25:461][  0]LogAutomationTest: Warning: ObjectProperty FSUDetails::Sound is not initialized properly. Module:Surfaces File:Public/SUDetails.h
[2021.12.21-02.44.25:461][  0]LogAutomationTest: Warning: ObjectProperty FSUParticle::Template is not initialized properly. Module:Surfaces File:Public/SUParticle.h
[2021.12.21-02.44.25:462][  0]LogEngine: Initializing Engine...
[2021.12.21-02.44.25:521][  0]LogHMD: Failed to initialize OpenVR with code 108
[2021.12.21-02.44.25:546][  0]LogHMD: Optional extension XR_VARJO_quad_views is not available
[2021.12.21-02.44.25:546][  0]LogHMD: Warning: Required extension XR_EXT_eye_gaze_interaction is not available
[2021.12.21-02.44.25:546][  0]LogHMD: Could not enable all required OpenXR extensions for OpenXREyeTracker on current system. This plugin will be loaded but ignored, but will be enabled on a target platform that supports the required extension.
[2021.12.21-02.44.26:049][  0]LogHMD: Failed to get an OpenXR system, result is XR_ERROR_FORM_FACTOR_UNAVAILABLE. Please check that your runtime supports VR headsets.
[2021.12.21-02.44.26:049][  0]LogMagicLeap: Warning: VR disabled because ZI is not enabled.  To enable, in the editor, Edit -> Project Settings -> Plugins -> Magic Leap Plugin -> Enable Zero Iteration
[2021.12.21-02.44.26:050][  0]LogStats: UGameplayTagsManager::InitializeManager -  0.000 s
[2021.12.21-02.44.26:148][  0]LogInit: Initializing FReadOnlyCVARCache
[2021.12.21-02.44.26:155][  0]LogAIModule: Creating AISystem for world Untitled
[2021.12.21-02.44.26:162][  0]LogAudio: Display: Initializing Audio Device Manager...
[2021.12.21-02.44.26:166][  0]LogAudio: Display: Loading Default Audio Settings Objects...
[2021.12.21-02.44.26:166][  0]LogAudio: Display: No default SoundConcurrencyObject specified (or failed to load).
[2021.12.21-02.44.26:167][  0]LogAudio: Display: Audio Device Manager Initialized
[2021.12.21-02.44.26:167][  0]LogAudio: Display: Creating Audio Device:                 Id: 1, Scope: Shared, Realtime: True
[2021.12.21-02.44.26:167][  0]LogAudioMixer: Display: Audio Mixer Platform Settings:
[2021.12.21-02.44.26:167][  0]LogAudioMixer: Display: 	Sample Rate:						  48000
[2021.12.21-02.44.26:167][  0]LogAudioMixer: Display: 	Callback Buffer Frame Size Requested: 1024
[2021.12.21-02.44.26:167][  0]LogAudioMixer: Display: 	Callback Buffer Frame Size To Use:	  1024
[2021.12.21-02.44.26:167][  0]LogAudioMixer: Display: 	Number of buffers to queue:			  2
[2021.12.21-02.44.26:167][  0]LogAudioMixer: Display: 	Max Channels (voices):				  32
[2021.12.21-02.44.26:167][  0]LogAudioMixer: Display: 	Number of Async Source Workers:		  0
[2021.12.21-02.44.26:167][  0]LogAudio: Display: AudioDevice MaxSources: 32
[2021.12.21-02.44.26:167][  0]LogAudio: Display: Audio Spatialization Plugin: None (built-in).
[2021.12.21-02.44.26:167][  0]LogAudio: Display: Audio Reverb Plugin: None (built-in).
[2021.12.21-02.44.26:167][  0]LogAudio: Display: Audio Occlusion Plugin: None (built-in).
[2021.12.21-02.44.26:167][  0]LogAudioMixer: Display: Initializing audio mixer.
[2021.12.21-02.44.26:177][  0]LogAudioMixer: Display: 0: FrontLeft
[2021.12.21-02.44.26:177][  0]LogAudioMixer: Display: 1: FrontRight
[2021.12.21-02.44.27:046][  0]LogAudioMixer: Display: Using Audio Device Speaker (Realtek(R) Audio)
[2021.12.21-02.44.27:046][  0]LogAudioMixer: Display: Initializing Sound Submixes...
[2021.12.21-02.44.27:048][  0]LogAudioMixer: Display: Creating Master Submix 'MasterSubmixDefault'
[2021.12.21-02.44.27:048][  0]LogAudioMixer: Display: Creating Master Submix 'MasterReverbSubmixDefault'
[2021.12.21-02.44.27:049][  0]LogAudioMixer: Display: Creating Master Submix 'MasterEQSubmixDefault'
[2021.12.21-02.44.27:049][  0]LogAudioMixer: FMixerPlatformXAudio2::StartAudioStream() called
[2021.12.21-02.44.27:049][  0]LogAudioMixer: Display: Output buffers initialized: Frames=1024, Channels=2, Samples=2048
[2021.12.21-02.44.27:050][  0]LogAudioMixer: Display: Starting AudioMixerPlatformInterface::RunInternal()
[2021.12.21-02.44.27:050][  0]LogAudioMixer: Display: FMixerPlatformXAudio2::SubmitBuffer() called for the first time
[2021.12.21-02.44.27:050][  0]LogInit: FAudioDevice initialized.
[2021.12.21-02.44.27:050][  0]LogAudio: Display: Audio Device (ID: 1) registered with world 'Untitled'.
[2021.12.21-02.44.27:050][  0]LogNetVersion: Set ProjectVersion to 1.0.0.0. Version Checksum will be recalculated on next use.
[2021.12.21-02.44.27:099][  0]LogDerivedDataCache: Saved boot cache 0.05s 94MB C:/Users/Blizz/AppData/Local/UnrealEngine/4.27/DerivedDataCache/Boot.ddc.
[2021.12.21-02.44.27:100][  0]LogInit: Texture streaming: Enabled
[2021.12.21-02.44.27:113][  0]LogAnalytics: Display: [UEEditor.Rocket.Release] APIServer = https://datarouter.ol.epicgames.com/. AppVersion = 4.27.2-18319896+++UE4+Release-4.27
[2021.12.21-02.44.27:117][  0]LogEngineSessionManager: EngineSessionManager initialized
[2021.12.21-02.44.27:117][  0]LogEditorSessionSummary: Verbose: Initializing EditorSessionSummaryWriter for editor session tracking
[2021.12.21-02.44.27:123][  0]LogEditorSessionSummary: EditorSessionSummaryWriter initialized
[2021.12.21-02.44.27:147][  0]LogInit: Transaction tracking system initialized
[2021.12.21-02.44.27:169][  0]BlueprintLog: New page: Editor Load
[2021.12.21-02.44.27:229][  0]LocalizationService: Localization service is disabled
[2021.12.21-02.44.27:250][  0]TimingProfiler: Initialize
[2021.12.21-02.44.27:251][  0]TimingProfiler: OnSessionChanged
[2021.12.21-02.44.27:251][  0]LoadingProfiler: Initialize
[2021.12.21-02.44.27:251][  0]LoadingProfiler: OnSessionChanged
[2021.12.21-02.44.27:251][  0]NetworkingProfiler: Initialize
[2021.12.21-02.44.27:251][  0]NetworkingProfiler: OnSessionChanged
[2021.12.21-02.44.27:251][  0]MemoryProfiler: Initialize
[2021.12.21-02.44.27:251][  0]MemoryProfiler: OnSessionChanged
[2021.12.21-02.44.27:381][  0]LogCook: Display: CookSettings for Memory: MemoryMaxUsedVirtual 0MiB, MemoryMaxUsedPhysical 16384MiB, MemoryMinFreeVirtual 0MiB, MemoryMinFreePhysical 1024MiB
[2021.12.21-02.44.27:381][  0]LogCook: Display: Mobile HDR setting 1
[2021.12.21-02.44.27:468][  0]LogFileCache: Scanning file cache for directory 'C:/Users/Blizz/Documents/Unreal Projects/TimeLoopers/Content/' took 0.00s
[2021.12.21-02.44.27:468][  0]SurfacesEditor: Warning: SurfacesEditor module has been loaded
[2021.12.21-02.44.27:717][  0]LogInit: Display: Engine is initialized. Leaving FEngineLoop::Init()
[2021.12.21-02.44.27:720][  0]SourceControl: Source control is disabled
[2021.12.21-02.44.27:720][  0]LogUnrealEdMisc: Loading editor; pre map load, took 7.989
[2021.12.21-02.44.27:720][  0]Cmd: MAP LOAD FILE="../../../../../../Users/Blizz/Documents/Unreal Projects/TimeLoopers/Content/FirstPersonBP/Maps/FirstPersonExampleMap.umap" TEMPLATE=0 SHOWPROGRESS=1 FEATURELEVEL=3
[2021.12.21-02.44.27:720][  0]LightingResults: New page: Lighting Build
[2021.12.21-02.44.27:722][  0]LogWorld: UWorld::CleanupWorld for Untitled, bSessionEnded=true, bCleanupResources=true
[2021.12.21-02.44.27:722][  0]LogSlate: InvalidateAllWidgets triggered.  All widgets were invalidated
[2021.12.21-02.44.27:722][  0]MapCheck: New page: Map Check
[2021.12.21-02.44.27:722][  0]LightingResults: New page: Lighting Build
[2021.12.21-02.44.27:726][  0]LogAudio: Display: Audio Device unregistered from world 'None'.
[2021.12.21-02.44.27:728][  0]LogUObjectHash: Compacting FUObjectHashTables data took   0.69ms
[2021.12.21-02.44.27:892][  0]LogTexture: Display: Building textures: DeprecatedTexture4E9A31EC459F824B7293D9A5960F381F (BGRA8, 128X128)
[2021.12.21-02.44.27:947][  0]LogAudio: Display: Audio Device (ID: 1) registered with world 'FirstPersonExampleMap'.
[2021.12.21-02.44.27:948][  0]LogAIModule: Creating AISystem for world FirstPersonExampleMap
[2021.12.21-02.44.27:954][  0]LogEditorServer: Finished looking for orphan Actors (0.000 secs)
[2021.12.21-02.44.27:961][  0]LogUObjectHash: Compacting FUObjectHashTables data took   0.78ms
[2021.12.21-02.44.27:962][  0]Cmd: MAP CHECKDEP NOCLEARLOG
[2021.12.21-02.44.27:962][  0]MapCheck: Map check complete: 0 Error(s), 0 Warning(s), took 0.144ms to complete.
[2021.12.21-02.44.27:962][  0]LogFileHelpers: Loading map 'FirstPersonExampleMap' took 0.242
[2021.12.21-02.44.27:964][  0]LogUnrealEdMisc: Total Editor Startup Time, took 8.233
[2021.12.21-02.44.28:078][  0]LogSlate: Updating window title bar state: overlay mode, drag disabled, window buttons hidden, title bar hidden
[2021.12.21-02.44.28:083][  0]LogSlate: Updating window title bar state: overlay mode, drag disabled, window buttons hidden, title bar hidden
[2021.12.21-02.44.28:088][  0]LogSlate: Updating window title bar state: overlay mode, drag disabled, window buttons hidden, title bar hidden
[2021.12.21-02.44.28:094][  0]LogSlate: Updating window title bar state: overlay mode, drag disabled, window buttons hidden, title bar hidden
[2021.12.21-02.44.28:107][  0]LogNativeClassHierarchy: Verbose: Native class hierarchy populated in 0.0082 seconds. Added 3849 classes and 938 folders.
[2021.12.21-02.44.28:108][  0]LogNativeClassHierarchy: Verbose: Native class hierarchy updated for 'WidgetCarousel' in 0.0002 seconds. Added 0 classes and 0 folders.
[2021.12.21-02.44.28:110][  0]LogPakFile: PakFile PrimaryIndexSize=187
[2021.12.21-02.44.28:110][  0]LogPakFile: PakFile PathHashIndexSize=101
[2021.12.21-02.44.28:110][  0]LogPakFile: PakFile FullDirectoryIndexSize=148
[2021.12.21-02.44.28:110][  0]LogShaderLibrary: Display: ShaderCodeLibraryPakFileMountedCallback: PakFile 'C:/Program Files/Epic Games/UE_4.27/FeaturePacks/FP_FirstPerson.upack' (chunk index -1, root 'root:/') mounted
[2021.12.21-02.44.28:110][  0]LogShaderLibrary: Display: ShaderCodeLibraryPakFileMountedCallback: pending pak file info (ChunkID:-1 Root:root:/ File:C:/Program Files/Epic Games/UE_4.27/FeaturePacks/FP_FirstPerson.upack)
[2021.12.21-02.44.28:110][  0]LogPakFile: OnPakFileMounted2Time == 0.000045
[2021.12.21-02.44.28:111][  0]LogPakFile: PakFile PrimaryIndexSize=189
[2021.12.21-02.44.28:111][  0]LogPakFile: PakFile PathHashIndexSize=101
[2021.12.21-02.44.28:111][  0]LogPakFile: PakFile FullDirectoryIndexSize=152
[2021.12.21-02.44.28:111][  0]LogShaderLibrary: Display: ShaderCodeLibraryPakFileMountedCallback: PakFile 'C:/Program Files/Epic Games/UE_4.27/FeaturePacks/FP_FirstPersonBP.upack' (chunk index -1, root 'root:/') mounted
[2021.12.21-02.44.28:111][  0]LogShaderLibrary: Display: ShaderCodeLibraryPakFileMountedCallback: pending pak file info (ChunkID:-1 Root:root:/ File:C:/Program Files/Epic Games/UE_4.27/FeaturePacks/FP_FirstPersonBP.upack)
[2021.12.21-02.44.28:111][  0]LogPakFile: OnPakFileMounted2Time == 0.000030
[2021.12.21-02.44.28:111][  0]LogPakFile: PakFile PrimaryIndexSize=191
[2021.12.21-02.44.28:111][  0]LogPakFile: PakFile PathHashIndexSize=101
[2021.12.21-02.44.28:111][  0]LogPakFile: PakFile FullDirectoryIndexSize=160
[2021.12.21-02.44.28:111][  0]LogShaderLibrary: Display: ShaderCodeLibraryPakFileMountedCallback: PakFile 'C:/Program Files/Epic Games/UE_4.27/FeaturePacks/MobileStarterContent.upack' (chunk index -1, root 'root:/') mounted
[2021.12.21-02.44.28:111][  0]LogShaderLibrary: Display: ShaderCodeLibraryPakFileMountedCallback: pending pak file info (ChunkID:-1 Root:root:/ File:C:/Program Files/Epic Games/UE_4.27/FeaturePacks/MobileStarterContent.upack)
[2021.12.21-02.44.28:111][  0]LogPakFile: OnPakFileMounted2Time == 0.000025
[2021.12.21-02.44.28:112][  0]LogPakFile: PakFile PrimaryIndexSize=185
[2021.12.21-02.44.28:112][  0]LogPakFile: PakFile PathHashIndexSize=101
[2021.12.21-02.44.28:112][  0]LogPakFile: PakFile FullDirectoryIndexSize=148
[2021.12.21-02.44.28:112][  0]LogShaderLibrary: Display: ShaderCodeLibraryPakFileMountedCallback: PakFile 'C:/Program Files/Epic Games/UE_4.27/FeaturePacks/StarterContent.upack' (chunk index -1, root 'root:/') mounted
[2021.12.21-02.44.28:112][  0]LogShaderLibrary: Display: ShaderCodeLibraryPakFileMountedCallback: pending pak file info (ChunkID:-1 Root:root:/ File:C:/Program Files/Epic Games/UE_4.27/FeaturePacks/StarterContent.upack)
[2021.12.21-02.44.28:112][  0]LogPakFile: OnPakFileMounted2Time == 0.000027
[2021.12.21-02.44.28:112][  0]LogPakFile: PakFile PrimaryIndexSize=190
[2021.12.21-02.44.28:112][  0]LogPakFile: PakFile PathHashIndexSize=101
[2021.12.21-02.44.28:112][  0]LogPakFile: PakFile FullDirectoryIndexSize=154
[2021.12.21-02.44.28:112][  0]LogShaderLibrary: Display: ShaderCodeLibraryPakFileMountedCallback: PakFile 'C:/Program Files/Epic Games/UE_4.27/FeaturePacks/TP_2DSideScroller.upack' (chunk index -1, root 'root:/') mounted
[2021.12.21-02.44.28:112][  0]LogShaderLibrary: Display: ShaderCodeLibraryPakFileMountedCallback: pending pak file info (ChunkID:-1 Root:root:/ File:C:/Program Files/Epic Games/UE_4.27/FeaturePacks/TP_2DSideScroller.upack)
[2021.12.21-02.44.28:112][  0]LogPakFile: OnPakFileMounted2Time == 0.000026
[2021.12.21-02.44.28:113][  0]LogPakFile: PakFile PrimaryIndexSize=192
[2021.12.21-02.44.28:113][  0]LogPakFile: PakFile PathHashIndexSize=101
[2021.12.21-02.44.28:113][  0]LogPakFile: PakFile FullDirectoryIndexSize=158
[2021.12.21-02.44.28:113][  0]LogShaderLibrary: Display: ShaderCodeLibraryPakFileMountedCallback: PakFile 'C:/Program Files/Epic Games/UE_4.27/FeaturePacks/TP_2DSideScrollerBP.upack' (chunk index -1, root 'root:/') mounted
[2021.12.21-02.44.28:113][  0]LogShaderLibrary: Display: ShaderCodeLibraryPakFileMountedCallback: pending pak file info (ChunkID:-1 Root:root:/ File:C:/Program Files/Epic Games/UE_4.27/FeaturePacks/TP_2DSideScrollerBP.upack)
[2021.12.21-02.44.28:113][  0]LogPakFile: OnPakFileMounted2Time == 0.000025
[2021.12.21-02.44.28:113][  0]LogPakFile: PakFile PrimaryIndexSize=182
[2021.12.21-02.44.28:113][  0]LogPakFile: PakFile PathHashIndexSize=101
[2021.12.21-02.44.28:113][  0]LogPakFile: PakFile FullDirectoryIndexSize=138
[2021.12.21-02.44.28:113][  0]LogShaderLibrary: Display: ShaderCodeLibraryPakFileMountedCallback: PakFile 'C:/Program Files/Epic Games/UE_4.27/FeaturePacks/TP_Flying.upack' (chunk index -1, root 'root:/') mounted
[2021.12.21-02.44.28:113][  0]LogShaderLibrary: Display: ShaderCodeLibraryPakFileMountedCallback: pending pak file info (ChunkID:-1 Root:root:/ File:C:/Program Files/Epic Games/UE_4.27/FeaturePacks/TP_Flying.upack)
[2021.12.21-02.44.28:113][  0]LogPakFile: OnPakFileMounted2Time == 0.000026
[2021.12.21-02.44.28:114][  0]LogPakFile: PakFile PrimaryIndexSize=184
[2021.12.21-02.44.28:114][  0]LogPakFile: PakFile PathHashIndexSize=101
[2021.12.21-02.44.28:114][  0]LogPakFile: PakFile FullDirectoryIndexSize=142
[2021.12.21-02.44.28:114][  0]LogShaderLibrary: Display: ShaderCodeLibraryPakFileMountedCallback: PakFile 'C:/Program Files/Epic Games/UE_4.27/FeaturePacks/TP_FlyingBP.upack' (chunk index -1, root 'root:/') mounted
[2021.12.21-02.44.28:114][  0]LogShaderLibrary: Display: ShaderCodeLibraryPakFileMountedCallback: pending pak file info (ChunkID:-1 Root:root:/ File:C:/Program Files/Epic Games/UE_4.27/FeaturePacks/TP_FlyingBP.upack)
[2021.12.21-02.44.28:114][  0]LogPakFile: OnPakFileMounted2Time == 0.000026
[2021.12.21-02.44.28:115][  0]LogPakFile: PakFile PrimaryIndexSize=188
[2021.12.21-02.44.28:115][  0]LogPakFile: PakFile PathHashIndexSize=101
[2021.12.21-02.44.28:115][  0]LogPakFile: PakFile FullDirectoryIndexSize=150
[2021.12.21-02.44.28:115][  0]LogShaderLibrary: Display: ShaderCodeLibraryPakFileMountedCallback: PakFile 'C:/Program Files/Epic Games/UE_4.27/FeaturePacks/TP_HandheldARBP.upack' (chunk index -1, root 'root:/') mounted
[2021.12.21-02.44.28:115][  0]LogShaderLibrary: Display: ShaderCodeLibraryPakFileMountedCallback: pending pak file info (ChunkID:-1 Root:root:/ File:C:/Program Files/Epic Games/UE_4.27/FeaturePacks/TP_HandheldARBP.upack)
[2021.12.21-02.44.28:115][  0]LogPakFile: OnPakFileMounted2Time == 0.000025
[2021.12.21-02.44.28:115][  0]LogPakFile: PakFile PrimaryIndexSize=182
[2021.12.21-02.44.28:115][  0]LogPakFile: PakFile PathHashIndexSize=101
[2021.12.21-02.44.28:115][  0]LogPakFile: PakFile FullDirectoryIndexSize=138
[2021.12.21-02.44.28:115][  0]LogShaderLibrary: Display: ShaderCodeLibraryPakFileMountedCallback: PakFile 'C:/Program Files/Epic Games/UE_4.27/FeaturePacks/TP_Puzzle.upack' (chunk index -1, root 'root:/') mounted
[2021.12.21-02.44.28:115][  0]LogShaderLibrary: Display: ShaderCodeLibraryPakFileMountedCallback: pending pak file info (ChunkID:-1 Root:root:/ File:C:/Program Files/Epic Games/UE_4.27/FeaturePacks/TP_Puzzle.upack)
[2021.12.21-02.44.28:115][  0]LogPakFile: OnPakFileMounted2Time == 0.000025
[2021.12.21-02.44.28:116][  0]LogPakFile: PakFile PrimaryIndexSize=184
[2021.12.21-02.44.28:116][  0]LogPakFile: PakFile PathHashIndexSize=101
[2021.12.21-02.44.28:116][  0]LogPakFile: PakFile FullDirectoryIndexSize=142
[2021.12.21-02.44.28:116][  0]LogShaderLibrary: Display: ShaderCodeLibraryPakFileMountedCallback: PakFile 'C:/Program Files/Epic Games/UE_4.27/FeaturePacks/TP_PuzzleBP.upack' (chunk index -1, root 'root:/') mounted
[2021.12.21-02.44.28:116][  0]LogShaderLibrary: Display: ShaderCodeLibraryPakFileMountedCallback: pending pak file info (ChunkID:-1 Root:root:/ File:C:/Program Files/Epic Games/UE_4.27/FeaturePacks/TP_PuzzleBP.upack)
[2021.12.21-02.44.28:116][  0]LogPakFile: OnPakFileMounted2Time == 0.000026
[2021.12.21-02.44.28:117][  0]LogPakFile: PakFile PrimaryIndexSize=183
[2021.12.21-02.44.28:117][  0]LogPakFile: PakFile PathHashIndexSize=101
[2021.12.21-02.44.28:117][  0]LogPakFile: PakFile FullDirectoryIndexSize=140
[2021.12.21-02.44.28:117][  0]LogShaderLibrary: Display: ShaderCodeLibraryPakFileMountedCallback: PakFile 'C:/Program Files/Epic Games/UE_4.27/FeaturePacks/TP_Rolling.upack' (chunk index -1, root 'root:/') mounted
[2021.12.21-02.44.28:117][  0]LogShaderLibrary: Display: ShaderCodeLibraryPakFileMountedCallback: pending pak file info (ChunkID:-1 Root:root:/ File:C:/Program Files/Epic Games/UE_4.27/FeaturePacks/TP_Rolling.upack)
[2021.12.21-02.44.28:117][  0]LogPakFile: OnPakFileMounted2Time == 0.000051
[2021.12.21-02.44.28:118][  0]LogPakFile: PakFile PrimaryIndexSize=185
[2021.12.21-02.44.28:118][  0]LogPakFile: PakFile PathHashIndexSize=101
[2021.12.21-02.44.28:118][  0]LogPakFile: PakFile FullDirectoryIndexSize=144
[2021.12.21-02.44.28:118][  0]LogShaderLibrary: Display: ShaderCodeLibraryPakFileMountedCallback: PakFile 'C:/Program Files/Epic Games/UE_4.27/FeaturePacks/TP_RollingBP.upack' (chunk index -1, root 'root:/') mounted
[2021.12.21-02.44.28:118][  0]LogShaderLibrary: Display: ShaderCodeLibraryPakFileMountedCallback: pending pak file info (ChunkID:-1 Root:root:/ File:C:/Program Files/Epic Games/UE_4.27/FeaturePacks/TP_RollingBP.upack)
[2021.12.21-02.44.28:118][  0]LogPakFile: OnPakFileMounted2Time == 0.000041
[2021.12.21-02.44.28:119][  0]LogPakFile: PakFile PrimaryIndexSize=188
[2021.12.21-02.44.28:119][  0]LogPakFile: PakFile PathHashIndexSize=101
[2021.12.21-02.44.28:119][  0]LogPakFile: PakFile FullDirectoryIndexSize=150
[2021.12.21-02.44.28:119][  0]LogShaderLibrary: Display: ShaderCodeLibraryPakFileMountedCallback: PakFile 'C:/Program Files/Epic Games/UE_4.27/FeaturePacks/TP_SideScroller.upack' (chunk index -1, root 'root:/') mounted
[2021.12.21-02.44.28:119][  0]LogShaderLibrary: Display: ShaderCodeLibraryPakFileMountedCallback: pending pak file info (ChunkID:-1 Root:root:/ File:C:/Program Files/Epic Games/UE_4.27/FeaturePacks/TP_SideScroller.upack)
[2021.12.21-02.44.28:119][  0]LogPakFile: OnPakFileMounted2Time == 0.000026
[2021.12.21-02.44.28:119][  0]LogPakFile: PakFile PrimaryIndexSize=190
[2021.12.21-02.44.28:119][  0]LogPakFile: PakFile PathHashIndexSize=101
[2021.12.21-02.44.28:119][  0]LogPakFile: PakFile FullDirectoryIndexSize=154
[2021.12.21-02.44.28:119][  0]LogShaderLibrary: Display: ShaderCodeLibraryPakFileMountedCallback: PakFile 'C:/Program Files/Epic Games/UE_4.27/FeaturePacks/TP_SideScrollerBP.upack' (chunk index -1, root 'root:/') mounted
[2021.12.21-02.44.28:119][  0]LogShaderLibrary: Display: ShaderCodeLibraryPakFileMountedCallback: pending pak file info (ChunkID:-1 Root:root:/ File:C:/Program Files/Epic Games/UE_4.27/FeaturePacks/TP_SideScrollerBP.upack)
[2021.12.21-02.44.28:119][  0]LogPakFile: OnPakFileMounted2Time == 0.000025
[2021.12.21-02.44.28:120][  0]LogPakFile: PakFile PrimaryIndexSize=187
[2021.12.21-02.44.28:120][  0]LogPakFile: PakFile PathHashIndexSize=101
[2021.12.21-02.44.28:120][  0]LogPakFile: PakFile FullDirectoryIndexSize=148
[2021.12.21-02.44.28:120][  0]LogShaderLibrary: Display: ShaderCodeLibraryPakFileMountedCallback: PakFile 'C:/Program Files/Epic Games/UE_4.27/FeaturePacks/TP_ThirdPerson.upack' (chunk index -1, root 'root:/') mounted
[2021.12.21-02.44.28:120][  0]LogShaderLibrary: Display: ShaderCodeLibraryPakFileMountedCallback: pending pak file info (ChunkID:-1 Root:root:/ File:C:/Program Files/Epic Games/UE_4.27/FeaturePacks/TP_ThirdPerson.upack)
[2021.12.21-02.44.28:120][  0]LogPakFile: OnPakFileMounted2Time == 0.000025
[2021.12.21-02.44.28:120][  0]LogPakFile: PakFile PrimaryIndexSize=189
[2021.12.21-02.44.28:120][  0]LogPakFile: PakFile PathHashIndexSize=101
[2021.12.21-02.44.28:120][  0]LogPakFile: PakFile FullDirectoryIndexSize=152
[2021.12.21-02.44.28:120][  0]LogShaderLibrary: Display: ShaderCodeLibraryPakFileMountedCallback: PakFile 'C:/Program Files/Epic Games/UE_4.27/FeaturePacks/TP_ThirdPersonBP.upack' (chunk index -1, root 'root:/') mounted
[2021.12.21-02.44.28:120][  0]LogShaderLibrary: Display: ShaderCodeLibraryPakFileMountedCallback: pending pak file info (ChunkID:-1 Root:root:/ File:C:/Program Files/Epic Games/UE_4.27/FeaturePacks/TP_ThirdPersonBP.upack)
[2021.12.21-02.44.28:120][  0]LogPakFile: OnPakFileMounted2Time == 0.000025
[2021.12.21-02.44.28:121][  0]LogPakFile: PakFile PrimaryIndexSize=183
[2021.12.21-02.44.28:121][  0]LogPakFile: PakFile PathHashIndexSize=101
[2021.12.21-02.44.28:121][  0]LogPakFile: PakFile FullDirectoryIndexSize=140
[2021.12.21-02.44.28:121][  0]LogShaderLibrary: Display: ShaderCodeLibraryPakFileMountedCallback: PakFile 'C:/Program Files/Epic Games/UE_4.27/FeaturePacks/TP_TopDown.upack' (chunk index -1, root 'root:/') mounted
[2021.12.21-02.44.28:121][  0]LogShaderLibrary: Display: ShaderCodeLibraryPakFileMountedCallback: pending pak file info (ChunkID:-1 Root:root:/ File:C:/Program Files/Epic Games/UE_4.27/FeaturePacks/TP_TopDown.upack)
[2021.12.21-02.44.28:121][  0]LogPakFile: OnPakFileMounted2Time == 0.000031
[2021.12.21-02.44.28:121][  0]LogPakFile: PakFile PrimaryIndexSize=185
[2021.12.21-02.44.28:121][  0]LogPakFile: PakFile PathHashIndexSize=101
[2021.12.21-02.44.28:121][  0]LogPakFile: PakFile FullDirectoryIndexSize=144
[2021.12.21-02.44.28:121][  0]LogShaderLibrary: Display: ShaderCodeLibraryPakFileMountedCallback: PakFile 'C:/Program Files/Epic Games/UE_4.27/FeaturePacks/TP_TopDownBP.upack' (chunk index -1, root 'root:/') mounted
[2021.12.21-02.44.28:121][  0]LogShaderLibrary: Display: ShaderCodeLibraryPakFileMountedCallback: pending pak file info (ChunkID:-1 Root:root:/ File:C:/Program Files/Epic Games/UE_4.27/FeaturePacks/TP_TopDownBP.upack)
[2021.12.21-02.44.28:121][  0]LogPakFile: OnPakFileMounted2Time == 0.000025
[2021.12.21-02.44.28:122][  0]LogPakFile: PakFile PrimaryIndexSize=185
[2021.12.21-02.44.28:122][  0]LogPakFile: PakFile PathHashIndexSize=101
[2021.12.21-02.44.28:122][  0]LogPakFile: PakFile FullDirectoryIndexSize=144
[2021.12.21-02.44.28:122][  0]LogShaderLibrary: Display: ShaderCodeLibraryPakFileMountedCallback: PakFile 'C:/Program Files/Epic Games/UE_4.27/FeaturePacks/TP_TwinStick.upack' (chunk index -1, root 'root:/') mounted
[2021.12.21-02.44.28:122][  0]LogShaderLibrary: Display: ShaderCodeLibraryPakFileMountedCallback: pending pak file info (ChunkID:-1 Root:root:/ File:C:/Program Files/Epic Games/UE_4.27/FeaturePacks/TP_TwinStick.upack)
[2021.12.21-02.44.28:122][  0]LogPakFile: OnPakFileMounted2Time == 0.000025
[2021.12.21-02.44.28:122][  0]LogPakFile: PakFile PrimaryIndexSize=187
[2021.12.21-02.44.28:122][  0]LogPakFile: PakFile PathHashIndexSize=101
[2021.12.21-02.44.28:122][  0]LogPakFile: PakFile FullDirectoryIndexSize=148
[2021.12.21-02.44.28:122][  0]LogShaderLibrary: Display: ShaderCodeLibraryPakFileMountedCallback: PakFile 'C:/Program Files/Epic Games/UE_4.27/FeaturePacks/TP_TwinStickBP.upack' (chunk index -1, root 'root:/') mounted
[2021.12.21-02.44.28:122][  0]LogShaderLibrary: Display: ShaderCodeLibraryPakFileMountedCallback: pending pak file info (ChunkID:-1 Root:root:/ File:C:/Program Files/Epic Games/UE_4.27/FeaturePacks/TP_TwinStickBP.upack)
[2021.12.21-02.44.28:122][  0]LogPakFile: OnPakFileMounted2Time == 0.000025
[2021.12.21-02.44.28:123][  0]LogPakFile: PakFile PrimaryIndexSize=183
[2021.12.21-02.44.28:123][  0]LogPakFile: PakFile PathHashIndexSize=101
[2021.12.21-02.44.28:123][  0]LogPakFile: PakFile FullDirectoryIndexSize=140
[2021.12.21-02.44.28:123][  0]LogShaderLibrary: Display: ShaderCodeLibraryPakFileMountedCallback: PakFile 'C:/Program Files/Epic Games/UE_4.27/FeaturePacks/TP_Vehicle.upack' (chunk index -1, root 'root:/') mounted
[2021.12.21-02.44.28:123][  0]LogShaderLibrary: Display: ShaderCodeLibraryPakFileMountedCallback: pending pak file info (ChunkID:-1 Root:root:/ File:C:/Program Files/Epic Games/UE_4.27/FeaturePacks/TP_Vehicle.upack)
[2021.12.21-02.44.28:123][  0]LogPakFile: OnPakFileMounted2Time == 0.000025
[2021.12.21-02.44.28:123][  0]LogPakFile: PakFile PrimaryIndexSize=186
[2021.12.21-02.44.28:123][  0]LogPakFile: PakFile PathHashIndexSize=101
[2021.12.21-02.44.28:123][  0]LogPakFile: PakFile FullDirectoryIndexSize=146
[2021.12.21-02.44.28:123][  0]LogShaderLibrary: Display: ShaderCodeLibraryPakFileMountedCallback: PakFile 'C:/Program Files/Epic Games/UE_4.27/FeaturePacks/TP_VehicleAdv.upack' (chunk index -1, root 'root:/') mounted
[2021.12.21-02.44.28:123][  0]LogShaderLibrary: Display: ShaderCodeLibraryPakFileMountedCallback: pending pak file info (ChunkID:-1 Root:root:/ File:C:/Program Files/Epic Games/UE_4.27/FeaturePacks/TP_VehicleAdv.upack)
[2021.12.21-02.44.28:123][  0]LogPakFile: OnPakFileMounted2Time == 0.000049
[2021.12.21-02.44.28:124][  0]LogPakFile: PakFile PrimaryIndexSize=188
[2021.12.21-02.44.28:124][  0]LogPakFile: PakFile PathHashIndexSize=101
[2021.12.21-02.44.28:124][  0]LogPakFile: PakFile FullDirectoryIndexSize=150
[2021.12.21-02.44.28:124][  0]LogShaderLibrary: Display: ShaderCodeLibraryPakFileMountedCallback: PakFile 'C:/Program Files/Epic Games/UE_4.27/FeaturePacks/TP_VehicleAdvBP.upack' (chunk index -1, root 'root:/') mounted
[2021.12.21-02.44.28:124][  0]LogShaderLibrary: Display: ShaderCodeLibraryPakFileMountedCallback: pending pak file info (ChunkID:-1 Root:root:/ File:C:/Program Files/Epic Games/UE_4.27/FeaturePacks/TP_VehicleAdvBP.upack)
[2021.12.21-02.44.28:124][  0]LogPakFile: OnPakFileMounted2Time == 0.000038
[2021.12.21-02.44.28:125][  0]LogPakFile: PakFile PrimaryIndexSize=185
[2021.12.21-02.44.28:125][  0]LogPakFile: PakFile PathHashIndexSize=101
[2021.12.21-02.44.28:125][  0]LogPakFile: PakFile FullDirectoryIndexSize=144
[2021.12.21-02.44.28:125][  0]LogShaderLibrary: Display: ShaderCodeLibraryPakFileMountedCallback: PakFile 'C:/Program Files/Epic Games/UE_4.27/FeaturePacks/TP_VehicleBP.upack' (chunk index -1, root 'root:/') mounted
[2021.12.21-02.44.28:125][  0]LogShaderLibrary: Display: ShaderCodeLibraryPakFileMountedCallback: pending pak file info (ChunkID:-1 Root:root:/ File:C:/Program Files/Epic Games/UE_4.27/FeaturePacks/TP_VehicleBP.upack)
[2021.12.21-02.44.28:125][  0]LogPakFile: OnPakFileMounted2Time == 0.000038
[2021.12.21-02.44.28:126][  0]LogPakFile: PakFile PrimaryIndexSize=192
[2021.12.21-02.44.28:126][  0]LogPakFile: PakFile PathHashIndexSize=101
[2021.12.21-02.44.28:126][  0]LogPakFile: PakFile FullDirectoryIndexSize=158
[2021.12.21-02.44.28:126][  0]LogShaderLibrary: Display: ShaderCodeLibraryPakFileMountedCallback: PakFile 'C:/Program Files/Epic Games/UE_4.27/FeaturePacks/TP_VirtualRealityBP.upack' (chunk index -1, root 'root:/') mounted
[2021.12.21-02.44.28:126][  0]LogShaderLibrary: Display: ShaderCodeLibraryPakFileMountedCallback: pending pak file info (ChunkID:-1 Root:root:/ File:C:/Program Files/Epic Games/UE_4.27/FeaturePacks/TP_VirtualRealityBP.upack)
[2021.12.21-02.44.28:126][  0]LogPakFile: OnPakFileMounted2Time == 0.000025
[2021.12.21-02.44.28:171][  0]LogNativeClassHierarchy: Verbose: Native class hierarchy updated for 'AddContentDialog' in 0.0002 seconds. Added 0 classes and 0 folders.
[2021.12.21-02.44.28:172][  0]LogNativeClassHierarchy: Verbose: Native class hierarchy updated for 'SceneOutliner' in 0.0002 seconds. Added 2 classes and 0 folders.
[2021.12.21-02.44.28:228][  0]LogSlate: Took 0.000156 seconds to synchronously load lazily loaded font '../../../Engine/Content/Slate/Fonts/Roboto-Regular.ttf' (155K)
[2021.12.21-02.44.28:229][  0]LogSlate: Took 0.000146 seconds to synchronously load lazily loaded font '../../../Engine/Content/Editor/Slate/Fonts/FontAwesome.ttf' (139K)
[2021.12.21-02.44.28:230][  0]LogSlate: Took 0.000133 seconds to synchronously load lazily loaded font '../../../Engine/Content/Slate/Fonts/Roboto-Bold.ttf' (160K)
[2021.12.21-02.44.28:304][  0]LogRenderer: Reallocating scene render targets to support 1208x568 Format 10 NumSamples 1 (Frame:1).
[2021.12.21-02.44.28:414][  0]LogNativeClassHierarchy: Verbose: Native class hierarchy updated for 'HierarchicalLODOutliner' in 0.0003 seconds. Added 0 classes and 0 folders.
[2021.12.21-02.44.28:414][  0]LogLoad: (Engine Initialization) Total time: 8.68 seconds
[2021.12.21-02.44.28:414][  0]LogLoad: (Engine Initialization) Total Blueprint compile time: 0.00 seconds
[2021.12.21-02.44.28:464][  0]LogAssetRegistry: Asset discovery search completed in 5.3015 seconds
[2021.12.21-02.44.28:470][  0]LogCollectionManager: Fixed up redirectors for 0 collections in 0.000003 seconds (updated 0 objects)
[2021.12.21-02.44.28:471][  0]LogContentStreaming: Texture pool size now 1000 MB
[2021.12.21-02.44.28:554][  4]LogSlate: Took 0.000368 seconds to synchronously load lazily loaded font '../../../Engine/Content/Slate/Fonts/Roboto-Light.ttf' (167K)
[2021.12.21-02.45.33:189][881]LogSlate: Window 'Plugins' being destroyed
[2021.12.21-02.45.33:193][881]LogSlate: Window 'Plugins' being destroyed
[2021.12.21-02.45.33:193][881]LogDirectoryWatcher: A directory notification for '../../../Engine/Plugins/' was aborted.
[2021.12.21-02.46.32:071][435]LogSlate: Took 0.000228 seconds to synchronously load lazily loaded font '../../../Engine/Content/Slate/Fonts/Roboto-Italic.ttf' (157K)
