Log file open, 12/21/21 03:41:41
LogWindows: Failed to load 'aqProf.dll' (GetLastError=126)
LogWindows: File 'aqProf.dll' does not exist
LogWindows: Failed to load 'VtuneApi.dll' (GetLastError=126)
LogWindows: File 'VtuneApi.dll' does not exist
LogWindows: Failed to load 'VtuneApi32e.dll' (GetLastError=126)
LogWindows: File 'VtuneApi32e.dll' does not exist
LogConsoleResponse: Display: Failed to find resolution value strings in scalability ini. Falling back to default.
LogConsoleResponse: Display: Failed to find resolution value strings in scalability ini. Falling back to default.
LogInit: Display: Running engine for game: TimeLoopers
LogPlatformFile: Not using cached read wrapper
LogTaskGraph: Started task graph with 5 named threads and 17 total threads with 3 sets of task threads.
LogStats: Stats thread started at 0.212429
LogICUInternationalization: ICU TimeZone Detection - Raw Offset: +0:00, Platform Override: ''
LogInit: Display: Loading text-based GConfig....
LogPluginManager: Mounting plugin MeshPainting
LogPluginManager: Mounting plugin XGEController
LogPluginManager: Mounting plugin Paper2D
LogPluginManager: Mounting plugin AISupport
LogPluginManager: Mounting plugin EnvironmentQueryEditor
LogPluginManager: Mounting plugin LiveLink
LogPluginManager: Mounting plugin LightPropagationVolume
LogPluginManager: Mounting plugin CameraShakePreviewer
LogPluginManager: Mounting plugin GameplayCameras
LogPluginManager: Mounting plugin OodleData
LogPluginManager: Mounting plugin OodleNetwork
LogPluginManager: Mounting plugin AnimationSharing
LogPluginManager: Mounting plugin CLionSourceCodeAccess
LogPluginManager: Mounting plugin CodeLiteSourceCodeAccess
LogPluginManager: Mounting plugin GitSourceControl
LogPluginManager: Mounting plugin KDevelopSourceCodeAccess
LogPluginManager: Mounting plugin NullSourceCodeAccess
LogPluginManager: Mounting plugin PerforceSourceControl
LogPluginManager: Mounting plugin PixWinPlugin
LogPluginManager: Mounting plugin PlasticSourceControl
LogPluginManager: Mounting plugin PluginUtils
LogPluginManager: Mounting plugin PropertyAccessNode
LogPluginManager: Mounting plugin RiderSourceCodeAccess
LogPluginManager: Mounting plugin SubversionSourceControl
LogPluginManager: Mounting plugin TextureFormatOodle
LogPluginManager: Mounting plugin UObjectPlugin
LogPluginManager: Mounting plugin VisualStudioCodeSourceCodeAccess
LogPluginManager: Mounting plugin VisualStudioSourceCodeAccess
LogPluginManager: Mounting plugin XCodeSourceCodeAccess
LogPluginManager: Mounting plugin AssetManagerEditor
LogPluginManager: Mounting plugin CryptoKeys
LogPluginManager: Mounting plugin CurveEditorTools
LogPluginManager: Mounting plugin DataValidation
LogPluginManager: Mounting plugin FacialAnimation
LogPluginManager: Mounting plugin GameplayTagsEditor
LogPluginManager: Mounting plugin GeometryMode
LogPluginManager: Mounting plugin MacGraphicsSwitching
LogPluginManager: Mounting plugin MaterialAnalyzer
LogPluginManager: Mounting plugin MobileLauncherProfileWizard
LogPluginManager: Mounting plugin PluginBrowser
LogPluginManager: Mounting plugin SpeedTreeImporter
LogPluginManager: Mounting plugin DatasmithContent
LogPluginManager: Mounting plugin VariantManagerContent
LogPluginManager: Mounting plugin AlembicImporter
LogPluginManager: Mounting plugin AutomationUtils
LogPluginManager: Mounting plugin BackChannel
LogPluginManager: Mounting plugin ChaosCloth
LogPluginManager: Mounting plugin ChaosClothEditor
LogPluginManager: Mounting plugin ChaosEditor
LogPluginManager: Mounting plugin ChaosNiagara
LogPluginManager: Mounting plugin ChaosSolverPlugin
LogPluginManager: Mounting plugin CharacterAI
LogPluginManager: Mounting plugin GeometryCache
LogPluginManager: Mounting plugin GeometryCollectionPlugin
LogPluginManager: Mounting plugin GeometryProcessing
LogPluginManager: Mounting plugin MotoSynth
LogPluginManager: Mounting plugin OpenImageDenoise
LogPluginManager: Mounting plugin PlanarCut
LogPluginManager: Mounting plugin PlatformCrypto
LogPluginManager: Mounting plugin ProxyLODPlugin
LogPluginManager: Mounting plugin PythonScriptPlugin
LogPluginManager: Mounting plugin SkeletalReduction
LogPluginManager: Mounting plugin Niagara
LogPluginManager: Mounting plugin LuminPlatformFeatures
LogPluginManager: Mounting plugin MagicLeap
LogPluginManager: Mounting plugin MagicLeapLightEstimation
LogPluginManager: Mounting plugin MagicLeapMedia
LogPluginManager: Mounting plugin MagicLeapPassableWorld
LogPluginManager: Mounting plugin MLSDK
LogPluginManager: Mounting plugin LowPolyCore
LogPluginManager: Mounting plugin LPSPSample
LogPluginManager: Mounting plugin AndroidMedia
LogPluginManager: Mounting plugin AvfMedia
LogPluginManager: Mounting plugin ImgMedia
LogPluginManager: Mounting plugin MediaCompositing
LogPluginManager: Mounting plugin MediaPlayerEditor
LogPluginManager: Mounting plugin WebMMedia
LogPluginManager: Mounting plugin WmfMedia
LogPluginManager: Mounting plugin TcpMessaging
LogPluginManager: Mounting plugin UdpMessaging
LogPluginManager: Mounting plugin ActorSequence
LogPluginManager: Mounting plugin LevelSequenceEditor
LogPluginManager: Mounting plugin MatineeToLevelSequence
LogPluginManager: Mounting plugin TemplateSequence
LogPluginManager: Mounting plugin OnlineSubsystem
LogPluginManager: Mounting plugin OnlineSubsystemNull
LogPluginManager: Mounting plugin OnlineSubsystemUtils
LogPluginManager: Mounting plugin LauncherChunkInstaller
LogPluginManager: Mounting plugin ActorLayerUtilities
LogPluginManager: Mounting plugin AndroidDeviceProfileSelector
LogPluginManager: Mounting plugin AndroidMoviePlayer
LogPluginManager: Mounting plugin AndroidPermission
LogPluginManager: Mounting plugin AppleImageUtils
LogPluginManager: Mounting plugin AppleMoviePlayer
LogPluginManager: Mounting plugin ArchVisCharacter
LogPluginManager: Mounting plugin AssetTags
LogPluginManager: Mounting plugin AudioCapture
LogPluginManager: Mounting plugin AudioSynesthesia
LogPluginManager: Mounting plugin CableComponent
LogPluginManager: Mounting plugin ChunkDownloader
LogPluginManager: Mounting plugin CustomMeshComponent
LogPluginManager: Mounting plugin EditableMesh
LogPluginManager: Mounting plugin ExampleDeviceProfileSelector
LogPluginManager: Mounting plugin GoogleCloudMessaging
LogPluginManager: Mounting plugin GooglePAD
LogPluginManager: Mounting plugin IOSDeviceProfileSelector
LogPluginManager: Mounting plugin LinuxDeviceProfileSelector
LogPluginManager: Mounting plugin LocationServicesBPLibrary
LogPluginManager: Mounting plugin MobilePatchingUtils
LogPluginManager: Mounting plugin OpenXR
LogPluginManager: Mounting plugin OpenXREyeTracker
LogPluginManager: Mounting plugin OpenXRHandTracking
LogPluginManager: Mounting plugin PhysXVehicles
LogPluginManager: Mounting plugin PostSplashScreen
LogPluginManager: Mounting plugin ProceduralMeshComponent
LogPluginManager: Mounting plugin PropertyAccessEditor
LogPluginManager: Mounting plugin RuntimePhysXCooking
LogPluginManager: Mounting plugin SignificanceManager
LogPluginManager: Mounting plugin SoundFields
LogPluginManager: Mounting plugin Synthesis
LogPluginManager: Mounting plugin WebMMoviePlayer
LogPluginManager: Mounting plugin WindowsMoviePlayer
LogPluginManager: Mounting plugin ScreenshotTools
LogPluginManager: Mounting plugin Takes
LogPluginManager: Mounting plugin ContentBrowserAssetDataSource
LogPluginManager: Mounting plugin ContentBrowserClassDataSource
LogPluginManager: Mounting plugin ContentBrowserFileDataSource
LogPluginManager: Mounting plugin OnlineSubsystemGooglePlay
LogPluginManager: Mounting plugin OnlineSubsystemIOS
LogPluginManager: Mounting plugin OculusVR
LogPluginManager: Mounting plugin SteamVR
PixWinPlugin: PIX capture plugin failed to initialize! Check that the process is launched from PIX.
LogInit: Using libcurl 7.55.1-DEV
LogInit:  - built for x86_64-pc-win32
LogInit:  - supports SSL with OpenSSL/1.1.1
LogInit:  - supports HTTP deflate (compression) using libz 1.2.8
LogInit:  - other features:
LogInit:      CURL_VERSION_SSL
LogInit:      CURL_VERSION_LIBZ
LogInit:      CURL_VERSION_IPV6
LogInit:      CURL_VERSION_ASYNCHDNS
LogInit:      CURL_VERSION_LARGEFILE
LogInit:      CURL_VERSION_IDN
LogInit:  CurlRequestOptions (configurable via config and command line):
LogInit:  - bVerifyPeer = true  - Libcurl will verify peer certificate
LogInit:  - bUseHttpProxy = false  - Libcurl will NOT use HTTP proxy
LogInit:  - bDontReuseConnections = false  - Libcurl will reuse connections
LogInit:  - MaxHostConnections = 16  - Libcurl will limit the number of connections to a host
LogInit:  - LocalHostAddr = Default
LogInit:  - BufferSize = 65536
LogOnline: OSS: Creating online subsystem instance for: NULL
LogInit: WinSock: version 1.1 (2.2), MaxSocks=32767, MaxUdp=65467
LogOnline: OSS: TryLoadSubsystemAndSetDefault: Loaded subsystem for module [NULL]
LogInit: Build: ++UE4+Release-4.27-CL-18319896
LogInit: Engine Version: 4.27.2-18319896+++UE4+Release-4.27
LogInit: Compatible Engine Version: 4.27.0-17155196+++UE4+Release-4.27
LogInit: Net CL: 17155196
LogInit: OS: Windows 10 (Release 2009) (), CPU: Intel(R) Core(TM) i7-10750H CPU @ 2.60GHz, GPU: NVIDIA GeForce RTX 2070 with Max-Q Design
LogInit: Compiled (64-bit): Nov 30 2021 07:12:08
LogInit: Compiled with Visual C++: 19.24.28315.00
LogInit: Build Configuration: Development
LogInit: Branch Name: ++UE4+Release-4.27
LogInit: Command Line:  /Game/FirstPersonBP/Maps/FirstPersonExampleMap -game -PIEVIACONSOLE -Multiprocess -server -log "GameUserSettingsINI=C:/Users/Blizz/Documents/Unreal Projects/TimeLoopers/Saved/Config/Windows/PIEGameUserSettings0.ini" -MultiprocessSaveConfig -forcepassthrough -messaging -SessionName="Play in Standalone Game" -port=17777 -windowed
LogInit: Base Directory: C:/Program Files/Epic Games/UE_4.27/Engine/Binaries/Win64/
LogInit: Allocator: TBB
LogInit: Installed Engine Build: 1
LogDevObjectVersion: Number of dev versions registered: 29
LogDevObjectVersion:   Dev-Blueprints (B0D832E4-1F89-4F0D-ACCF-7EB736FD4AA2): 10
LogDevObjectVersion:   Dev-Build (E1C64328-A22C-4D53-A36C-8E866417BD8C): 0
LogDevObjectVersion:   Dev-Core (375EC13C-06E4-48FB-B500-84F0262A717E): 4
LogDevObjectVersion:   Dev-Editor (E4B068ED-F494-42E9-A231-DA0B2E46BB41): 40
LogDevObjectVersion:   Dev-Framework (CFFC743F-43B0-4480-9391-14DF171D2073): 37
LogDevObjectVersion:   Dev-Mobile (B02B49B5-BB20-44E9-A304-32B752E40360): 3
LogDevObjectVersion:   Dev-Networking (A4E4105C-59A1-49B5-A7C5-40C4547EDFEE): 0
LogDevObjectVersion:   Dev-Online (39C831C9-5AE6-47DC-9A44-9C173E1C8E7C): 0
LogDevObjectVersion:   Dev-Physics (78F01B33-EBEA-4F98-B9B4-84EACCB95AA2): 14
LogDevObjectVersion:   Dev-Platform (6631380F-2D4D-43E0-8009-CF276956A95A): 0
LogDevObjectVersion:   Dev-Rendering (12F88B9F-8875-4AFC-A67C-D90C383ABD29): 45
LogDevObjectVersion:   Dev-Sequencer (7B5AE74C-D270-4C10-A958-57980B212A5A): 13
LogDevObjectVersion:   Dev-VR (D7296918-1DD6-4BDD-9DE2-64A83CC13884): 3
LogDevObjectVersion:   Dev-LoadTimes (C2A15278-BFE7-4AFE-6C17-90FF531DF755): 1
LogDevObjectVersion:   Private-Geometry (6EACA3D4-40EC-4CC1-B786-8BED09428FC5): 3
LogDevObjectVersion:   Dev-AnimPhys (29E575DD-E0A3-4627-9D10-D276232CDCEA): 17
LogDevObjectVersion:   Dev-Anim (AF43A65D-7FD3-4947-9873-3E8ED9C1BB05): 15
LogDevObjectVersion:   Dev-ReflectionCapture (6B266CEC-1EC7-4B8F-A30B-E4D90942FC07): 1
LogDevObjectVersion:   Dev-Automation (0DF73D61-A23F-47EA-B727-89E90C41499A): 1
LogDevObjectVersion:   FortniteMain (601D1886-AC64-4F84-AA16-D3DE0DEAC7D6): 47
LogDevObjectVersion:   FortniteRelease (E7086368-6B23-4C58-8439-1B7016265E91): 1
LogDevObjectVersion:   Dev-Enterprise (9DFFBCD6-494F-0158-E221-12823C92A888): 10
LogDevObjectVersion:   Dev-Niagara (F2AED0AC-9AFE-416F-8664-AA7FFA26D6FC): 1
LogDevObjectVersion:   Dev-Destruction (174F1F0B-B4C6-45A5-B13F-2EE8D0FB917D): 10
LogDevObjectVersion:   Dev-Physics-Ext (35F94A83-E258-406C-A318-09F59610247C): 41
LogDevObjectVersion:   Dev-PhysicsMaterial-Chaos (B68FC16E-8B1B-42E2-B453-215C058844FE): 1
LogDevObjectVersion:   Dev-CineCamera (B2E18506-4273-CFC2-A54E-F4BB758BBA07): 1
LogDevObjectVersion:   Dev-VirtualProduction (64F58936-FD1B-42BA-BA96-7289D5D0FA4E): 1
LogDevObjectVersion:   Dev-MediaFramework (6F0ED827-A609-4895-9C91-998D90180EA4): 2
LogInit: Presizing for max 25165824 objects, including 0 objects not considered by GC, pre-allocating 0 bytes for permanent pool.
LogConfig: Applying CVar settings from Section [/Script/Engine.StreamingSettings] File [C:/Users/Blizz/Documents/Unreal Projects/TimeLoopers/Saved/Config/Windows/Engine.ini]
LogConfig: Setting CVar [[s.MinBulkDataSizeForAsyncLoading:131072]]
LogConfig: Setting CVar [[s.AsyncLoadingThreadEnabled:0]]
LogConfig: Setting CVar [[s.EventDrivenLoaderEnabled:1]]
LogConfig: Setting CVar [[s.WarnIfTimeLimitExceeded:0]]
LogConfig: Setting CVar [[s.TimeLimitExceededMultiplier:1.5]]
LogConfig: Setting CVar [[s.TimeLimitExceededMinTime:0.005]]
LogConfig: Setting CVar [[s.UseBackgroundLevelStreaming:1]]
LogConfig: Setting CVar [[s.PriorityAsyncLoadingExtraTime:15.0]]
LogConfig: Setting CVar [[s.LevelStreamingActorsUpdateTimeLimit:5.0]]
LogConfig: Setting CVar [[s.PriorityLevelStreamingActorsUpdateExtraTime:5.0]]
LogConfig: Setting CVar [[s.LevelStreamingComponentsRegistrationGranularity:10]]
LogConfig: Setting CVar [[s.UnregisterComponentsTimeLimit:1.0]]
LogConfig: Setting CVar [[s.LevelStreamingComponentsUnregistrationGranularity:5]]
LogConfig: Setting CVar [[s.FlushStreamingOnExit:1]]
LogInit: Object subsystem initialized
LogConfig: Setting CVar [[con.DebugEarlyDefault:1]]
LogConfig: Setting CVar [[r.setres:1280x720]]
[2021.12.21-03.41.41:876][  0]LogConfig: Setting CVar [[con.DebugEarlyDefault:1]]
[2021.12.21-03.41.41:877][  0]LogConfig: Setting CVar [[r.setres:1280x720]]
[2021.12.21-03.41.41:877][  0]LogConfig: Applying CVar settings from Section [/Script/Engine.RendererSettings] File [C:/Users/Blizz/Documents/Unreal Projects/TimeLoopers/Saved/Config/Windows/Engine.ini]
[2021.12.21-03.41.41:878][  0]LogConfig: Setting CVar [[r.GPUCrashDebugging:0]]
[2021.12.21-03.41.41:879][  0]LogConfig: Applying CVar settings from Section [/Script/Engine.RendererOverrideSettings] File [C:/Users/Blizz/Documents/Unreal Projects/TimeLoopers/Saved/Config/Windows/Engine.ini]
[2021.12.21-03.41.41:881][  0]LogConfig: Applying CVar settings from Section [/Script/Engine.StreamingSettings] File [C:/Users/Blizz/Documents/Unreal Projects/TimeLoopers/Saved/Config/Windows/Engine.ini]
[2021.12.21-03.41.41:881][  0]LogConfig: Setting CVar [[s.MinBulkDataSizeForAsyncLoading:131072]]
[2021.12.21-03.41.41:882][  0]LogConfig: Setting CVar [[s.AsyncLoadingThreadEnabled:0]]
[2021.12.21-03.41.41:883][  0]LogConfig: Setting CVar [[s.EventDrivenLoaderEnabled:1]]
[2021.12.21-03.41.41:883][  0]LogConfig: Setting CVar [[s.WarnIfTimeLimitExceeded:0]]
[2021.12.21-03.41.41:884][  0]LogConfig: Setting CVar [[s.TimeLimitExceededMultiplier:1.5]]
[2021.12.21-03.41.41:884][  0]LogConfig: Setting CVar [[s.TimeLimitExceededMinTime:0.005]]
[2021.12.21-03.41.41:884][  0]LogConfig: Setting CVar [[s.UseBackgroundLevelStreaming:1]]
[2021.12.21-03.41.41:884][  0]LogConfig: Setting CVar [[s.PriorityAsyncLoadingExtraTime:15.0]]
[2021.12.21-03.41.41:885][  0]LogConfig: Setting CVar [[s.LevelStreamingActorsUpdateTimeLimit:5.0]]
[2021.12.21-03.41.41:885][  0]LogConfig: Setting CVar [[s.PriorityLevelStreamingActorsUpdateExtraTime:5.0]]
[2021.12.21-03.41.41:885][  0]LogConfig: Setting CVar [[s.LevelStreamingComponentsRegistrationGranularity:10]]
[2021.12.21-03.41.41:885][  0]LogConfig: Setting CVar [[s.UnregisterComponentsTimeLimit:1.0]]
[2021.12.21-03.41.41:886][  0]LogConfig: Setting CVar [[s.LevelStreamingComponentsUnregistrationGranularity:5]]
[2021.12.21-03.41.41:886][  0]LogConfig: Setting CVar [[s.FlushStreamingOnExit:1]]
[2021.12.21-03.41.41:886][  0]LogConfig: Applying CVar settings from Section [/Script/Engine.GarbageCollectionSettings] File [C:/Users/Blizz/Documents/Unreal Projects/TimeLoopers/Saved/Config/Windows/Engine.ini]
[2021.12.21-03.41.41:886][  0]LogConfig: Setting CVar [[gc.MaxObjectsNotConsideredByGC:1]]
[2021.12.21-03.41.41:887][  0]LogConfig: Setting CVar [[gc.SizeOfPermanentObjectPool:0]]
[2021.12.21-03.41.41:887][  0]LogConfig: Setting CVar [[gc.FlushStreamingOnGC:0]]
[2021.12.21-03.41.41:888][  0]LogConfig: Setting CVar [[gc.NumRetriesBeforeForcingGC:10]]
[2021.12.21-03.41.41:888][  0]LogConfig: Setting CVar [[gc.AllowParallelGC:1]]
[2021.12.21-03.41.41:888][  0]LogConfig: Setting CVar [[gc.TimeBetweenPurgingPendingKillObjects:61.1]]
[2021.12.21-03.41.41:888][  0]LogConfig: Setting CVar [[gc.MaxObjectsInEditor:25165824]]
[2021.12.21-03.41.41:889][  0]LogConfig: Setting CVar [[gc.IncrementalBeginDestroyEnabled:1]]
[2021.12.21-03.41.41:889][  0]LogConfig: Setting CVar [[gc.CreateGCClusters:1]]
[2021.12.21-03.41.41:889][  0]LogConfig: Setting CVar [[gc.MinGCClusterSize:5]]
[2021.12.21-03.41.41:889][  0]LogConfig: Setting CVar [[gc.ActorClusteringEnabled:0]]
[2021.12.21-03.41.41:889][  0]LogConfig: Setting CVar [[gc.BlueprintClusteringEnabled:0]]
[2021.12.21-03.41.41:890][  0]LogConfig: Setting CVar [[gc.UseDisregardForGCOnDedicatedServers:0]]
[2021.12.21-03.41.41:890][  0]LogConfig: Setting CVar [[gc.MultithreadedDestructionEnabled:1]]
[2021.12.21-03.41.41:890][  0]LogConfig: Applying CVar settings from Section [/Script/Engine.NetworkSettings] File [C:/Users/Blizz/Documents/Unreal Projects/TimeLoopers/Saved/Config/Windows/Engine.ini]
[2021.12.21-03.41.41:890][  0]LogConfig: Applying CVar settings from Section [/Script/UnrealEd.CookerSettings] File [C:/Users/Blizz/Documents/Unreal Projects/TimeLoopers/Saved/Config/Windows/Engine.ini]
[2021.12.21-03.41.41:891][  0]LogConfig: Applying CVar settings from Section [ViewDistanceQuality@3] File [C:/Users/Blizz/Documents/Unreal Projects/TimeLoopers/Saved/Config/Windows/Scalability.ini]
[2021.12.21-03.41.41:891][  0]LogConfig: Setting CVar [[r.SkeletalMeshLODBias:0]]
[2021.12.21-03.41.41:891][  0]LogConfig: Setting CVar [[r.ViewDistanceScale:1.0]]
[2021.12.21-03.41.41:891][  0]LogConfig: Applying CVar settings from Section [AntiAliasingQuality@3] File [C:/Users/Blizz/Documents/Unreal Projects/TimeLoopers/Saved/Config/Windows/Scalability.ini]
[2021.12.21-03.41.41:891][  0]LogConfig: Setting CVar [[r.PostProcessAAQuality:4]]
[2021.12.21-03.41.41:892][  0]LogConfig: Applying CVar settings from Section [ShadowQuality@3] File [C:/Users/Blizz/Documents/Unreal Projects/TimeLoopers/Saved/Config/Windows/Scalability.ini]
[2021.12.21-03.41.41:892][  0]LogConfig: Setting CVar [[r.LightFunctionQuality:1]]
[2021.12.21-03.41.41:892][  0]LogConfig: Setting CVar [[r.ShadowQuality:5]]
[2021.12.21-03.41.41:892][  0]LogConfig: Setting CVar [[r.Shadow.CSM.MaxCascades:10]]
[2021.12.21-03.41.41:893][  0]LogConfig: Setting CVar [[r.Shadow.MaxResolution:2048]]
[2021.12.21-03.41.41:893][  0]LogConfig: Setting CVar [[r.Shadow.MaxCSMResolution:2048]]
[2021.12.21-03.41.41:893][  0]LogConfig: Setting CVar [[r.Shadow.RadiusThreshold:0.01]]
[2021.12.21-03.41.41:893][  0]LogConfig: Setting CVar [[r.Shadow.DistanceScale:1.0]]
[2021.12.21-03.41.41:894][  0]LogConfig: Setting CVar [[r.Shadow.CSM.TransitionScale:1.0]]
[2021.12.21-03.41.41:894][  0]LogConfig: Setting CVar [[r.Shadow.PreShadowResolutionFactor:1.0]]
[2021.12.21-03.41.41:894][  0]LogConfig: Setting CVar [[r.DistanceFieldShadowing:1]]
[2021.12.21-03.41.41:895][  0]LogConfig: Setting CVar [[r.DistanceFieldAO:1]]
[2021.12.21-03.41.41:895][  0]LogConfig: Setting CVar [[r.AOQuality:2]]
[2021.12.21-03.41.41:895][  0]LogConfig: Setting CVar [[r.VolumetricFog:1]]
[2021.12.21-03.41.41:895][  0]LogConfig: Setting CVar [[r.VolumetricFog.GridPixelSize:8]]
[2021.12.21-03.41.41:896][  0]LogConfig: Setting CVar [[r.VolumetricFog.GridSizeZ:128]]
[2021.12.21-03.41.41:896][  0]LogConfig: Setting CVar [[r.VolumetricFog.HistoryMissSupersampleCount:4]]
[2021.12.21-03.41.41:896][  0]LogConfig: Setting CVar [[r.LightMaxDrawDistanceScale:1]]
[2021.12.21-03.41.41:896][  0]LogConfig: Setting CVar [[r.CapsuleShadows:1]]
[2021.12.21-03.41.41:896][  0]LogConfig: Applying CVar settings from Section [PostProcessQuality@3] File [C:/Users/Blizz/Documents/Unreal Projects/TimeLoopers/Saved/Config/Windows/Scalability.ini]
[2021.12.21-03.41.41:897][  0]LogConfig: Setting CVar [[r.MotionBlurQuality:4]]
[2021.12.21-03.41.41:899][  0]LogConfig: Setting CVar [[r.AmbientOcclusionMipLevelFactor:0.4]]
[2021.12.21-03.41.41:899][  0]LogConfig: Setting CVar [[r.AmbientOcclusionMaxQuality:100]]
[2021.12.21-03.41.41:899][  0]LogConfig: Setting CVar [[r.AmbientOcclusionLevels:-1]]
[2021.12.21-03.41.41:899][  0]LogConfig: Setting CVar [[r.AmbientOcclusionRadiusScale:1.0]]
[2021.12.21-03.41.41:900][  0]LogConfig: Setting CVar [[r.DepthOfFieldQuality:2]]
[2021.12.21-03.41.41:900][  0]LogConfig: Setting CVar [[r.RenderTargetPoolMin:400]]
[2021.12.21-03.41.41:900][  0]LogConfig: Setting CVar [[r.LensFlareQuality:2]]
[2021.12.21-03.41.41:900][  0]LogConfig: Setting CVar [[r.SceneColorFringeQuality:1]]
[2021.12.21-03.41.41:900][  0]LogConfig: Setting CVar [[r.EyeAdaptationQuality:2]]
[2021.12.21-03.41.41:901][  0]LogConfig: Setting CVar [[r.BloomQuality:5]]
[2021.12.21-03.41.41:901][  0]LogConfig: Setting CVar [[r.FastBlurThreshold:100]]
[2021.12.21-03.41.41:901][  0]LogConfig: Setting CVar [[r.Upscale.Quality:3]]
[2021.12.21-03.41.41:901][  0]LogConfig: Setting CVar [[r.Tonemapper.GrainQuantization:1]]
[2021.12.21-03.41.41:902][  0]LogConfig: Setting CVar [[r.LightShaftQuality:1]]
[2021.12.21-03.41.41:902][  0]LogConfig: Setting CVar [[r.Filter.SizeScale:1]]
[2021.12.21-03.41.41:902][  0]LogConfig: Setting CVar [[r.Tonemapper.Quality:5]]
[2021.12.21-03.41.41:902][  0]LogConfig: Setting CVar [[r.DOF.Gather.AccumulatorQuality:1        ; higher gathering accumulator quality]]
[2021.12.21-03.41.41:903][  0]LogConfig: Setting CVar [[r.DOF.Gather.PostfilterMethod:1          ; Median3x3 postfilering method]]
[2021.12.21-03.41.41:903][  0]LogConfig: Setting CVar [[r.DOF.Gather.EnableBokehSettings:0       ; no bokeh simulation when gathering]]
[2021.12.21-03.41.41:903][  0]LogConfig: Setting CVar [[r.DOF.Gather.RingCount:4                 ; medium number of samples when gathering]]
[2021.12.21-03.41.41:903][  0]LogConfig: Setting CVar [[r.DOF.Scatter.ForegroundCompositing:1    ; additive foreground scattering]]
[2021.12.21-03.41.41:903][  0]LogConfig: Setting CVar [[r.DOF.Scatter.BackgroundCompositing:2    ; additive background scattering]]
[2021.12.21-03.41.41:904][  0]LogConfig: Setting CVar [[r.DOF.Scatter.EnableBokehSettings:1      ; bokeh simulation when scattering]]
[2021.12.21-03.41.41:904][  0]LogConfig: Setting CVar [[r.DOF.Scatter.MaxSpriteRatio:0.1         ; only a maximum of 10% of scattered bokeh]]
[2021.12.21-03.41.41:904][  0]LogConfig: Setting CVar [[r.DOF.Recombine.Quality:1                ; cheap slight out of focus]]
[2021.12.21-03.41.41:904][  0]LogConfig: Setting CVar [[r.DOF.Recombine.EnableBokehSettings:0    ; no bokeh simulation on slight out of focus]]
[2021.12.21-03.41.41:904][  0]LogConfig: Setting CVar [[r.DOF.TemporalAAQuality:1                ; more stable temporal accumulation]]
[2021.12.21-03.41.41:905][  0]LogConfig: Setting CVar [[r.DOF.Kernel.MaxForegroundRadius:0.025]]
[2021.12.21-03.41.41:905][  0]LogConfig: Setting CVar [[r.DOF.Kernel.MaxBackgroundRadius:0.025]]
[2021.12.21-03.41.41:905][  0]LogConfig: Applying CVar settings from Section [TextureQuality@3] File [C:/Users/Blizz/Documents/Unreal Projects/TimeLoopers/Saved/Config/Windows/Scalability.ini]
[2021.12.21-03.41.41:905][  0]LogConfig: Setting CVar [[r.Streaming.MipBias:0]]
[2021.12.21-03.41.41:906][  0]LogConfig: Setting CVar [[r.Streaming.AmortizeCPUToGPUCopy:0]]
[2021.12.21-03.41.41:906][  0]LogConfig: Setting CVar [[r.Streaming.MaxNumTexturesToStreamPerFrame:0]]
[2021.12.21-03.41.41:906][  0]LogConfig: Setting CVar [[r.Streaming.Boost:1]]
[2021.12.21-03.41.41:906][  0]LogConfig: Setting CVar [[r.MaxAnisotropy:8]]
[2021.12.21-03.41.41:906][  0]LogConfig: Setting CVar [[r.VT.MaxAnisotropy:8]]
[2021.12.21-03.41.41:907][  0]LogConfig: Setting CVar [[r.Streaming.LimitPoolSizeToVRAM:0]]
[2021.12.21-03.41.41:907][  0]LogConfig: Setting CVar [[r.Streaming.PoolSize:1000]]
[2021.12.21-03.41.41:907][  0]LogConfig: Setting CVar [[r.Streaming.MaxEffectiveScreenSize:0]]
[2021.12.21-03.41.41:907][  0]LogConfig: Applying CVar settings from Section [EffectsQuality@3] File [C:/Users/Blizz/Documents/Unreal Projects/TimeLoopers/Saved/Config/Windows/Scalability.ini]
[2021.12.21-03.41.41:908][  0]LogConfig: Setting CVar [[r.TranslucencyLightingVolumeDim:64]]
[2021.12.21-03.41.41:908][  0]LogConfig: Setting CVar [[r.RefractionQuality:2]]
[2021.12.21-03.41.41:908][  0]LogConfig: Setting CVar [[r.SSR.Quality:3]]
[2021.12.21-03.41.41:908][  0]LogConfig: Setting CVar [[r.SSR.HalfResSceneColor:0]]
[2021.12.21-03.41.41:908][  0]LogConfig: Setting CVar [[r.SceneColorFormat:4]]
[2021.12.21-03.41.41:909][  0]LogConfig: Setting CVar [[r.DetailMode:2]]
[2021.12.21-03.41.41:909][  0]LogConfig: Setting CVar [[r.TranslucencyVolumeBlur:1]]
[2021.12.21-03.41.41:909][  0]LogConfig: Setting CVar [[r.MaterialQualityLevel:1 ; High quality]]
[2021.12.21-03.41.41:909][  0]LogConfig: Setting CVar [[r.AnisotropicMaterials:1]]
[2021.12.21-03.41.41:909][  0]LogConfig: Setting CVar [[r.SSS.Scale:1]]
[2021.12.21-03.41.41:910][  0]LogConfig: Setting CVar [[r.SSS.SampleSet:2]]
[2021.12.21-03.41.41:910][  0]LogConfig: Setting CVar [[r.SSS.Quality:1]]
[2021.12.21-03.41.41:910][  0]LogConfig: Setting CVar [[r.SSS.HalfRes:0]]
[2021.12.21-03.41.41:910][  0]LogConfig: Setting CVar [[r.SSGI.Quality:3]]
[2021.12.21-03.41.41:910][  0]LogConfig: Setting CVar [[r.EmitterSpawnRateScale:1.0]]
[2021.12.21-03.41.41:911][  0]LogConfig: Setting CVar [[r.ParticleLightQuality:2]]
[2021.12.21-03.41.41:911][  0]LogConfig: Setting CVar [[r.SkyAtmosphere.AerialPerspectiveLUT.FastApplyOnOpaque:1 ; Always have FastSkyLUT 1 in this case to avoid wrong sky]]
[2021.12.21-03.41.41:911][  0]LogConfig: Setting CVar [[r.SkyAtmosphere.AerialPerspectiveLUT.SampleCountMaxPerSlice:4]]
[2021.12.21-03.41.41:911][  0]LogConfig: Setting CVar [[r.SkyAtmosphere.AerialPerspectiveLUT.DepthResolution:16.0]]
[2021.12.21-03.41.41:911][  0]LogConfig: Setting CVar [[r.SkyAtmosphere.FastSkyLUT:1]]
[2021.12.21-03.41.41:914][  0]LogConfig: Setting CVar [[r.SkyAtmosphere.FastSkyLUT.SampleCountMin:4.0]]
[2021.12.21-03.41.41:914][  0]LogConfig: Setting CVar [[r.SkyAtmosphere.FastSkyLUT.SampleCountMax:128.0]]
[2021.12.21-03.41.41:914][  0]LogConfig: Setting CVar [[r.SkyAtmosphere.SampleCountMin:4.0]]
[2021.12.21-03.41.41:914][  0]LogConfig: Setting CVar [[r.SkyAtmosphere.SampleCountMax:128.0]]
[2021.12.21-03.41.41:915][  0]LogConfig: Setting CVar [[r.SkyAtmosphere.TransmittanceLUT.UseSmallFormat:0]]
[2021.12.21-03.41.41:915][  0]LogConfig: Setting CVar [[r.SkyAtmosphere.TransmittanceLUT.SampleCount:10.0]]
[2021.12.21-03.41.41:915][  0]LogConfig: Setting CVar [[r.SkyAtmosphere.MultiScatteringLUT.SampleCount:15.0]]
[2021.12.21-03.41.41:915][  0]LogConfig: Setting CVar [[r.SkyLight.RealTimeReflectionCapture:1]]
[2021.12.21-03.41.41:916][  0]LogConfig: Applying CVar settings from Section [FoliageQuality@3] File [C:/Users/Blizz/Documents/Unreal Projects/TimeLoopers/Saved/Config/Windows/Scalability.ini]
[2021.12.21-03.41.41:916][  0]LogConfig: Setting CVar [[foliage.DensityScale:1.0]]
[2021.12.21-03.41.41:916][  0]LogConfig: Setting CVar [[grass.DensityScale:1.0]]
[2021.12.21-03.41.41:916][  0]LogConfig: Applying CVar settings from Section [ShadingQuality@3] File [C:/Users/Blizz/Documents/Unreal Projects/TimeLoopers/Saved/Config/Windows/Scalability.ini]
[2021.12.21-03.41.41:917][  0]LogConfig: Setting CVar [[r.HairStrands.SkyLighting.IntegrationType:2]]
[2021.12.21-03.41.41:917][  0]LogConfig: Setting CVar [[r.HairStrands.SkyAO.SampleCount:4]]
[2021.12.21-03.41.41:917][  0]LogConfig: Setting CVar [[r.HairStrands.Visibility.MSAA.SamplePerPixel:4]]
[2021.12.21-03.41.41:917][  0]LogInit: Selected Device Profile: [Windows]
[2021.12.21-03.41.41:917][  0]LogInit: Applying CVar settings loaded from the selected device profile: [Windows]
[2021.12.21-03.41.41:918][  0]LogHAL: Display: Platform has ~ 16 GB [17010958336 / 17179869184 / 16], which maps to Larger [LargestMinGB=32, LargerMinGB=12, DefaultMinGB=8, SmallerMinGB=6, SmallestMinGB=0)
[2021.12.21-03.41.41:918][  0]LogInit: Going up to parent DeviceProfile []
[2021.12.21-03.41.41:918][  0]LogConfig: Applying CVar settings from Section [ViewDistanceQuality@3] File [C:/Users/Blizz/Documents/Unreal Projects/TimeLoopers/Saved/Config/Windows/Scalability.ini]
[2021.12.21-03.41.41:918][  0]LogConfig: Setting CVar [[r.SkeletalMeshLODBias:0]]
[2021.12.21-03.41.41:918][  0]LogConfig: Setting CVar [[r.ViewDistanceScale:1.0]]
[2021.12.21-03.41.41:919][  0]LogConfig: Applying CVar settings from Section [AntiAliasingQuality@3] File [C:/Users/Blizz/Documents/Unreal Projects/TimeLoopers/Saved/Config/Windows/Scalability.ini]
[2021.12.21-03.41.41:919][  0]LogConfig: Setting CVar [[r.PostProcessAAQuality:4]]
[2021.12.21-03.41.41:919][  0]LogConfig: Applying CVar settings from Section [ShadowQuality@3] File [C:/Users/Blizz/Documents/Unreal Projects/TimeLoopers/Saved/Config/Windows/Scalability.ini]
[2021.12.21-03.41.41:919][  0]LogConfig: Setting CVar [[r.LightFunctionQuality:1]]
[2021.12.21-03.41.41:919][  0]LogConfig: Setting CVar [[r.ShadowQuality:5]]
[2021.12.21-03.41.41:920][  0]LogConfig: Setting CVar [[r.Shadow.CSM.MaxCascades:10]]
[2021.12.21-03.41.41:920][  0]LogConfig: Setting CVar [[r.Shadow.MaxResolution:2048]]
[2021.12.21-03.41.41:920][  0]LogConfig: Setting CVar [[r.Shadow.MaxCSMResolution:2048]]
[2021.12.21-03.41.41:920][  0]LogConfig: Setting CVar [[r.Shadow.RadiusThreshold:0.01]]
[2021.12.21-03.41.41:921][  0]LogConfig: Setting CVar [[r.Shadow.DistanceScale:1.0]]
[2021.12.21-03.41.41:921][  0]LogConfig: Setting CVar [[r.Shadow.CSM.TransitionScale:1.0]]
[2021.12.21-03.41.41:921][  0]LogConfig: Setting CVar [[r.Shadow.PreShadowResolutionFactor:1.0]]
[2021.12.21-03.41.41:921][  0]LogConfig: Setting CVar [[r.DistanceFieldShadowing:1]]
[2021.12.21-03.41.41:921][  0]LogConfig: Setting CVar [[r.DistanceFieldAO:1]]
[2021.12.21-03.41.41:922][  0]LogConfig: Setting CVar [[r.AOQuality:2]]
[2021.12.21-03.41.41:922][  0]LogConfig: Setting CVar [[r.VolumetricFog:1]]
[2021.12.21-03.41.41:922][  0]LogConfig: Setting CVar [[r.VolumetricFog.GridPixelSize:8]]
[2021.12.21-03.41.41:922][  0]LogConfig: Setting CVar [[r.VolumetricFog.GridSizeZ:128]]
[2021.12.21-03.41.41:923][  0]LogConfig: Setting CVar [[r.VolumetricFog.HistoryMissSupersampleCount:4]]
[2021.12.21-03.41.41:923][  0]LogConfig: Setting CVar [[r.LightMaxDrawDistanceScale:1]]
[2021.12.21-03.41.41:923][  0]LogConfig: Setting CVar [[r.CapsuleShadows:1]]
[2021.12.21-03.41.41:923][  0]LogConfig: Applying CVar settings from Section [PostProcessQuality@3] File [C:/Users/Blizz/Documents/Unreal Projects/TimeLoopers/Saved/Config/Windows/Scalability.ini]
[2021.12.21-03.41.41:923][  0]LogConfig: Setting CVar [[r.MotionBlurQuality:4]]
[2021.12.21-03.41.41:924][  0]LogConfig: Setting CVar [[r.AmbientOcclusionMipLevelFactor:0.4]]
[2021.12.21-03.41.41:924][  0]LogConfig: Setting CVar [[r.AmbientOcclusionMaxQuality:100]]
[2021.12.21-03.41.41:924][  0]LogConfig: Setting CVar [[r.AmbientOcclusionLevels:-1]]
[2021.12.21-03.41.41:924][  0]LogConfig: Setting CVar [[r.AmbientOcclusionRadiusScale:1.0]]
[2021.12.21-03.41.41:924][  0]LogConfig: Setting CVar [[r.DepthOfFieldQuality:2]]
[2021.12.21-03.41.41:925][  0]LogConfig: Setting CVar [[r.RenderTargetPoolMin:400]]
[2021.12.21-03.41.41:925][  0]LogConfig: Setting CVar [[r.LensFlareQuality:2]]
[2021.12.21-03.41.41:925][  0]LogConfig: Setting CVar [[r.SceneColorFringeQuality:1]]
[2021.12.21-03.41.41:925][  0]LogConfig: Setting CVar [[r.EyeAdaptationQuality:2]]
[2021.12.21-03.41.41:925][  0]LogConfig: Setting CVar [[r.BloomQuality:5]]
[2021.12.21-03.41.41:926][  0]LogConfig: Setting CVar [[r.FastBlurThreshold:100]]
[2021.12.21-03.41.41:926][  0]LogConfig: Setting CVar [[r.Upscale.Quality:3]]
[2021.12.21-03.41.41:926][  0]LogConfig: Setting CVar [[r.Tonemapper.GrainQuantization:1]]
[2021.12.21-03.41.41:926][  0]LogConfig: Setting CVar [[r.LightShaftQuality:1]]
[2021.12.21-03.41.41:926][  0]LogConfig: Setting CVar [[r.Filter.SizeScale:1]]
[2021.12.21-03.41.41:927][  0]LogConfig: Setting CVar [[r.Tonemapper.Quality:5]]
[2021.12.21-03.41.41:927][  0]LogConfig: Setting CVar [[r.DOF.Gather.AccumulatorQuality:1        ; higher gathering accumulator quality]]
[2021.12.21-03.41.41:927][  0]LogConfig: Setting CVar [[r.DOF.Gather.PostfilterMethod:1          ; Median3x3 postfilering method]]
[2021.12.21-03.41.41:927][  0]LogConfig: Setting CVar [[r.DOF.Gather.EnableBokehSettings:0       ; no bokeh simulation when gathering]]
[2021.12.21-03.41.41:927][  0]LogConfig: Setting CVar [[r.DOF.Gather.RingCount:4                 ; medium number of samples when gathering]]
[2021.12.21-03.41.41:928][  0]LogConfig: Setting CVar [[r.DOF.Scatter.ForegroundCompositing:1    ; additive foreground scattering]]
[2021.12.21-03.41.41:928][  0]LogConfig: Setting CVar [[r.DOF.Scatter.BackgroundCompositing:2    ; additive background scattering]]
[2021.12.21-03.41.41:930][  0]LogConfig: Setting CVar [[r.DOF.Scatter.EnableBokehSettings:1      ; bokeh simulation when scattering]]
[2021.12.21-03.41.41:930][  0]LogConfig: Setting CVar [[r.DOF.Scatter.MaxSpriteRatio:0.1         ; only a maximum of 10% of scattered bokeh]]
[2021.12.21-03.41.41:930][  0]LogConfig: Setting CVar [[r.DOF.Recombine.Quality:1                ; cheap slight out of focus]]
[2021.12.21-03.41.41:931][  0]LogConfig: Setting CVar [[r.DOF.Recombine.EnableBokehSettings:0    ; no bokeh simulation on slight out of focus]]
[2021.12.21-03.41.41:931][  0]LogConfig: Setting CVar [[r.DOF.TemporalAAQuality:1                ; more stable temporal accumulation]]
[2021.12.21-03.41.41:931][  0]LogConfig: Setting CVar [[r.DOF.Kernel.MaxForegroundRadius:0.025]]
[2021.12.21-03.41.41:931][  0]LogConfig: Setting CVar [[r.DOF.Kernel.MaxBackgroundRadius:0.025]]
[2021.12.21-03.41.41:931][  0]LogConfig: Applying CVar settings from Section [TextureQuality@3] File [C:/Users/Blizz/Documents/Unreal Projects/TimeLoopers/Saved/Config/Windows/Scalability.ini]
[2021.12.21-03.41.41:932][  0]LogConfig: Setting CVar [[r.Streaming.MipBias:0]]
[2021.12.21-03.41.41:932][  0]LogConfig: Setting CVar [[r.Streaming.AmortizeCPUToGPUCopy:0]]
[2021.12.21-03.41.41:932][  0]LogConfig: Setting CVar [[r.Streaming.MaxNumTexturesToStreamPerFrame:0]]
[2021.12.21-03.41.41:932][  0]LogConfig: Setting CVar [[r.Streaming.Boost:1]]
[2021.12.21-03.41.41:932][  0]LogConfig: Setting CVar [[r.MaxAnisotropy:8]]
[2021.12.21-03.41.41:932][  0]LogConfig: Setting CVar [[r.VT.MaxAnisotropy:8]]
[2021.12.21-03.41.41:933][  0]LogConfig: Setting CVar [[r.Streaming.LimitPoolSizeToVRAM:0]]
[2021.12.21-03.41.41:933][  0]LogConfig: Setting CVar [[r.Streaming.PoolSize:1000]]
[2021.12.21-03.41.41:933][  0]LogConfig: Setting CVar [[r.Streaming.MaxEffectiveScreenSize:0]]
[2021.12.21-03.41.41:933][  0]LogConfig: Applying CVar settings from Section [EffectsQuality@3] File [C:/Users/Blizz/Documents/Unreal Projects/TimeLoopers/Saved/Config/Windows/Scalability.ini]
[2021.12.21-03.41.41:933][  0]LogConfig: Setting CVar [[r.TranslucencyLightingVolumeDim:64]]
[2021.12.21-03.41.41:934][  0]LogConfig: Setting CVar [[r.RefractionQuality:2]]
[2021.12.21-03.41.41:934][  0]LogConfig: Setting CVar [[r.SSR.Quality:3]]
[2021.12.21-03.41.41:934][  0]LogConfig: Setting CVar [[r.SSR.HalfResSceneColor:0]]
[2021.12.21-03.41.41:934][  0]LogConfig: Setting CVar [[r.SceneColorFormat:4]]
[2021.12.21-03.41.41:935][  0]LogConfig: Setting CVar [[r.DetailMode:2]]
[2021.12.21-03.41.41:935][  0]LogConfig: Setting CVar [[r.TranslucencyVolumeBlur:1]]
[2021.12.21-03.41.41:935][  0]LogConfig: Setting CVar [[r.MaterialQualityLevel:1 ; High quality]]
[2021.12.21-03.41.41:935][  0]LogConfig: Setting CVar [[r.AnisotropicMaterials:1]]
[2021.12.21-03.41.41:935][  0]LogConfig: Setting CVar [[r.SSS.Scale:1]]
[2021.12.21-03.41.41:935][  0]LogConfig: Setting CVar [[r.SSS.SampleSet:2]]
[2021.12.21-03.41.41:936][  0]LogConfig: Setting CVar [[r.SSS.Quality:1]]
[2021.12.21-03.41.41:936][  0]LogConfig: Setting CVar [[r.SSS.HalfRes:0]]
[2021.12.21-03.41.41:936][  0]LogConfig: Setting CVar [[r.SSGI.Quality:3]]
[2021.12.21-03.41.41:936][  0]LogConfig: Setting CVar [[r.EmitterSpawnRateScale:1.0]]
[2021.12.21-03.41.41:936][  0]LogConfig: Setting CVar [[r.ParticleLightQuality:2]]
[2021.12.21-03.41.41:937][  0]LogConfig: Setting CVar [[r.SkyAtmosphere.AerialPerspectiveLUT.FastApplyOnOpaque:1 ; Always have FastSkyLUT 1 in this case to avoid wrong sky]]
[2021.12.21-03.41.41:937][  0]LogConfig: Setting CVar [[r.SkyAtmosphere.AerialPerspectiveLUT.SampleCountMaxPerSlice:4]]
[2021.12.21-03.41.41:937][  0]LogConfig: Setting CVar [[r.SkyAtmosphere.AerialPerspectiveLUT.DepthResolution:16.0]]
[2021.12.21-03.41.41:937][  0]LogConfig: Setting CVar [[r.SkyAtmosphere.FastSkyLUT:1]]
[2021.12.21-03.41.41:937][  0]LogConfig: Setting CVar [[r.SkyAtmosphere.FastSkyLUT.SampleCountMin:4.0]]
[2021.12.21-03.41.41:938][  0]LogConfig: Setting CVar [[r.SkyAtmosphere.FastSkyLUT.SampleCountMax:128.0]]
[2021.12.21-03.41.41:938][  0]LogConfig: Setting CVar [[r.SkyAtmosphere.SampleCountMin:4.0]]
[2021.12.21-03.41.41:938][  0]LogConfig: Setting CVar [[r.SkyAtmosphere.SampleCountMax:128.0]]
[2021.12.21-03.41.41:938][  0]LogConfig: Setting CVar [[r.SkyAtmosphere.TransmittanceLUT.UseSmallFormat:0]]
[2021.12.21-03.41.41:938][  0]LogConfig: Setting CVar [[r.SkyAtmosphere.TransmittanceLUT.SampleCount:10.0]]
[2021.12.21-03.41.41:939][  0]LogConfig: Setting CVar [[r.SkyAtmosphere.MultiScatteringLUT.SampleCount:15.0]]
[2021.12.21-03.41.41:939][  0]LogConfig: Setting CVar [[r.SkyLight.RealTimeReflectionCapture:1]]
[2021.12.21-03.41.41:939][  0]LogConfig: Applying CVar settings from Section [FoliageQuality@3] File [C:/Users/Blizz/Documents/Unreal Projects/TimeLoopers/Saved/Config/Windows/Scalability.ini]
[2021.12.21-03.41.41:939][  0]LogConfig: Setting CVar [[foliage.DensityScale:1.0]]
[2021.12.21-03.41.41:939][  0]LogConfig: Setting CVar [[grass.DensityScale:1.0]]
[2021.12.21-03.41.41:940][  0]LogConfig: Applying CVar settings from Section [ShadingQuality@3] File [C:/Users/Blizz/Documents/Unreal Projects/TimeLoopers/Saved/Config/Windows/Scalability.ini]
[2021.12.21-03.41.41:940][  0]LogConfig: Setting CVar [[r.HairStrands.SkyLighting.IntegrationType:2]]
[2021.12.21-03.41.41:940][  0]LogConfig: Setting CVar [[r.HairStrands.SkyAO.SampleCount:4]]
[2021.12.21-03.41.41:940][  0]LogConfig: Setting CVar [[r.HairStrands.Visibility.MSAA.SamplePerPixel:4]]
[2021.12.21-03.41.41:940][  0]LogConfig: Applying CVar settings from Section [Startup] File [../../../Engine/Config/ConsoleVariables.ini]
[2021.12.21-03.41.41:941][  0]LogConfig: Setting CVar [[net.UseAdaptiveNetUpdateFrequency:0]]
[2021.12.21-03.41.41:941][  0]LogConfig: Setting CVar [[p.chaos.AllowCreatePhysxBodies:1]]
[2021.12.21-03.41.41:941][  0]LogConfig: Setting CVar [[fx.SkipVectorVMBackendOptimizations:1]]
[2021.12.21-03.41.41:941][  0]LogConfig: Applying CVar settings from Section [ConsoleVariables] File [C:/Users/Blizz/Documents/Unreal Projects/TimeLoopers/Saved/Config/Windows/Engine.ini]
[2021.12.21-03.41.41:942][  0]LogConfig: Applying CVar settings from Section [ConsoleVariables] File [C:/Users/Blizz/Documents/Unreal Projects/TimeLoopers/Saved/Config/Windows/Editor.ini]
[2021.12.21-03.41.41:942][  0]LogInit: Computer: AURORA-LAPTOP
[2021.12.21-03.41.41:942][  0]LogInit: User: Blizz
[2021.12.21-03.41.41:942][  0]LogInit: CPU Page size=4096, Cores=6
[2021.12.21-03.41.41:943][  0]LogInit: High frequency timer resolution =10.000000 MHz
[2021.12.21-03.41.41:943][  0]LogMemory: Memory total: Physical=15.8GB (16GB approx)
[2021.12.21-03.41.41:943][  0]LogMemory: Platform Memory Stats for Windows
[2021.12.21-03.41.41:943][  0]LogMemory: Process Physical Memory: 137.22 MB used, 137.22 MB peak
[2021.12.21-03.41.41:943][  0]LogMemory: Process Virtual Memory: 135.77 MB used, 135.77 MB peak
[2021.12.21-03.41.41:944][  0]LogMemory: Physical Memory: 9821.91 MB used,  6401.00 MB free, 16222.91 MB total
[2021.12.21-03.41.41:945][  0]LogMemory: Virtual Memory: 134213096.00 MB used,  4628.36 MB free, 134217728.00 MB total
[2021.12.21-03.41.41:947][  0]LogWindows: WindowsPlatformFeatures disabled or dedicated server build
[2021.12.21-03.41.41:970][  0]LogInit: Physics initialised using underlying interface: PhysX
[2021.12.21-03.41.41:971][  0]LogInit: Using OS detected language (en-GB).
[2021.12.21-03.41.41:971][  0]LogInit: Using OS detected locale (en-GB).
[2021.12.21-03.41.41:976][  0]LogTextLocalizationManager: No specific localization for 'en-GB' exists, so the 'en' localization will be used.
[2021.12.21-03.41.42:395][  0]LogTargetPlatformManager: Display: Loaded TargetPlatform 'WindowsNoEditor'
[2021.12.21-03.41.42:397][  0]LogTargetPlatformManager: Display: Loaded TargetPlatform 'Windows'
[2021.12.21-03.41.42:400][  0]LogTargetPlatformManager: Display: Loaded TargetPlatform 'WindowsClient'
[2021.12.21-03.41.42:402][  0]LogTargetPlatformManager: Display: Loaded TargetPlatform 'WindowsServer'
[2021.12.21-03.41.42:402][  0]LogTargetPlatformManager: Display: Building Assets For Windows
[2021.12.21-03.41.42:405][  0]LogAudioDebug: Display: Lib vorbis DLL was dynamically loaded.
[2021.12.21-03.41.42:418][  0]LogTextureFormatOodle: Display: Oodle Texture 2.9.0 init RDO Off
[2021.12.21-03.41.42:434][  0]LogRendererCore: Ray tracing is disabled. Reason: r.RayTracing=0.
[2021.12.21-03.41.42:434][  0]LogShaderCompilers: Guid format shader working directory is -22 characters bigger than the processId version (../../../../../../Users/Blizz/Documents/Unreal Projects/TimeLoopers/Intermediate/Shaders/WorkingDirectory/33680/).
[2021.12.21-03.41.42:434][  0]LogShaderCompilers: Cleaned the shader compiler working directory 'C:/Users/Blizz/AppData/Local/Temp/UnrealShaderWorkingDir/888AC82547483F43FA286196D4FAE491/'.
[2021.12.21-03.41.42:435][  0]LogXGEController: Cannot use XGE Controller as Incredibuild is not installed on this machine.
[2021.12.21-03.41.42:435][  0]LogShaderCompilers: Cannot use XGE Shader Compiler as Incredibuild is not installed on this machine.
[2021.12.21-03.41.42:435][  0]LogShaderCompilers: Display: Using Local Shader Compiler.
[2021.12.21-03.41.42:976][  0]LogDerivedDataCache: Display: Max Cache Size: 512 MB
[2021.12.21-03.41.43:054][  0]LogDerivedDataCache: Loaded boot cache 0.08s 94MB C:/Users/Blizz/AppData/Local/UnrealEngine/4.27/DerivedDataCache/Boot.ddc.
[2021.12.21-03.41.43:055][  0]LogDerivedDataCache: Display: Loaded Boot cache: C:/Users/Blizz/AppData/Local/UnrealEngine/4.27/DerivedDataCache/Boot.ddc
[2021.12.21-03.41.43:057][  0]LogDerivedDataCache: FDerivedDataBackendGraph:  Pak pak cache file ../../../../../../Users/Blizz/Documents/Unreal Projects/TimeLoopers/DerivedDataCache/DDC.ddp not found, will not use a pak cache.
[2021.12.21-03.41.43:057][  0]LogDerivedDataCache: Unable to find inner node Pak for hierarchical cache Hierarchy.
[2021.12.21-03.41.43:057][  0]LogDerivedDataCache: FDerivedDataBackendGraph:  CompressedPak pak cache file ../../../../../../Users/Blizz/Documents/Unreal Projects/TimeLoopers/DerivedDataCache/Compressed.ddp not found, will not use a pak cache.
[2021.12.21-03.41.43:057][  0]LogDerivedDataCache: Unable to find inner node CompressedPak for hierarchical cache Hierarchy.
[2021.12.21-03.41.43:076][  0]LogDerivedDataCache: Display: Pak cache opened for reading ../../../Engine/DerivedDataCache/Compressed.ddp.
[2021.12.21-03.41.43:076][  0]LogDerivedDataCache: FDerivedDataBackendGraph:  EnterprisePak pak cache file ../../../Enterprise/DerivedDataCache/Compressed.ddp not found, will not use a pak cache.
[2021.12.21-03.41.43:077][  0]LogDerivedDataCache: Unable to find inner node EnterprisePak for hierarchical cache Hierarchy.
[2021.12.21-03.41.43:086][  0]LogDerivedDataCache: Speed tests for C:/Users/Blizz/AppData/Local/UnrealEngine/Common/DerivedDataCache took 0.01 seconds
[2021.12.21-03.41.43:086][  0]LogDerivedDataCache: Display: Performance to C:/Users/Blizz/AppData/Local/UnrealEngine/Common/DerivedDataCache: Latency=0.04ms. RandomReadSpeed=723.89MBs, RandomWriteSpeed=134.05MBs. Assigned SpeedClass 'Local'
[2021.12.21-03.41.43:087][  0]LogDerivedDataCache: Using Local data cache path C:/Users/Blizz/AppData/Local/UnrealEngine/Common/DerivedDataCache: Writable
[2021.12.21-03.41.43:087][  0]LogDerivedDataCache: Shared data cache path not found in *engine.ini, will not use an Shared cache.
[2021.12.21-03.41.43:087][  0]LogDerivedDataCache: Unable to find inner node Shared for hierarchical cache Hierarchy.
[2021.12.21-03.41.43:092][  0]LogInit: Using OS detected language (en-GB).
[2021.12.21-03.41.43:092][  0]LogInit: Using OS detected locale (en-GB).
[2021.12.21-03.41.43:092][  0]LogTextLocalizationManager: No localization for 'en-GB' exists, so 'en' will be used for the language.
[2021.12.21-03.41.43:093][  0]LogTextLocalizationManager: No localization for 'en-GB' exists, so 'en' will be used for the locale.
[2021.12.21-03.41.43:097][  0]LogTextLocalizationManager: Compacting localization data took   0.00ms
[2021.12.21-03.41.43:097][  0]LogAssetRegistry: FAssetRegistry took 0.0026 seconds to start up
[2021.12.21-03.41.43:266][  0]LogPackageLocalizationCache: Processed 28 localized package path(s) for 1 prioritized culture(s) in 0.001201 seconds
[2021.12.21-03.41.43:361][  0]LogInit: Selected Device Profile: [Windows]
[2021.12.21-03.41.43:361][  0]LogInit: Active device profile: [0000021910F84500][000002190F82F1C0 49] Windows
[2021.12.21-03.41.43:362][  0]LogInit: Profiles: [0000021910F84500][000002190F82F1C0 49] Windows, [0000021910F47600][000002190F83D480 49] WindowsNoEditor, [0000021910F87100][000002190F841740 49] WindowsServer, [0000021910F45B00][000002190F845A00 49] WindowsClient, [0000021910F2FF00][000002191006C140 49] IOS, [0000021910F84300][000002190F8323C0 49] iPadAir, [0000021910F44200][0000021910070640 49] iPadAir2, [0000021910EF4200][000002191008EB80 49] IPadPro, [0000021910EF4300][0000021910078BC0 49] iPadAir3, [0000021910F2D600][0000021910086E80 49] iPadAir4, [0000021910EF6E00][0000021910083140 49] iPadMini2, [0000021910F46900][000002191008B400 49] iPadMini3, [0000021910EF7A00][00000219100996C0 49] iPadMini4, [0000021910F46000][000002191009D980 49] iPadMini5, [0000021910F27A00][00000219100B0340 49] iPhone6, [0000021910F27B00][00000219100A0380 49] iPodTouch6, [0000021910EF6C00][00000219100B4840 49] iPhone7, [0000021910EF6D00][0000021910074880 49] iPodTouch7, [0000021910F24400][00000219100ACB40 49] iPhone5S, [0000021910EF6A00][00000219100A4E00 49] iPhone6Plus, [0000021910F25200][00000219100B90C0 49] iPhone6S, [0000021910EF7700][00000219100BD380 49] iPhone6SPlus, [0000021910F26500][00000219100C1640 49] iPhone7Plus, [0000021910EF5300][00000219100C5900 49] iPhoneSE, [0000021910F27600][00000219100C9BC0 49] iPhone8, [0000021910EF6800][00000219100CC300 49] iPhone8Plus, [0000021910F24800][00000219100D05C0 49] iPhoneX, [0000021910EF7200][00000219100A8840 49] iPhoneXS, [0000021910F26A00][00000219100D8B00 49] iPhoneXSMax, [0000021910EF5A00][00000219100DCDC0 49] iPhoneXR, [0000021910F24D00][00000219100E1080 49] iPhone11, [0000021910EF7B00][00000219100E5340 49] iPhone11Pro, [0000021910F24300][00000219100E9600 49] iPhone11ProMax, [0000021910EF4C00][00000219100ED8C0 49] iPhoneSE2, [0000021910F26200][00000219100F1B80 49] iPhone12Mini, [0000021910EF5C00][00000219100F42C0 49] iPhone12, [0000021910F27400][00000219100F8580 49] iPhone12Pro, [0000021910EF4100][00000219100D4800 49] iPhone12ProMax, [0000021910F26900][00000219100FCA80 49] iPadPro105, [0000021910EF7900][0000021910104D40 49] iPadPro129, [0000021910F26E00][0000021910109000 49] iPadPro97, [0000021910EF5500][000002191010D2C0 49] iPadPro2_129, [0000021910F27500][0000021910111580 49] iPad5, [0000021910EF6600][0000021910115840 49] iPad6, [0000021910F25E00][0000021910119B00 49] iPad7, [0000021910EF7600][000002191011C240 49] iPad8, [0000021910F27900][0000021910120500 49] iPadPro11, [0000021910EF5600][00000219101247C0 49] iPadPro2_11, [0000021910F27700][0000021910100A40 49] iPadPro3_129, [0000021910EF6300][0000021910128CC0 49] iPadPro4_129, [0000021910F24200][0000021910130F80 49] AppleTV, [0000021910EF6F00][0000021910135240 49] AppleTV4K, [0000021910F25300][0000021910139500 49] TVOS, [0000021910EF6700][000002191013D7C0 49] Mac, [0000021910F27000][0000021910141A80 49] MacClient, [0000021910EF4D00][00000219101441C0 49] MacNoEditor, [0000021910F26B00][0000021910148480 49] MacServer, [0000021910EF7500][000002191014C740 49] Linux, [0000021910F26800][0000021910150A00 49] LinuxAArch64, [0000021910EF4800][000002191012CC80 49] LinuxNoEditor, [0000021910F25A00][0000021910154F00 49] LinuxAArch64NoEditor, [0000021910EF5100][000002191015D1C0 49] LinuxClient, [0000021910F25100][0000021910161480 49] LinuxAArch64Client, [0000021910EF7300][0000021910165740 49] LinuxServer, [0000021910F27300][0000021910169A00 49] LinuxAArch64Server, [0000021910F86500][000002191016C140 49] Android, [0000021910F2D400][0000021910170400 49] Android_Low, [0000021910F84700][00000219101746C0 49] Android_Mid, [0000021910F2C500][0000021910178980 49] Android_High, [0000021910F85700][000002191017CC40 49] Android_Default, [0000021910F2D700][0000021910158EC0 49] Android_Adreno4xx, [0000021910F87A00][0000021910181140 49] Android_Adreno5xx_Low, [0000021910F2EB00][0000021910189400 49] Android_Adreno5xx, [0000021910F84B00][000002191018D6C0 49] Android_Adreno6xx, [0000021910F2E200][0000021910191980 49] Android_Adreno6xx_Vulkan, [0000021910F86C00][00000219101940C0 49] Android_Mali_T6xx, [0000021910F2DF00][0000021910198380 49] Android_Mali_T7xx, [0000021910F87C00][000002191019C640 49] Android_Mali_T8xx, [0000021910F2E000][00000219101A0900 49] Android_Mali_G71, [0000021910F87000][00000219101A4BC0 49] Android_Mali_G72, [0000021910F2D000][00000219101A8E80 49] Android_Mali_G72_Vulkan, [0000021910F85100][0000021910185100 49] Android_Mali_G76, [0000021910F2FD00][00000219101AD380 49] Android_Mali_G76_Vulkan, [0000021910F87500][00000219101B5640 49] Android_Mali_G77, [0000021910F2E300][00000219101B9900 49] Android_Mali_G77_Vulkan, [0000021910F85800][00000219101BDBC0 49] Android_Mali_G78, [0000021910F2C200][000002190F9B0300 49] Android_Mali_G78_Vulkan, [0000021910F85900][000002190F9B45C0 49] Android_Mali_G710, [0000021910F24500][000002190F9B8880 49] Android_Mali_G710_Vulkan, [0000021910F84100][000002190F9BCB40 49] Android_Vulkan_SM5, [0000021910F26100][000002190F9C0E00 49] Android_PowerVR_G6xxx, [0000021910F85C00][000002190F9C50C0 49] Android_PowerVR_GT7xxx, [0000021910F27200][00000219101B1340 49] Android_PowerVR_GE8xxx, [0000021910F85000][000002190F9C95C0 49] Android_PowerVR_GM9xxx, [0000021910F25000][000002190F9D1880 49] Android_PowerVR_GM9xxx_Vulkan, [0000021910F84C00][000002190F9D5B40 49] Android_TegraK1, [0000021910F27F00][000002190F9D8280 49] Android_Unknown_Vulkan, [0000021910F87F00][000002190F9DC540 49] Lumin, [0000021910F25400][000002190F9E0800 49] Lumin_Desktop, [0000021910F87D00][000002190F9E4AC0 49] HoloLens, 
[2021.12.21-03.41.43:409][  0]LogMeshReduction: Using QuadricMeshReduction for automatic static mesh reduction
[2021.12.21-03.41.43:409][  0]LogMeshReduction: Using SimplygonMeshReduction for automatic skeletal mesh reduction
[2021.12.21-03.41.43:409][  0]LogMeshReduction: Using ProxyLODMeshReduction for automatic mesh merging
[2021.12.21-03.41.43:409][  0]LogMeshReduction: No distributed automatic mesh merging module available
[2021.12.21-03.41.43:410][  0]LogMeshMerging: No distributed automatic mesh merging module available
[2021.12.21-03.41.43:424][  0]LogNetVersion: TimeLoopers 1.0.0, NetCL: 17155196, EngineNetVer: 17, GameNetVer: 0 (Checksum: 2267556253)
[2021.12.21-03.41.43:525][  0]LogTexture: Default maximum texture size for cubemaps generated from long-lat sources has been changed from 512 to unlimited. In order to preserve old behaiour for '/Engine/MapTemplates/Sky/DaylightAmbientCubemap.DaylightAmbientCubemap', its maximum texture size has been explicitly set to 512.
[2021.12.21-03.41.43:542][  0]LogHMD: PokeAHoleMaterial loaded successfully
[2021.12.21-03.41.43:729][  0]LogPython: Using Python 3.7.7
[2021.12.21-03.41.44:180][  0]LogNiagaraDebuggerClient: Niagara Debugger Client Initialized | Session: B342C5AA49953E58F1AE5CAF9A5EE956 | Instance: 436C7D6C4979DECADBA161956D7405C1 (AURORA-LAPTOP-33680).
[2021.12.21-03.41.44:195][  0]LogCollectionManager: Loaded 0 collections in 0.002350 seconds
[2021.12.21-03.41.44:198][  0]LogFileCache: Scanning file cache for directory 'C:/Users/Blizz/Documents/Unreal Projects/TimeLoopers/Saved/Collections/' took 0.00s
[2021.12.21-03.41.44:199][  0]LogFileCache: Scanning file cache for directory 'C:/Users/Blizz/Documents/Unreal Projects/TimeLoopers/Content/Developers/Blizz/Collections/' took 0.00s
[2021.12.21-03.41.44:199][  0]LogFileCache: Scanning file cache for directory 'C:/Users/Blizz/Documents/Unreal Projects/TimeLoopers/Content/Collections/' took 0.00s
[2021.12.21-03.41.44:199][  0]LogCollectionManager: Fixed up redirectors for 0 collections in 0.000001 seconds (updated 0 objects)
[2021.12.21-03.41.44:303][  0]LogTcpMessaging: Initializing TcpMessaging bridge
[2021.12.21-03.41.44:306][  0]LogUdpMessaging: Initializing bridge on interface 0.0.0.0:0 to multicast group 230.0.0.1:6666.
[2021.12.21-03.41.44:423][  0]SourceControl: Source control is disabled
[2021.12.21-03.41.44:424][  0]SourceControl: Source control is disabled
[2021.12.21-03.41.44:427][  0]SourceControl: Source control is disabled
[2021.12.21-03.41.44:435][  0]LogUProjectInfo: Found projects:
[2021.12.21-03.41.44:534][  0]LogOpenImageDenoise: OIDN starting up
[2021.12.21-03.41.44:569][  0]Surfaces: Warning: Surfaces module has been loaded
[2021.12.21-03.41.44:606][  0]LogAndroidPermission: UAndroidPermissionCallbackProxy::GetInstance
[2021.12.21-03.41.44:632][  0]LogAudioCaptureCore: Display: No Audio Capture implementations found. Audio input will be silent.
[2021.12.21-03.41.44:632][  0]LogAudioCaptureCore: Display: No Audio Capture implementations found. Audio input will be silent.
[2021.12.21-03.41.44:709][  0]LogOcInput: OculusInput pre-init called
[2021.12.21-03.41.44:719][  0]LogUObjectArray: 22093 objects as part of root set at end of initial load.
[2021.12.21-03.41.44:719][  0]LogUObjectAllocator: 6004512 out of 0 bytes used by permanent object pool.
[2021.12.21-03.41.44:720][  0]LogUObjectArray: CloseDisregardForGC: 0/0 objects in disregard for GC pool
[2021.12.21-03.41.44:760][  0]LogClass: Display: StructProperty FLPSPDirectionVectors::Horizontal is not initialized properly. Module:LowPolyShooterPack File:Public/LPSPDirectionVectors.h
[2021.12.21-03.41.44:760][  0]LogClass: Display: StructProperty FLPSPDirectionVectors::Vertical is not initialized properly. Module:LowPolyShooterPack File:Public/LPSPDirectionVectors.h
[2021.12.21-03.41.44:761][  0]LogClass: Warning: ObjectProperty FSUDecal::Material is not initialized properly. Module:Surfaces File:Public/SUDecal.h
[2021.12.21-03.41.44:762][  0]LogClass: Display: FloatProperty FSUDecal::FadeScreenSize is not initialized properly. Module:Surfaces File:Public/SUDecal.h
[2021.12.21-03.41.44:762][  0]LogClass: Display: FloatProperty FSUFade::MinDelay is not initialized properly. Module:Surfaces File:Public/SUFade.h
[2021.12.21-03.41.44:762][  0]LogClass: Display: FloatProperty FSUFade::MaxDelay is not initialized properly. Module:Surfaces File:Public/SUFade.h
[2021.12.21-03.41.44:763][  0]LogClass: Display: FloatProperty FSUFade::MinDuration is not initialized properly. Module:Surfaces File:Public/SUFade.h
[2021.12.21-03.41.44:763][  0]LogClass: Display: FloatProperty FSUFade::MaxDuration is not initialized properly. Module:Surfaces File:Public/SUFade.h
[2021.12.21-03.41.44:763][  0]LogClass: Display: StructProperty FSUSettings::Offset is not initialized properly. Module:Surfaces File:Public/SUSettings.h
[2021.12.21-03.41.44:763][  0]LogClass: Display: FloatProperty FSUSettings::MinScale is not initialized properly. Module:Surfaces File:Public/SUSettings.h
[2021.12.21-03.41.44:764][  0]LogClass: Display: FloatProperty FSUSettings::MaxScale is not initialized properly. Module:Surfaces File:Public/SUSettings.h
[2021.12.21-03.41.44:764][  0]LogClass: Warning: ObjectProperty FSUDetails::Sound is not initialized properly. Module:Surfaces File:Public/SUDetails.h
[2021.12.21-03.41.44:764][  0]LogClass: Warning: ObjectProperty FSUParticle::Template is not initialized properly. Module:Surfaces File:Public/SUParticle.h
[2021.12.21-03.41.44:765][  0]LogClass: Display: 13 Uninitialized script struct members found including 3 object properties
[2021.12.21-03.41.44:765][  0]LogAutomationTest: Warning: ObjectProperty FSUDecal::Material is not initialized properly. Module:Surfaces File:Public/SUDecal.h
[2021.12.21-03.41.44:766][  0]LogAutomationTest: Warning: ObjectProperty FSUDetails::Sound is not initialized properly. Module:Surfaces File:Public/SUDetails.h
[2021.12.21-03.41.44:766][  0]LogAutomationTest: Warning: ObjectProperty FSUParticle::Template is not initialized properly. Module:Surfaces File:Public/SUParticle.h
[2021.12.21-03.41.44:766][  0]LogEngine: Initializing Engine...
[2021.12.21-03.41.44:768][  0]LogStats: UGameplayTagsManager::InitializeManager -  0.000 s
[2021.12.21-03.41.44:786][  0]LogInit: Initializing FReadOnlyCVARCache
[2021.12.21-03.41.44:786][  0]LogNetVersion: Set ProjectVersion to 1.0.0.0. Version Checksum will be recalculated on next use.
[2021.12.21-03.41.44:790][  0]LogInit: Texture streaming: Disabled
[2021.12.21-03.41.44:833][  0]LogInit: Display: Game Engine Initialized.
[2021.12.21-03.41.44:833][  0]LogNiagaraEditor: GEditor isn't valid! Particle reset commands will not work for Niagara components!
[2021.12.21-03.41.44:898][  0]LogInit: Display: Starting Game.
[2021.12.21-03.41.44:899][  0]LogNet: Browse: /Game/FirstPersonBP/Maps/FirstPersonExampleMap?Name=Player
[2021.12.21-03.41.44:900][  0]LogLoad: LoadMap: /Game/FirstPersonBP/Maps/FirstPersonExampleMap?Name=Player
[2021.12.21-03.41.44:900][  0]LogWorld: BeginTearingDown for /Temp/Untitled_0
[2021.12.21-03.41.44:904][  0]LogWorld: UWorld::CleanupWorld for Untitled, bSessionEnded=true, bCleanupResources=true
[2021.12.21-03.41.44:915][  0]LogUObjectHash: Compacting FUObjectHashTables data took   0.84ms
[2021.12.21-03.41.45:142][  0]LogAIModule: Creating AISystem for world FirstPersonExampleMap
[2021.12.21-03.41.45:142][  0]LogLoad: Game class is 'FirstPersonGameMode_C'
[2021.12.21-03.41.45:143][  0]LogNet: ReplicationDriverClass is null! Not using ReplicationDriver.
[2021.12.21-03.41.45:144][  0]LogNetCore: DDoS detection status: detection enabled: 0 analytics enabled: 0
[2021.12.21-03.41.45:144][  0]LogInit: WinSock: Socket queue. Rx: 131072 (config 131072) Tx: 131072 (config 131072)
[2021.12.21-03.41.45:144][  0]LogNet: Created socket for bind address: 0.0.0.0 on port 17777
[2021.12.21-03.41.45:144][  0]PacketHandlerLog: Loaded PacketHandler component: Engine.EngineHandlerComponentFactory (StatelessConnectHandlerComponent)
[2021.12.21-03.41.45:144][  0]LogNet: GameNetDriver IpNetDriver_0 IpNetDriver listening on port 17777
[2021.12.21-03.41.45:146][  0]LogWorld: Bringing World /Game/FirstPersonBP/Maps/FirstPersonExampleMap.FirstPersonExampleMap up for play (max tick rate 30) at 2021.12.21-03.41.45
[2021.12.21-03.41.45:146][  0]LogWorld: Bringing up level for play took: 0.001544
[2021.12.21-03.41.45:147][  0]LogLoad: Took 0.246482 seconds to LoadMap(/Game/FirstPersonBP/Maps/FirstPersonExampleMap)
[2021.12.21-03.41.45:160][  0]LogInit: Display: Engine is initialized. Leaving FEngineLoop::Init()
[2021.12.21-03.41.45:160][  0]LogLoad: (Engine Initialization) Total time: 5.84 seconds
[2021.12.21-03.41.45:161][  0]LogLoad: (Engine Initialization) Total Blueprint compile time: 0.00 seconds
[2021.12.21-03.41.46:857][ 50]LogNet: NotifyAcceptingConnection accepted from: 127.0.0.1:64533
[2021.12.21-03.41.46:857][ 50]LogHandshake: SendConnectChallenge. Timestamp: 1.696041, Cookie: 148137050029013047021107245249139023248138086000167051002107
[2021.12.21-03.41.46:890][ 51]LogNet: NotifyAcceptingConnection accepted from: 127.0.0.1:64533
[2021.12.21-03.41.46:890][ 51]LogHandshake: SendChallengeAck. InCookie: 148137050029013047021107245249139023248138086000167051002107
[2021.12.21-03.41.46:890][ 51]LogNet: Server accepting post-challenge connection from: 127.0.0.1:64533
[2021.12.21-03.41.46:891][ 51]PacketHandlerLog: Loaded PacketHandler component: Engine.EngineHandlerComponentFactory (StatelessConnectHandlerComponent)
[2021.12.21-03.41.46:891][ 51]LogNet: NotifyAcceptedConnection: Name: FirstPersonExampleMap, TimeStamp: 12/21/21 03:41:46, [UNetConnection] RemoteAddr: 127.0.0.1:64533, Name: IpConnection_0, Driver: GameNetDriver IpNetDriver_0, IsServer: YES, PC: NULL, Owner: NULL, UniqueId: INVALID
[2021.12.21-03.41.46:891][ 51]LogNet: AddClientConnection: Added client connection: [UNetConnection] RemoteAddr: 127.0.0.1:64533, Name: IpConnection_0, Driver: GameNetDriver IpNetDriver_0, IsServer: YES, PC: NULL, Owner: NULL, UniqueId: INVALID
[2021.12.21-03.41.46:892][ 51]LogNet: NotifyAcceptingChannel Control 0 server World /Game/FirstPersonBP/Maps/FirstPersonExampleMap.FirstPersonExampleMap: Accepted
[2021.12.21-03.41.46:892][ 51]LogNet: Remote platform little endian=1
[2021.12.21-03.41.46:892][ 51]LogNet: This platform little endian=1
[2021.12.21-03.41.46:893][ 51]LogNetVersion: TimeLoopers 1.0.0.0, NetCL: 17155196, EngineNetVer: 17, GameNetVer: 0 (Checksum: 560789654)
[2021.12.21-03.41.46:923][ 52]LogNet: Login request: ?Name=Aurora-Laptop-71F1F5E34FCEB214CA52719BC1E1E462 userId: NULL:Aurora-Laptop-71F1F5E34FCEB214CA52719BC1E1E462 platform: NULL
[2021.12.21-03.41.46:956][ 53]LogNet: NotifyAcceptingConnection accepted from: 127.0.0.1:64534
[2021.12.21-03.41.46:956][ 53]LogHandshake: SendConnectChallenge. Timestamp: 1.794783, Cookie: 182135072133243253049128094116255237171125058050052129253046
[2021.12.21-03.41.46:989][ 54]LogNet: NotifyAcceptingConnection accepted from: 127.0.0.1:64534
[2021.12.21-03.41.46:989][ 54]LogHandshake: SendChallengeAck. InCookie: 182135072133243253049128094116255237171125058050052129253046
[2021.12.21-03.41.46:990][ 54]LogNet: Server accepting post-challenge connection from: 127.0.0.1:64534
[2021.12.21-03.41.46:990][ 54]PacketHandlerLog: Loaded PacketHandler component: Engine.EngineHandlerComponentFactory (StatelessConnectHandlerComponent)
[2021.12.21-03.41.46:990][ 54]LogNet: NotifyAcceptedConnection: Name: FirstPersonExampleMap, TimeStamp: 12/21/21 03:41:46, [UNetConnection] RemoteAddr: 127.0.0.1:64534, Name: IpConnection_1, Driver: GameNetDriver IpNetDriver_0, IsServer: YES, PC: NULL, Owner: NULL, UniqueId: INVALID
[2021.12.21-03.41.46:991][ 54]LogNet: AddClientConnection: Added client connection: [UNetConnection] RemoteAddr: 127.0.0.1:64534, Name: IpConnection_1, Driver: GameNetDriver IpNetDriver_0, IsServer: YES, PC: NULL, Owner: NULL, UniqueId: INVALID
[2021.12.21-03.41.46:991][ 54]LogNet: NotifyAcceptingChannel Control 0 server World /Game/FirstPersonBP/Maps/FirstPersonExampleMap.FirstPersonExampleMap: Accepted
[2021.12.21-03.41.46:991][ 54]LogNet: Remote platform little endian=1
[2021.12.21-03.41.46:992][ 54]LogNet: This platform little endian=1
[2021.12.21-03.41.47:021][ 55]LogNet: Login request: ?Name=Aurora-Laptop-1F64556043BB7E2DA8D2DEA1A4E9C1CF userId: NULL:Aurora-Laptop-1F64556043BB7E2DA8D2DEA1A4E9C1CF platform: NULL
[2021.12.21-03.41.47:188][ 60]LogNet: Client netspeed is 100000
[2021.12.21-03.41.47:188][ 60]LogNet: Join request: /Engine/Maps/Entry?Name=Aurora-Laptop-71F1F5E34FCEB214CA52719BC1E1E462?SplitscreenCount=1
[2021.12.21-03.41.47:189][ 60]LogOnlineSession: Warning: OSS: No game present to join for session (GameSession)
[2021.12.21-03.41.47:193][ 60]LogNet: Join succeeded: Aurora-Laptop-71F1F5
[2021.12.21-03.41.47:254][ 62]LogNet: Client netspeed is 100000
[2021.12.21-03.41.47:254][ 62]LogNet: Join request: /Engine/Maps/Entry?Name=Aurora-Laptop-1F64556043BB7E2DA8D2DEA1A4E9C1CF?SplitscreenCount=1
[2021.12.21-03.41.47:255][ 62]LogOnlineSession: Warning: OSS: No game present to join for session (GameSession)
[2021.12.21-03.41.47:258][ 62]LogNet: Join succeeded: Aurora-Laptop-1F6455
[2021.12.21-03.42.17:676][968]LogNet: UChannel::ReceivedSequencedBunch: Bunch.bClose == true. ChIndex == 0. Calling ConditionalCleanUp.
[2021.12.21-03.42.17:676][968]LogNet: UChannel::CleanUp: ChIndex == 0. Closing connection. [UChannel] ChIndex: 0, Closing: 0 [UNetConnection] RemoteAddr: 127.0.0.1:64533, Name: IpConnection_0, Driver: GameNetDriver IpNetDriver_0, IsServer: YES, PC: PlayerController_0, Owner: PlayerController_0, UniqueId: NULL:Aurora-Laptop-71F1F5E34FCEB214CA52719BC1E1E462
[2021.12.21-03.42.17:678][968]LogNet: UNetConnection::Close: [UNetConnection] RemoteAddr: 127.0.0.1:64533, Name: IpConnection_0, Driver: GameNetDriver IpNetDriver_0, IsServer: YES, PC: PlayerController_0, Owner: PlayerController_0, UniqueId: NULL:Aurora-Laptop-71F1F5E34FCEB214CA52719BC1E1E462, Channels: 11, Time: 2021.12.21-03.42.17
[2021.12.21-03.42.17:678][968]LogNet: UChannel::Close: Sending CloseBunch. ChIndex == 0. Name: [UChannel] ChIndex: 0, Closing: 0 [UNetConnection] RemoteAddr: 127.0.0.1:64533, Name: IpConnection_0, Driver: GameNetDriver IpNetDriver_0, IsServer: YES, PC: PlayerController_0, Owner: PlayerController_0, UniqueId: NULL:Aurora-Laptop-71F1F5E34FCEB214CA52719BC1E1E462
[2021.12.21-03.42.17:680][968]LogOnlineSession: Warning: OSS: No game present to leave for session (GameSession)
[2021.12.21-03.42.19:104][ 11]LogNet: UChannel::ReceivedSequencedBunch: Bunch.bClose == true. ChIndex == 0. Calling ConditionalCleanUp.
[2021.12.21-03.42.19:104][ 11]LogNet: UChannel::CleanUp: ChIndex == 0. Closing connection. [UChannel] ChIndex: 0, Closing: 0 [UNetConnection] RemoteAddr: 127.0.0.1:64534, Name: IpConnection_1, Driver: GameNetDriver IpNetDriver_0, IsServer: YES, PC: PlayerController_1, Owner: PlayerController_1, UniqueId: NULL:Aurora-Laptop-1F64556043BB7E2DA8D2DEA1A4E9C1CF
[2021.12.21-03.42.19:105][ 11]LogNet: UNetConnection::Close: [UNetConnection] RemoteAddr: 127.0.0.1:64534, Name: IpConnection_1, Driver: GameNetDriver IpNetDriver_0, IsServer: YES, PC: PlayerController_1, Owner: PlayerController_1, UniqueId: NULL:Aurora-Laptop-1F64556043BB7E2DA8D2DEA1A4E9C1CF, Channels: 9, Time: 2021.12.21-03.42.19
[2021.12.21-03.42.19:105][ 11]LogNet: UChannel::Close: Sending CloseBunch. ChIndex == 0. Name: [UChannel] ChIndex: 0, Closing: 0 [UNetConnection] RemoteAddr: 127.0.0.1:64534, Name: IpConnection_1, Driver: GameNetDriver IpNetDriver_0, IsServer: YES, PC: PlayerController_1, Owner: PlayerController_1, UniqueId: NULL:Aurora-Laptop-1F64556043BB7E2DA8D2DEA1A4E9C1CF
[2021.12.21-03.42.19:105][ 11]LogOnlineSession: Warning: OSS: No game present to leave for session (GameSession)
